2022-10-05 11:43:45.705; ImpedanceCheck; 0; 31; 500; 5.969; 20110420
2022-10-05 11:46:01.411; ImpedanceCheck; 0; 31; 500; 5.925; 20110420
2022-10-05 11:48:32.247; ImpedanceCheck; 0; 63; 500; 5.881; 20110420
2022-10-05 11:52:26.369; ImpedanceCheck; 0; 63; 500; 5.895; 20110420
2022-10-05 11:54:01.117; Monitoring; 0; 63; 500; 5.969; 20110420
2022-10-05 11:55:07.721; ImpedanceCheck; 0; 63; 500; 5.881; 20110420
2022-10-05 11:56:52.801; ImpedanceCheck; 0; 31; 500; 5.925; 20110420
2022-10-05 11:57:55.297; ImpedanceCheck; 0; 31; 500; 5.925; 20110420
2022-10-05 11:58:28.930; Monitoring; 0; 31; 500; 5.954; 20110420
2022-10-05 12:00:30.111; ImpedanceCheck; 0; 31; 500; 5.925; 20110420
2022-10-05 12:09:37.970; Monitoring; 0; 31; 500; 5.983; 20110420
2022-10-05 12:10:13.683; Monitoring; 0; 31; 500; 5.998; 20110420
2022-10-05 12:12:01.564; Monitoring; 0; 31; 500; 5.983; 20110420
2022-10-05 12:12:46.329; Monitoring; 0; 31; 500; 5.983; 20110420
2022-10-05 12:14:33.207; Monitoring; 0; 31; 500; 5.998; 20110420
2022-10-05 12:19:38.666; Monitoring; 0; 31; 500; 6.027; 20110420
2022-10-05 12:20:39.252; Monitoring; 0; 31; 500; 5.969; 20110420
2022-10-05 12:21:48.658; Monitoring; 0; 31; 500; 5.983; 20110420
2022-10-05 12:23:44.940; Monitoring; 0; 63; 1000; 5.998; 20110420
2022-10-05 12:24:45.461; Monitoring; 0; 63; 500; 5.998; 20110420
2022-10-05 12:29:08.401; ImpedanceCheck; 0; 63; 500; 5.881; 20110420
2022-10-05 12:29:48.186; ImpedanceCheck; 0; 63; 500; 5.881; 20110420
2022-10-05 12:30:53.089; ImpedanceCheck; 0; 63; 500; 5.866; 20110420
2022-10-05 12:32:30.193; ImpedanceCheck; 0; 63; 500; 5.881; 20110420
2022-10-05 12:33:34.650; ImpedanceCheck; 0; 63; 500; 5.866; 20110420
2022-10-05 12:34:39.434; ImpedanceCheck; 0; 63; 500; 5.866; 20110420
2022-10-05 12:35:44.318; ImpedanceCheck; 0; 63; 500; 5.866; 20110420
2022-10-12 11:24:28.117; ImpedanceCheck; 0; 31; 500; 5.939; 20110420
2022-10-12 11:25:30.756; ImpedanceCheck; 0; 31; 500; 5.881; 20110420
2022-10-12 11:26:33.219; ImpedanceCheck; 0; 31; 500; 5.881; 20110420
2022-10-12 11:29:59.002; ImpedanceCheck; 0; 31; 500; 5.881; 20110420
2022-10-12 11:31:59.760; ImpedanceCheck; 0; 31; 500; 5.881; 20110420
2022-10-12 11:33:12.648; Test signal; 0; 31; 500; 5.895; 20110420
2022-10-12 11:34:55.197; Test signal; 0; 31; 500; 5.910; 20110420
2022-10-12 11:52:36.258; ImpedanceCheck; 0; 32; 2500; 5.895; 20110420
2022-10-12 11:53:38.892; ImpedanceCheck; 0; 32; 2500; 5.852; 20110420
2022-10-12 11:54:39.545; Test signal; 0; 32; 2500; 5.881; 20110420
2022-10-12 11:56:43.253; ImpedanceCheck; 0; 32; 2500; 5.866; 20110420
2022-10-12 11:57:49.805; ImpedanceCheck; 0; 32; 2500; 5.852; 20110420
2022-10-12 11:59:23.540; ImpedanceCheck; 0; 31; 500; 5.837; 20110420
2022-10-12 12:00:26.032; ImpedanceCheck; 0; 31; 500; 5.822; 20110420
2022-10-12 12:01:26.692; Test signal; 0; 31; 500; 5.866; 20110420
2022-10-12 12:02:27.456; Saving Test signal; 0; 31; 500; 5.866; 20110420
2022-10-12 12:48:59.548; ImpedanceCheck; 0; 31; 500; 5.866; 20110420
2022-10-12 12:50:02.013; ImpedanceCheck; 0; 31; 500; 5.822; 20110420
2022-10-12 12:51:17.639; ImpedanceCheck; 0; 31; 500; 5.808; 20110420
2022-10-12 14:33:26.679; ImpedanceCheck; 0; 31; 500; 5.895; 20110420
2022-10-12 15:13:17.785; ImpedanceCheck; 0; 31; 500; 5.852; 20110420
2022-10-12 15:14:22.426; ImpedanceCheck; 0; 31; 500; 5.822; 20110420
2022-10-12 15:15:25.054; ImpedanceCheck; 0; 31; 500; 5.808; 20110420
2022-10-17 10:37:42.943; Monitoring; 0; 31; 500; 5.925; 17030773
2022-10-17 10:38:42.986; Monitoring; 0; 39; 500; 5.866; 17030773
2022-10-17 10:50:48.850; Monitoring; 0; 39; 500; 5.910; 17030773
2022-10-17 10:57:49.727; Monitoring; 0; 39; 500; 5.881; 17030773
2022-10-17 11:14:14.187; Monitoring; 0; 39; 500; 5.910; 17030773
2022-10-17 11:15:30.716; Test signal; 0; 39; 500; 5.852; 17030773
2022-10-17 11:16:31.163; Monitoring; 0; 39; 500; 5.808; 17030773
2022-10-17 13:21:00.348; Monitoring; 0; 39; 500; 5.881; 17030773
2022-10-17 13:22:00.460; Monitoring; 0; 63; 1000; 5.822; 17030773
2022-10-17 13:23:00.481; Monitoring; 0; 63; 1000; 5.778; 17030773
2022-10-17 13:24:01.232; Saving; 0; 63; 1000; 5.749; 17030773
2022-10-17 13:25:01.226; Saving; 0; 63; 1000; 5.734; 17030773
2022-10-17 13:26:01.896; Monitoring; 0; 63; 1000; 5.720; 17030773
2022-10-17 13:27:06.330; Monitoring; 0; 63; 1000; 5.734; 17030773
2022-10-17 13:29:00.289; Monitoring; 0; 63; 1000; 5.778; 17030773
2022-10-17 13:30:00.314; Saving; 0; 63; 1000; 5.705; 17030773
2022-10-17 13:31:08.348; Monitoring; 0; 8; 1000; 5.764; 17030773
2022-10-17 13:32:09.126; Saving; 0; 8; 1000; 5.705; 17030773
2022-10-17 13:33:09.847; Saving; 0; 8; 1000; 5.690; 17030773
2022-10-17 13:35:21.777; Monitoring; 0; 8; 1000; 5.764; 17030773
2022-10-17 13:36:38.210; Monitoring; 0; 8; 500; 5.793; 20110420
2022-10-17 13:37:38.635; Monitoring; 0; 8; 1000; 5.764; 17030773
2022-10-17 13:38:38.648; Saving; 1; 8; 1000; 5.690; 17030773
2022-10-17 15:56:37.381; ImpedanceCheck; 0; 63; 500; 5.588; 20110420
2022-10-17 16:18:04.541; Monitoring; 0; 63; 500; 5.720; 20110420
2022-10-17 16:19:04.821; Test signal; 0; 63; 500; 5.632; 20110420
2022-10-19 11:53:14.025; Monitoring; 0; 31; 1000; 6.467; 20110420
2022-10-19 11:54:14.030; Monitoring; 0; 31; 1000; 6.452; 20110420
2022-10-19 11:55:14.029; Monitoring; 0; 31; 1000; 6.452; 20110420
2022-10-19 11:56:14.786; Monitoring; 0; 31; 1000; 6.452; 20110420
2022-10-19 11:57:15.436; Monitoring; 0; 31; 1000; 6.452; 20110420
2022-10-19 11:58:16.201; Monitoring; 0; 31; 1000; 6.452; 20110420
2022-10-19 11:59:16.219; Monitoring; 0; 31; 1000; 6.452; 20110420
2022-10-19 12:00:16.988; Monitoring; 0; 31; 1000; 6.452; 20110420
2022-10-19 12:01:17.753; Monitoring; 0; 31; 1000; 6.452; 20110420
2022-10-19 12:02:17.820; Monitoring; 0; 31; 1000; 6.452; 20110420
2022-10-19 12:03:17.831; Monitoring; 0; 31; 1000; 6.452; 20110420
2022-10-19 12:04:18.599; Monitoring; 0; 31; 1000; 6.452; 20110420
2022-10-19 12:05:18.614; Monitoring; 0; 31; 1000; 6.452; 20110420
2022-10-19 12:06:18.600; Monitoring; 0; 31; 1000; 6.452; 20110420
2022-10-19 12:07:18.644; Saving; 0; 31; 1000; 6.452; 20110420
2022-10-19 12:08:19.396; Saving; 0; 31; 1000; 6.452; 20110420
2022-10-19 12:09:19.393; Monitoring; 0; 31; 1000; 6.437; 20110420
2022-10-19 12:10:19.396; Monitoring; 0; 31; 1000; 6.437; 20110420
2022-10-19 12:11:19.451; Monitoring; 0; 31; 1000; 6.437; 20110420
2022-10-19 12:12:20.157; Monitoring; 0; 31; 1000; 6.437; 20110420
2022-10-19 12:13:20.168; Monitoring; 0; 31; 1000; 6.437; 20110420
2022-10-19 12:14:20.186; Monitoring; 0; 31; 1000; 6.437; 20110420
2022-10-19 12:15:20.185; Monitoring; 0; 31; 1000; 6.437; 20110420
2022-10-19 12:16:20.198; Monitoring; 0; 31; 1000; 6.437; 20110420
2022-10-19 12:17:20.192; Monitoring; 0; 31; 1000; 6.437; 20110420
2022-10-19 12:18:33.347; Monitoring; 0; 31; 1000; 6.452; 20110420
2022-10-19 12:19:33.466; Monitoring; 0; 63; 1000; 6.437; 20110420
2022-10-19 12:22:02.380; Monitoring; 0; 63; 1000; 6.437; 20110420
2022-10-19 12:23:02.380; Monitoring; 0; 63; 1000; 6.437; 20110420
2022-10-19 12:24:03.095; Monitoring; 0; 63; 1000; 6.437; 20110420
2022-10-19 12:25:03.854; Monitoring; 0; 63; 1000; 6.437; 20110420
2022-10-19 12:26:03.862; Monitoring; 0; 63; 1000; 6.437; 20110420
2022-10-19 12:27:09.735; Monitoring; 0; 63; 1000; 6.437; 20110420
2022-10-19 12:28:09.851; Monitoring; 1; 63; 1000; 6.437; 20110420
2022-10-19 12:29:10.559; Monitoring; 0; 63; 1000; 6.423; 20110420
2022-10-19 12:30:10.672; Monitoring; 1; 63; 1000; 6.437; 20110420
2022-10-19 12:31:11.391; Monitoring; 0; 63; 1000; 6.423; 20110420
2022-10-19 12:32:11.483; Monitoring; 0; 63; 1000; 6.423; 20110420
2022-10-19 12:33:12.208; Monitoring; 0; 63; 1000; 6.423; 20110420
2022-10-19 12:34:12.218; Monitoring; 0; 63; 1000; 6.423; 20110420
2022-10-19 12:35:12.287; Monitoring; 0; 63; 1000; 6.423; 20110420
2022-10-19 12:36:12.999; Monitoring; 0; 63; 1000; 6.437; 20110420
2022-10-19 12:37:13.022; Monitoring; 0; 63; 1000; 6.423; 20110420
2022-10-19 12:38:13.591; Monitoring; 0; 63; 1000; 6.423; 20110420
2022-10-19 12:39:13.597; Monitoring; 0; 63; 1000; 6.423; 20110420
2022-10-19 12:40:13.717; Monitoring; 0; 63; 1000; 6.423; 20110420
2022-10-19 12:41:14.473; Monitoring; 0; 63; 1000; 6.423; 20110420
2022-10-19 12:42:14.520; Monitoring; 0; 63; 1000; 6.423; 20110420
2022-10-19 12:43:15.285; Saving; 0; 63; 1000; 6.423; 20110420
2022-10-19 13:48:42.287; Monitoring; 0; 31; 500; 6.423; 17030773
2022-10-19 13:49:42.346; Monitoring; 0; 31; 500; 6.423; 17030773
2022-10-19 13:50:42.994; Monitoring; 0; 31; 500; 6.423; 17030773
2022-10-19 13:51:43.720; Monitoring; 0; 31; 500; 6.408; 17030773
2022-10-19 13:52:43.713; Monitoring; 0; 31; 500; 6.423; 17030773
2022-10-19 13:53:43.717; Monitoring; 0; 31; 500; 6.408; 17030773
2022-10-19 13:54:43.771; Monitoring; 0; 31; 500; 6.408; 17030773
2022-10-19 13:55:44.499; Saving; 0; 31; 500; 6.408; 17030773
2022-10-19 13:56:45.158; Saving; 0; 31; 500; 6.408; 17030773
2022-10-26 11:03:05.401; ImpedanceCheck; 0; 31; 500; 6.452; 20110420
2022-10-26 11:04:07.877; ImpedanceCheck; 0; 31; 500; 6.452; 20110420
2022-10-26 11:05:08.671; Test signal; 0; 31; 500; 6.467; 20110420
2022-10-26 11:06:10.705; Test signal; 0; 31; 500; 6.467; 20110420
2022-10-26 11:07:11.115; Test signal; 0; 31; 500; 6.452; 20110420
2022-10-28 11:04:52.660; Monitoring; 0; 31; 500; 6.467; 20110420
2022-10-28 11:05:52.720; Monitoring; 0; 31; 500; 6.467; 20110420
2022-10-28 11:06:52.729; Monitoring; 0; 31; 500; 6.467; 20110420
2022-10-28 11:07:53.560; Monitoring; 1; 31; 500; 6.467; 20110420
2022-10-28 11:08:53.563; Monitoring; 1; 31; 500; 6.452; 20110420
2022-10-28 11:09:53.577; Monitoring; 0; 31; 500; 6.452; 20110420
2022-10-28 11:10:54.315; Monitoring; 0; 31; 500; 6.452; 20110420
2022-10-28 11:11:54.349; Monitoring; 0; 31; 500; 6.452; 20110420
2022-10-28 11:12:54.364; Monitoring; 0; 31; 500; 6.452; 20110420
2022-10-28 11:13:55.109; Monitoring; 0; 31; 500; 6.452; 20110420
2022-10-28 11:14:55.124; Monitoring; 0; 31; 500; 6.452; 20110420
2022-10-28 11:15:55.899; Monitoring; 0; 31; 500; 6.452; 20110420
2022-10-28 11:16:55.962; Monitoring; 0; 31; 500; 6.452; 20110420
2022-10-28 11:17:55.977; Monitoring; 0; 31; 500; 6.452; 20110420
2022-10-28 11:18:56.698; Monitoring; 0; 31; 500; 6.437; 20110420
2022-10-28 11:19:56.722; Monitoring; 0; 31; 500; 6.452; 20110420
2022-10-28 11:26:34.611; Monitoring; 0; 31; 500; 6.452; 20110420
2022-10-28 11:27:55.306; Monitoring; 0; 31; 500; 6.452; 20110420
2022-10-28 11:28:56.522; Test signal; 0; 31; 500; 6.452; 20110420
2022-10-28 11:29:57.158; Monitoring; 0; 31; 500; 6.437; 20110420
2022-10-28 11:30:57.915; Monitoring; 0; 31; 500; 6.437; 20110420
2022-10-28 11:31:57.964; Monitoring; 0; 31; 500; 6.437; 20110420
2022-10-28 11:32:58.677; Monitoring; 0; 31; 500; 6.437; 20110420
2022-10-28 11:33:58.705; Monitoring; 0; 31; 500; 6.437; 20110420
2022-10-28 11:35:51.564; Monitoring; 0; 31; 500; 6.437; 20110420
2022-10-28 11:36:52.295; Monitoring; 0; 31; 500; 6.437; 20110420
2022-10-28 11:37:52.305; Monitoring; 0; 31; 500; 6.437; 20110420
2022-10-28 11:38:52.315; Monitoring; 0; 31; 500; 6.437; 20110420
2022-10-28 11:39:53.092; Monitoring; 0; 31; 500; 6.437; 20110420
2022-10-28 11:40:53.095; Monitoring; 0; 31; 500; 6.437; 20110420
2022-10-28 11:41:53.107; Saving; 0; 31; 500; 6.437; 20110420
2022-10-28 11:42:53.876; Saving; 0; 31; 500; 6.437; 20110420
2022-10-28 12:51:45.359; Monitoring; 0; 31; 100000; 6.364; 20110420
2022-10-28 12:52:47.630; Monitoring; 0; 31; 100000; 6.335; 20110420
2022-10-28 12:54:01.936; Monitoring; 0; 31; 5000; 6.452; 20110420
2022-11-02 10:23:41.225; Monitoring; 0; 31; 5000; 6.467; 20110420
2022-11-02 10:24:41.964; Monitoring; 0; 31; 5000; 6.467; 20110420
2022-11-02 10:25:42.021; Monitoring; 0; 31; 5000; 6.467; 20110420
2022-11-02 10:26:42.027; Monitoring; 0; 31; 5000; 6.467; 20110420
2022-11-02 10:27:42.799; Monitoring; 0; 31; 5000; 6.452; 20110420
2022-11-02 10:28:42.817; Monitoring; 0; 31; 5000; 6.452; 20110420
2022-11-02 10:29:43.577; Monitoring; 0; 31; 5000; 6.467; 20110420
2022-11-02 10:30:43.598; Monitoring; 0; 31; 5000; 6.452; 20110420
2022-11-02 10:31:43.592; Monitoring; 0; 31; 5000; 6.452; 20110420
2022-11-02 10:32:43.595; Monitoring; 0; 31; 5000; 6.452; 20110420
2022-11-02 10:33:43.600; Monitoring; 0; 31; 5000; 6.452; 20110420
2022-11-02 10:34:43.609; Monitoring; 0; 31; 5000; 6.452; 20110420
2022-11-02 10:35:43.628; Monitoring; 0; 31; 5000; 6.452; 20110420
2022-11-02 10:36:44.391; Monitoring; 0; 31; 5000; 6.452; 20110420
2022-11-02 10:37:44.452; Monitoring; 0; 31; 5000; 6.452; 20110420
2022-11-02 10:38:45.179; Monitoring; 0; 31; 5000; 6.452; 20110420
2022-11-02 10:39:45.204; Monitoring; 0; 31; 5000; 6.452; 20110420
2022-11-02 10:40:45.225; Monitoring; 0; 31; 5000; 6.437; 20110420
2022-11-02 10:41:45.986; Monitoring; 0; 31; 5000; 6.437; 20110420
2022-11-02 10:42:46.009; Monitoring; 0; 31; 5000; 6.437; 20110420
2022-11-02 10:43:46.788; Monitoring; 0; 31; 5000; 6.437; 20110420
2022-11-02 10:44:47.562; Monitoring; 0; 31; 5000; 6.437; 20110420
2022-11-02 10:45:47.579; Monitoring; 0; 31; 5000; 6.437; 20110420
2022-11-02 10:46:47.590; Monitoring; 0; 31; 5000; 6.437; 20110420
2022-11-02 10:47:48.362; Monitoring; 0; 31; 5000; 6.437; 20110420
2022-11-02 10:48:48.421; Monitoring; 0; 31; 5000; 6.437; 20110420
2022-11-02 10:49:48.438; Monitoring; 0; 31; 5000; 6.437; 20110420
2022-11-02 10:50:49.156; Monitoring; 0; 31; 5000; 6.437; 20110420
2022-11-02 10:51:49.170; Monitoring; 0; 31; 5000; 6.437; 20110420
2022-11-02 10:52:49.180; Monitoring; 0; 31; 5000; 6.437; 20110420
2022-11-02 10:53:49.193; Monitoring; 0; 31; 5000; 6.437; 20110420
2022-11-02 10:54:49.968; Monitoring; 0; 31; 5000; 6.423; 20110420
2022-11-02 10:55:49.980; Monitoring; 0; 31; 5000; 6.437; 20110420
2022-11-02 10:56:49.993; Monitoring; 0; 31; 5000; 6.423; 20110420
2022-11-02 10:57:49.996; Monitoring; 0; 31; 5000; 6.423; 20110420
2022-11-02 10:58:50.010; Monitoring; 0; 31; 5000; 6.423; 20110420
2022-11-02 10:59:50.010; Monitoring; 0; 31; 5000; 6.423; 20110420
2022-11-02 11:00:50.783; Monitoring; 0; 31; 5000; 6.423; 20110420
2022-11-02 11:01:50.798; Monitoring; 0; 31; 5000; 6.423; 20110420
2022-11-02 11:02:50.804; Monitoring; 0; 31; 5000; 6.423; 20110420
2022-11-02 11:03:51.572; Monitoring; 0; 31; 5000; 6.423; 20110420
2022-11-02 11:04:51.596; Monitoring; 0; 31; 5000; 6.423; 20110420
2022-11-02 11:05:51.663; Monitoring; 0; 31; 5000; 6.423; 20110420
2022-11-02 11:06:52.384; Monitoring; 0; 31; 5000; 6.423; 20110420
2022-11-02 11:07:52.447; Monitoring; 1; 31; 5000; 6.423; 20110420
2022-11-02 11:08:53.221; Monitoring; 0; 31; 5000; 6.423; 20110420
2022-11-02 16:09:46.030; ImpedanceCheck; 0; 31; 500; 6.423; 20110420
2022-11-02 16:10:48.809; ImpedanceCheck; 0; 31; 500; 6.423; 20110420
2022-11-02 16:11:51.285; ImpedanceCheck; 0; 31; 500; 6.423; 20110420
2022-11-02 16:12:53.758; ImpedanceCheck; 0; 31; 500; 6.423; 20110420
2022-11-02 16:13:56.368; ImpedanceCheck; 0; 31; 500; 6.408; 20110420
2022-11-02 16:14:58.863; ImpedanceCheck; 0; 31; 500; 6.423; 20110420
2022-11-02 16:15:59.350; Test signal; 0; 31; 500; 6.423; 20110420
2022-11-02 16:17:00.074; Saving Test signal; 0; 31; 500; 6.437; 20110420
2022-11-07 16:38:57.312; Monitoring; 0; 63; 1000; 6.437; 20110420
2022-11-07 16:39:58.084; Monitoring; 0; 63; 1000; 6.437; 20110420
2022-11-07 16:40:58.130; Monitoring; 0; 63; 1000; 6.437; 20110420
2022-11-14 09:05:33.290; Monitoring; 0; 31; 500; 6.657; 16050622
2022-11-14 09:27:43.786; Monitoring; 0; 31; 500; 6.628; 16050622
2022-11-14 09:28:44.539; Saving; 0; 31; 500; 6.628; 16050622
2022-11-14 09:29:45.305; Saving; 0; 31; 500; 6.628; 16050622
2022-11-14 09:34:13.465; Monitoring; 0; 8; 1000; 6.628; 16050622
2022-11-14 09:35:13.475; Saving; 0; 8; 1000; 6.628; 16050622
2022-11-14 09:36:14.246; Saving; 0; 8; 1000; 6.628; 16050622
2022-11-14 09:37:14.432; Monitoring; 0; 8; 1000; 6.628; 16050622
2022-11-14 09:38:15.157; Monitoring; 0; 8; 1000; 6.628; 16050622
2022-11-14 09:39:15.227; Saving; 0; 8; 1000; 6.628; 16050622
2022-11-14 10:53:40.075; Monitoring; 0; 63; 500; 6.423; 20110420
2022-11-16 11:53:29.938; Test signal; 0; 63; 500; 6.416; 20110420
2022-11-16 11:54:29.958; Test signal; 0; 63; 500; 6.408; 20110420
2022-11-21 09:06:55.756; Monitoring; 0; 8; 500; 6.437; 20110420
2022-11-21 09:07:56.537; Monitoring; 0; 8; 500; 6.437; 20110420
2022-11-21 09:08:56.569; Monitoring; 0; 8; 500; 6.423; 20110420
2022-11-21 09:09:56.606; Monitoring; 0; 8; 500; 6.423; 20110420
2022-11-21 09:10:57.354; Saving; 0; 8; 500; 6.423; 20110420
2022-11-21 09:11:57.379; Monitoring; 0; 8; 500; 6.423; 20110420
2022-11-21 09:12:57.391; Monitoring; 0; 8; 500; 6.423; 20110420
2022-11-21 09:13:58.166; Monitoring; 0; 8; 500; 6.423; 20110420
2022-11-21 09:14:58.937; Monitoring; 0; 8; 500; 6.423; 20110420
2022-11-21 09:15:58.966; Monitoring; 0; 8; 500; 6.423; 20110420
2022-11-21 09:16:59.751; Monitoring; 0; 8; 500; 6.423; 20110420
2022-11-21 09:17:59.819; Monitoring; 0; 8; 500; 6.416; 20110420
2022-11-21 09:19:00.541; Monitoring; 0; 8; 500; 6.423; 20110420
2022-11-21 09:20:00.559; Monitoring; 0; 8; 500; 6.416; 20110420
2022-11-21 09:21:00.628; Monitoring; 0; 8; 500; 6.408; 20110420
2022-11-21 09:22:01.388; Monitoring; 0; 8; 500; 6.408; 20110420
2022-11-21 09:23:01.402; Monitoring; 0; 8; 500; 6.408; 20110420
2022-11-21 09:24:02.146; Monitoring; 0; 8; 500; 6.408; 20110420
2022-11-21 09:25:02.152; Monitoring; 0; 8; 500; 6.408; 20110420
2022-11-21 09:26:02.204; Monitoring; 0; 8; 500; 6.408; 20110420
2022-11-21 09:27:02.226; Monitoring; 0; 8; 500; 6.408; 20110420
2022-11-21 09:28:02.996; Monitoring; 0; 8; 500; 6.408; 20110420
2022-11-21 09:29:03.006; Monitoring; 0; 8; 500; 6.394; 20110420
2022-11-21 09:30:03.017; Monitoring; 0; 8; 500; 6.394; 20110420
2022-11-21 09:31:03.791; Monitoring; 0; 8; 500; 6.408; 20110420
2022-11-21 09:32:03.810; Monitoring; 0; 8; 500; 6.394; 20110420
2022-11-21 09:33:03.822; Monitoring; 0; 8; 500; 6.394; 20110420
2022-11-21 09:34:04.593; Monitoring; 0; 8; 500; 6.408; 20110420
2022-11-21 09:35:04.618; Monitoring; 0; 8; 500; 6.394; 20110420
2022-11-21 09:36:05.400; Monitoring; 0; 8; 500; 6.394; 20110420
2022-11-21 09:37:05.464; Monitoring; 0; 8; 500; 6.394; 20110420
2022-11-21 09:38:06.192; Monitoring; 0; 8; 500; 6.394; 20110420
2022-11-21 09:39:06.209; Monitoring; 0; 8; 500; 6.394; 20110420
2022-11-21 09:40:06.228; Monitoring; 0; 8; 500; 6.394; 20110420
2022-11-21 09:41:07.012; Monitoring; 0; 8; 500; 6.394; 20110420
2022-11-21 09:42:07.026; Monitoring; 0; 8; 500; 6.394; 20110420
2022-11-21 09:43:07.787; Monitoring; 0; 8; 500; 6.394; 20110420
2022-11-21 09:44:07.793; Monitoring; 0; 8; 500; 6.394; 20110420
2022-11-21 09:45:07.809; Monitoring; 0; 8; 500; 6.394; 20110420
2022-11-21 09:46:08.593; Monitoring; 0; 8; 500; 6.394; 20110420
2022-11-21 09:47:08.606; Monitoring; 0; 8; 500; 6.394; 20110420
2022-11-21 09:48:08.613; Monitoring; 0; 8; 500; 6.394; 20110420
2022-11-21 09:49:08.691; Monitoring; 0; 8; 500; 6.394; 20110420
2022-11-21 09:50:09.428; Monitoring; 0; 8; 500; 6.394; 20110420
2022-11-21 09:51:09.450; Monitoring; 0; 8; 500; 6.394; 20110420
2022-11-21 09:52:09.478; Monitoring; 0; 8; 500; 6.394; 20110420
2022-11-21 09:53:10.205; Monitoring; 0; 8; 500; 6.394; 20110420
2022-11-21 09:54:10.234; Monitoring; 0; 8; 500; 6.394; 20110420
2022-11-21 09:55:11.022; Monitoring; 0; 8; 500; 6.394; 20110420
2022-11-21 09:56:11.105; Monitoring; 1; 8; 500; 6.394; 20110420
2022-11-21 09:57:11.791; Monitoring; 0; 8; 500; 6.394; 20110420
2022-11-21 09:58:11.821; Monitoring; 0; 8; 500; 6.394; 20110420
2022-11-21 09:59:11.822; Monitoring; 0; 8; 500; 6.394; 20110420
2022-11-21 10:00:11.850; Monitoring; 0; 8; 500; 6.394; 20110420
2022-11-21 10:01:12.627; Monitoring; 0; 8; 500; 6.394; 20110420
2022-11-21 10:02:13.401; Monitoring; 0; 8; 500; 6.394; 20110420
2022-11-21 10:03:13.414; Monitoring; 0; 8; 500; 6.394; 20110420
2022-11-21 10:04:13.439; Monitoring; 0; 8; 500; 6.394; 20110420
2022-11-21 10:05:14.217; Monitoring; 0; 8; 500; 6.394; 20110420
2022-11-21 10:06:14.228; Monitoring; 0; 8; 500; 6.379; 20110420
2022-11-21 10:07:14.298; Monitoring; 0; 8; 500; 6.394; 20110420
2022-11-21 10:08:15.030; Monitoring; 0; 8; 500; 6.379; 20110420
2022-11-21 10:09:15.110; Monitoring; 0; 8; 500; 6.379; 20110420
2022-11-21 10:10:15.844; Monitoring; 0; 8; 500; 6.394; 20110420
2022-11-21 10:11:15.864; Monitoring; 0; 8; 500; 6.379; 20110420
2022-11-21 10:12:16.647; Monitoring; 0; 8; 500; 6.394; 20110420
2022-11-21 10:13:17.379; Monitoring; 0; 8; 500; 6.394; 20110420
2022-11-21 10:14:17.457; Monitoring; 0; 8; 500; 6.394; 20110420
2022-11-28 11:39:57.129; Monitoring; 0; 63; 1000; 6.394; 20110420
2022-11-28 11:40:57.903; Monitoring; 0; 63; 1000; 6.394; 20110420
2022-11-28 11:41:58.686; Monitoring; 0; 63; 1000; 6.394; 20110420
2022-11-28 11:42:59.464; Monitoring; 0; 63; 1000; 6.394; 20110420
2022-11-28 11:44:00.259; Monitoring; 0; 63; 1000; 6.394; 20110420
2022-11-28 11:45:00.293; Monitoring; 0; 63; 1000; 6.394; 20110420
2022-11-28 11:47:03.438; Monitoring; 0; 63; 1000; 6.394; 20110420
2022-11-28 11:48:04.240; Monitoring; 0; 63; 1000; 6.394; 20110420
2022-11-28 15:35:38.920; Test signal; 0; 31; 500; 6.394; 20110420
2022-11-28 15:36:39.596; Test signal; 0; 31; 500; 6.408; 20110420
2022-11-28 15:37:39.678; Test signal; 0; 31; 500; 6.394; 20110420
2022-11-28 15:38:47.820; ImpedanceCheck; 0; 31; 500; 6.379; 20110420
2022-11-28 15:43:49.740; Test signal; 0; 31; 500; 6.394; 20110420
2022-11-28 15:45:53.342; Test signal; 0; 31; 500; 6.394; 20110420
2022-11-30 11:38:28.435; Monitoring; 0; 31; 500; 6.394; 20110420
2022-11-30 11:39:28.431; Monitoring; 0; 31; 500; 6.394; 20110420
2022-11-30 15:57:36.274; Monitoring; 0; 2; 25000; 5.895; 20110420
2022-11-30 16:06:43.075; ImpedanceCheck; 0; 3; 25000; 5.895; 20110420
2022-11-30 16:07:45.697; ImpedanceCheck; 0; 3; 25000; 5.852; 20110420
2022-11-30 16:08:45.792; Monitoring; 0; 3; 25000; 5.808; 20110420
2022-11-30 16:09:45.837; Monitoring; 0; 3; 25000; 5.808; 20110420
2022-11-30 16:10:46.599; Monitoring; 0; 3; 25000; 5.808; 20110420
2022-12-05 09:29:25.767; Monitoring; 0; 31; 500; 5.947; 20110420
2022-12-05 09:30:26.442; Monitoring; 0; 31; 500; 5.881; 20110420
2022-12-05 09:35:09.138; Monitoring; 0; 31; 500; 5.939; 20110420
2022-12-05 09:36:09.905; Monitoring; 0; 31; 500; 5.866; 20110420
2022-12-05 09:37:13.051; Monitoring; 0; 31; 500; 5.895; 20110420
2022-12-05 09:38:13.865; Monitoring; 0; 31; 500; 5.866; 20110420
2022-12-05 11:13:37.625; Monitoring; 0; 8; 1000; 6.042; 15010359
2022-12-05 11:14:38.403; Monitoring; 0; 8; 1000; 5.983; 15010359
2022-12-05 11:15:39.378; Monitoring; 1; 8; 1000; 5.954; 15010359
2022-12-05 11:16:40.001; Saving; 0; 8; 1000; 5.954; 15010359
2022-12-05 11:17:40.440; Monitoring; 0; 8; 1000; 5.954; 15010359
2022-12-05 12:56:41.676; Monitoring; 0; 8; 1000; 5.954; 20110420
2022-12-05 12:57:41.873; Monitoring; 0; 31; 5000; 5.895; 20110420
2022-12-05 12:58:42.650; Monitoring; 0; 31; 5000; 5.866; 20110420
2022-12-05 12:59:42.709; Monitoring; 1; 31; 5000; 5.852; 20110420
2022-12-05 13:00:42.729; Monitoring; 1; 31; 5000; 5.852; 20110420
2022-12-05 13:01:43.449; Monitoring; 0; 31; 5000; 5.852; 20110420
2022-12-05 15:26:01.603; Monitoring; 0; 31; 500; 5.939; 20110420
2022-12-05 15:37:56.017; Monitoring; 0; 1; 100000; 5.778; 20110420
2022-12-05 15:38:56.180; Monitoring; 0; 1; 100000; 5.676; 20110420
2022-12-05 15:39:56.657; Monitoring; 0; 1; 10000; 5.852; 20110420
2022-12-05 15:40:56.678; Monitoring; 0; 1; 10000; 5.837; 20110420
2022-12-05 15:41:57.399; Monitoring; 0; 1; 10000; 5.837; 20110420
2022-12-05 15:42:58.188; Monitoring; 0; 1; 10000; 5.837; 20110420
2022-12-05 16:04:38.299; Monitoring; 0; 1; 100000; 6.306; 20110420
2022-12-05 16:06:00.861; Monitoring; 0; 1; 100000; 6.306; 20110420
2022-12-05 16:07:40.631; Monitoring; 0; 1; 100000; 6.291; 20110420
2022-12-05 16:08:48.958; Monitoring; 0; 1; 100000; 6.291; 20110420
2022-12-05 16:09:49.743; Monitoring; 0; 1; 100000; 6.291; 20110420
2022-12-05 16:10:49.734; Saving; 0; 1; 100000; 6.291; 20110420
2022-12-09 12:16:18.944; Monitoring; 0; 8; 500; 6.408; 20110420
2022-12-09 12:17:19.612; Monitoring; 0; 8; 500; 6.394; 20110420
2022-12-09 12:18:19.649; Monitoring; 0; 8; 500; 6.394; 20110420
2022-12-09 12:48:30.662; Monitoring; 0; 8; 500; 6.320; 20110420
2022-12-14 15:32:34.566; ImpedanceCheck; 0; 31; 500; 5.910; 20110420
2022-12-14 15:33:37.048; ImpedanceCheck; 0; 31; 500; 5.837; 20110420
2022-12-14 15:34:39.677; ImpedanceCheck; 0; 31; 500; 5.852; 20110420
2022-12-14 15:35:42.312; ImpedanceCheck; 0; 31; 500; 5.866; 20110420
2022-12-14 15:36:44.941; ImpedanceCheck; 0; 31; 500; 5.881; 20110420
2022-12-14 15:37:47.729; ImpedanceCheck; 0; 31; 500; 5.866; 20110420
2022-12-14 15:38:48.452; Test signal; 0; 31; 500; 5.910; 20110420
2022-12-14 15:39:49.212; Saving Test signal; 0; 31; 500; 5.895; 20110420
2022-12-19 17:19:47.505; Test signal; 0; 31; 500; 7.053; 19100105
2023-01-04 11:58:09.376; ImpedanceCheck; 0; 32; 2500; 6.979; 19100105
2023-01-04 11:59:11.542; ImpedanceCheck; 0; 32; 2500; 6.965; 19100105
2023-01-04 12:00:13.576; ImpedanceCheck; 0; 32; 2500; 6.936; 19100105
2023-01-04 12:01:14.281; Test signal; 0; 32; 2500; 6.936; 19100105
2023-01-04 12:02:14.290; Test signal; 0; 32; 2500; 6.906; 19100105
2023-01-04 12:03:14.561; Test signal; 0; 32; 2500; 6.906; 19100105
2023-01-04 12:10:43.764; Test signal; 0; 32; 2500; 6.599; 19100105
2023-01-04 12:11:44.527; Test signal; 0; 32; 2500; 6.584; 19100105
2023-01-04 12:13:27.779; Test signal; 0; 32; 2500; 6.599; 19100105
2023-01-04 12:14:27.788; Test signal; 0; 32; 2500; 6.584; 19100105
2023-01-04 12:15:27.797; Saving Test signal; 0; 32; 2500; 6.584; 19100105
2023-01-04 12:16:31.175; ImpedanceCheck; 0; 32; 2500; 6.584; 19100105
2023-01-04 12:17:31.957; Test signal; 0; 32; 2500; 6.584; 19100105
2023-01-04 12:22:37.746; Test signal; 0; 32; 2500; 6.591; 19100105
2023-01-04 12:23:56.683; Test signal; 0; 32; 2500; 6.599; 19100105
2023-01-04 12:25:20.336; ImpedanceCheck; 0; 32; 2500; 6.584; 19100105
2023-01-04 12:26:20.328; Saving Test signal; 0; 32; 2500; 6.584; 19100105
2023-01-04 12:27:38.087; ImpedanceCheck; 0; 32; 2500; 6.584; 19100105
2023-01-04 12:28:38.677; Saving Test signal; 0; 32; 2500; 6.584; 19100105
2023-01-04 12:29:38.734; Saving Test signal; 0; 32; 2500; 6.584; 19100105
2023-01-04 12:31:12.362; Test signal; 0; 32; 2500; 6.584; 19100105
2023-01-04 12:33:00.581; ImpedanceCheck; 0; 32; 2500; 6.584; 19100105
2023-01-04 12:34:00.642; Saving Test signal; 0; 32; 2500; 6.584; 19100105
2023-01-04 12:48:11.716; Monitoring; 0; 31; 1000; 6.584; 19100105
2023-01-04 12:49:12.388; Monitoring; 0; 31; 1000; 6.584; 19100105
2023-01-04 12:57:40.576; Monitoring; 0; 31; 1000; 6.584; 19100105
2023-01-04 12:58:40.579; Monitoring; 0; 31; 1000; 6.584; 19100105
2023-01-04 12:59:40.587; Saving; 0; 31; 1000; 6.584; 19100105
2023-01-04 13:05:34.005; Monitoring; 0; 8; 1000; 6.584; 19100105
2023-01-04 13:06:34.724; Saving; 0; 8; 1000; 6.584; 19100105
2023-01-04 13:07:34.748; Saving; 0; 8; 1000; 6.584; 19100105
2023-01-04 13:08:35.306; Monitoring; 0; 8; 1000; 6.584; 19100105
2023-01-06 12:50:37.138; ImpedanceCheck; 0; 31; 5000; 7.126; 19100105
2023-01-06 12:51:39.014; ImpedanceCheck; 0; 31; 5000; 7.082; 19100105
2023-01-06 12:52:55.963; ImpedanceCheck; 0; 31; 5000; 7.053; 19100105
2023-01-06 12:53:57.976; Test signal; 0; 31; 5000; 7.023; 19100105
2023-01-06 12:55:31.659; ImpedanceCheck; 0; 31; 5000; 6.994; 19100105
2023-01-06 12:56:33.530; ImpedanceCheck; 0; 31; 5000; 6.979; 19100105
2023-01-06 12:57:35.707; ImpedanceCheck; 0; 31; 5000; 6.965; 19100105
2023-01-06 12:58:37.582; ImpedanceCheck; 0; 31; 5000; 6.936; 19100105
2023-01-06 12:59:39.615; ImpedanceCheck; 0; 31; 5000; 6.921; 19100105
2023-01-06 13:00:41.632; ImpedanceCheck; 0; 31; 5000; 6.906; 19100105
2023-01-06 13:01:43.510; ImpedanceCheck; 0; 31; 5000; 6.892; 19100105
2023-01-06 13:02:43.571; Test signal; 0; 31; 5000; 6.892; 19100105
2023-01-06 16:09:04.382; ImpedanceCheck; 0; 31; 500; 6.379; 20110420
2023-01-06 16:10:04.657; Test signal; 0; 31; 500; 6.394; 20110420
2023-01-06 16:11:05.446; Saving Test signal; 0; 31; 500; 6.379; 20110420
2023-01-06 17:28:43.442; Monitoring; 0; 31; 5000; 6.394; 20110420
2023-01-12 10:26:55.484; Monitoring; 0; 31; 500; 6.496; 16020564
2023-01-12 10:28:27.169; Monitoring; 0; 31; 500; 6.496; 16020564
2023-01-12 10:29:27.906; Monitoring; 0; 31; 500; 6.481; 16020564
2023-01-12 10:32:04.575; Monitoring; 0; 31; 5000; 6.394; 20110420
2023-01-12 10:33:05.349; Monitoring; 0; 31; 5000; 6.394; 20110420
2023-01-12 10:34:05.365; Monitoring; 0; 31; 5000; 6.394; 20110420
2023-01-12 10:35:43.966; Monitoring; 0; 31; 500; 6.481; 16020564
2023-01-12 10:36:44.690; Monitoring; 0; 31; 500; 6.481; 16020564
2023-01-12 10:37:44.718; Monitoring; 0; 31; 500; 6.467; 16020564
2023-01-12 10:38:54.365; Monitoring; 0; 31; 500; 6.467; 16020564
2023-01-12 10:39:54.394; Monitoring; 1; 31; 500; 6.481; 16020564
2023-01-12 10:40:55.210; Monitoring; 0; 31; 500; 6.467; 16020564
2023-01-12 10:41:55.293; Monitoring; 0; 31; 500; 6.467; 16020564
2023-01-12 11:26:52.947; Monitoring; 0; 31; 5000; 6.643; 20100381
2023-01-12 11:27:53.017; Monitoring; 1; 31; 5000; 6.643; 20100381
2023-01-12 11:28:53.789; Monitoring; 0; 31; 5000; 6.643; 20100381
2023-01-12 11:30:28.683; Monitoring; 0; 31; 5000; 6.643; 20100381
2023-01-12 11:31:28.693; Monitoring; 0; 31; 5000; 6.628; 20100381
2023-01-12 11:32:29.468; Monitoring; 0; 31; 5000; 6.628; 20100381
2023-01-12 11:33:29.480; Monitoring; 0; 31; 5000; 6.628; 20100381
2023-01-12 11:34:29.746; Monitoring; 0; 31; 5000; 6.628; 20100381
2023-01-12 11:35:29.760; Monitoring; 0; 31; 5000; 6.628; 20100381
2023-01-12 11:36:29.764; Monitoring; 0; 31; 5000; 6.628; 20100381
2023-01-12 11:37:30.534; Monitoring; 0; 31; 5000; 6.613; 20100381
2023-01-12 12:13:53.991; Monitoring; 0; 31; 5000; 6.628; 20100381
2023-01-12 12:14:54.002; Monitoring; 0; 31; 5000; 6.628; 20100381
2023-01-12 12:15:54.020; Monitoring; 0; 31; 5000; 6.628; 20100381
2023-01-12 12:16:54.023; Monitoring; 0; 31; 5000; 6.643; 20100381
2023-01-12 12:28:09.925; Monitoring; 0; 31; 5000; 6.628; 20100381
2023-01-12 12:32:15.084; Monitoring; 0; 31; 5000; 6.628; 20100381
2023-01-12 12:35:02.684; Monitoring; 0; 31; 5000; 6.628; 20100381
2023-01-12 12:36:03.441; Saving; 0; 31; 5000; 6.628; 20100381
2023-01-12 12:37:03.899; Monitoring; 0; 31; 5000; 6.628; 20100381
2023-01-12 12:38:07.327; Monitoring; 0; 31; 5000; 6.628; 20100381
2023-01-12 12:40:17.979; Monitoring; 0; 31; 5000; 6.628; 20100381
2023-01-12 12:41:20.959; Monitoring; 0; 8; 1000; 6.628; 20100381
2023-01-12 12:42:21.736; Saving; 0; 8; 1000; 6.628; 20100381
2023-01-12 12:43:22.472; Saving; 0; 8; 1000; 6.628; 20100381
2023-01-12 13:39:38.802; Monitoring; 0; 31; 5000; 6.481; 21010461
2023-01-12 13:40:39.511; Saving; 0; 31; 5000; 6.481; 21010461
2023-01-12 13:41:39.526; Saving; 0; 31; 5000; 6.467; 21010461
2023-01-12 13:42:39.528; Monitoring; 0; 31; 5000; 6.481; 21010461
2023-01-12 13:43:39.551; Monitoring; 0; 31; 5000; 6.467; 21010461
2023-01-12 13:44:40.305; Monitoring; 0; 31; 5000; 6.467; 21010461
2023-01-12 15:03:25.537; Monitoring; 0; 8; 1000; 6.481; 21010461
2023-01-12 15:04:26.293; Monitoring; 0; 8; 1000; 6.467; 21010461
2023-01-12 15:05:27.069; Monitoring; 0; 8; 1000; 6.467; 21010461
2023-01-12 15:06:27.128; Saving; 0; 8; 1000; 6.467; 21010461
2023-01-12 15:07:27.897; Saving; 0; 8; 1000; 6.481; 21010461
2023-01-12 15:14:20.737; Monitoring; 0; 8; 1000; 6.496; 21010461
2023-01-13 14:07:17.367; Monitoring; 0; 63; 1000; 6.540; 21030529
2023-01-13 14:08:18.814; Monitoring; 0; 63; 1000; 6.525; 21030529
2023-01-13 14:09:34.020; Monitoring; 0; 63; 1000; 6.525; 21030529
2023-01-13 14:10:38.290; Monitoring; 0; 8; 500; 6.525; 21030529
2023-01-13 14:11:39.051; Saving; 0; 8; 500; 6.540; 21030529
2023-01-13 14:12:39.066; Saving; 0; 8; 500; 6.540; 21030529
2023-01-13 14:13:55.528; Monitoring; 0; 8; 500; 6.525; 21030529
2023-01-13 14:15:36.353; Monitoring; 0; 8; 500; 6.540; 21030529
2023-01-13 15:09:12.583; ImpedanceCheck; 0; 63; 500; 6.335; 20110420
2023-01-13 15:10:17.595; ImpedanceCheck; 0; 63; 500; 6.320; 20110420
2023-01-13 15:11:17.862; Test signal; 0; 63; 500; 6.364; 20110420
2023-01-13 15:12:18.623; Test signal; 0; 63; 500; 6.364; 20110420
2023-01-13 15:13:18.632; Saving Test signal; 0; 63; 500; 6.364; 20110420
2023-01-18 11:48:40.842; Monitoring; 0; 63; 1000; 6.481; 21010461
2023-01-18 11:49:40.904; Monitoring; 0; 63; 1000; 6.467; 21010461
2023-01-18 11:50:41.669; Saving; 0; 63; 1000; 6.467; 21010461
2023-01-18 11:51:47.035; Monitoring; 0; 63; 1000; 6.481; 21010461
2023-01-18 11:52:47.062; Saving; 0; 63; 1000; 6.467; 21010461
2023-01-18 11:54:03.120; Monitoring; 0; 63; 1000; 6.467; 21010461
2023-01-18 11:55:22.778; Monitoring; 0; 63; 1000; 6.481; 21010461
2023-01-18 11:56:23.537; Saving; 0; 63; 1000; 6.467; 21010461
2023-01-18 11:57:23.560; Monitoring; 0; 8; 500; 6.467; 21010461
2023-01-18 11:58:23.629; Saving; 0; 8; 500; 6.467; 21010461
2023-01-18 11:59:24.135; Saving; 0; 8; 500; 6.467; 21010461
2023-01-20 10:08:14.254; Monitoring; 0; 31; 500; 6.481; 11070028
2023-01-20 10:09:14.988; Monitoring; 0; 31; 500; 6.481; 11070028
2023-01-20 10:10:14.996; Monitoring; 0; 31; 500; 6.481; 11070028
2023-01-20 10:11:27.095; Monitoring; 0; 8; 1000; 6.481; 11070028
2023-01-20 10:12:27.858; Monitoring; 0; 8; 1000; 6.496; 11070028
2023-01-20 10:13:28.728; Saving; 0; 8; 1000; 6.481; 11070028
2023-01-20 10:14:29.456; Saving; 0; 8; 1000; 6.467; 11070028
2023-01-20 10:15:30.231; Monitoring; 0; 8; 1000; 6.496; 11070028
2023-01-20 10:17:09.212; Monitoring; 0; 8; 1000; 6.481; 11070028
2023-01-20 11:21:58.963; Monitoring; 0; 8; 1000; 6.481; 11070028
2023-01-20 11:22:58.978; Saving; 0; 8; 1000; 6.481; 11070028
2023-01-20 11:48:45.529; Monitoring; 0; 8; 1000; 6.481; 11070028
2023-01-20 11:50:06.080; Monitoring; 0; 8; 1000; 6.481; 11070028
2023-01-20 11:51:06.747; Monitoring; 0; 8; 1000; 6.481; 11070028
2023-01-20 11:52:06.811; Monitoring; 0; 8; 1000; 6.467; 11070028
2023-01-20 12:04:09.522; Monitoring; 0; 8; 1000; 6.481; 11070028
2023-01-24 11:12:05.726; ImpedanceCheck; 0; 31; 500; 6.379; 20110420
2023-01-24 11:13:06.311; Test signal; 0; 31; 500; 6.394; 20110420
2023-01-24 11:14:06.323; Test signal; 0; 31; 500; 6.379; 20110420
2023-01-24 13:13:53.788; Monitoring; 0; 31; 5000; 6.481; 19110146
2023-01-24 13:14:54.563; Monitoring; 0; 31; 5000; 6.467; 19110146
2023-01-24 13:15:54.662; Monitoring; 0; 31; 5000; 6.467; 19110146
2023-01-24 13:16:55.388; Saving; 0; 31; 5000; 6.467; 19110146
2023-01-24 13:35:50.600; Monitoring; 0; 31; 500; 6.467; 19110146
2023-01-24 13:36:50.616; Monitoring; 0; 31; 500; 6.467; 19110146
2023-01-24 13:38:59.007; Monitoring; 0; 63; 500; 6.467; 19110146
2023-01-24 13:39:59.714; Test signal; 0; 63; 500; 6.452; 19110146
2023-01-24 13:41:00.474; Saving Test signal; 0; 63; 500; 6.452; 19110146
2023-01-24 13:42:00.531; Saving Test signal; 0; 63; 500; 6.437; 19110146
2023-01-24 13:43:01.302; Saving Test signal; 0; 63; 500; 6.437; 19110146
2023-01-24 13:44:01.324; Saving Test signal; 0; 63; 500; 6.437; 19110146
2023-01-24 13:45:02.104; Saving Test signal; 0; 63; 500; 6.452; 19110146
2023-01-24 13:46:02.133; Saving Test signal; 0; 63; 500; 6.437; 19110146
2023-01-24 13:47:02.153; Saving Test signal; 0; 63; 500; 6.437; 19110146
2023-01-24 13:48:02.951; Saving Test signal; 0; 63; 500; 6.437; 19110146
2023-01-24 13:49:03.008; Saving Test signal; 0; 63; 500; 6.437; 19110146
2023-01-24 13:50:03.791; Saving Test signal; 1; 63; 500; 6.437; 19110146
2023-01-24 13:51:04.566; Saving Test signal; 0; 63; 500; 6.437; 19110146
2023-01-24 13:52:04.555; Saving Test signal; 0; 63; 500; 6.437; 19110146
2023-01-24 13:53:04.575; Saving Test signal; 0; 63; 500; 6.437; 19110146
2023-01-24 13:54:04.662; Saving Test signal; 0; 63; 500; 6.437; 19110146
2023-01-24 13:55:05.388; Saving Test signal; 0; 63; 500; 6.437; 19110146
2023-01-24 13:56:05.396; Saving Test signal; 0; 63; 500; 6.430; 19110146
2023-01-24 13:57:05.437; Saving Test signal; 0; 63; 500; 6.437; 19110146
2023-01-24 13:58:06.151; Saving Test signal; 0; 63; 500; 6.437; 19110146
2023-01-24 13:59:06.923; Saving Test signal; 0; 63; 500; 6.437; 19110146
2023-01-24 14:00:06.977; Saving Test signal; 0; 63; 500; 6.437; 19110146
2023-01-24 14:01:07.746; Saving Test signal; 0; 63; 500; 6.423; 19110146
2023-01-24 14:02:07.753; Saving Test signal; 0; 63; 500; 6.437; 19110146
2023-01-24 14:03:08.513; Saving Test signal; 0; 63; 500; 6.437; 19110146
2023-01-24 14:04:08.523; Saving Test signal; 0; 63; 500; 6.423; 19110146
2023-01-24 14:05:08.537; Saving Test signal; 0; 63; 500; 6.437; 19110146
2023-01-24 14:06:09.318; Saving Test signal; 0; 63; 500; 6.437; 19110146
2023-01-24 14:07:09.328; Saving Test signal; 0; 63; 500; 6.437; 19110146
2023-01-24 14:08:09.397; Saving Test signal; 0; 63; 500; 6.437; 19110146
2023-01-24 14:09:10.167; Saving Test signal; 0; 63; 500; 6.437; 19110146
2023-01-24 14:10:10.895; Saving Test signal; 0; 63; 500; 6.437; 19110146
2023-01-24 14:11:10.909; Saving Test signal; 0; 63; 500; 6.437; 19110146
2023-01-24 14:12:10.923; Saving Test signal; 0; 63; 500; 6.437; 19110146
2023-01-27 10:29:43.778; Monitoring; 0; 31; 5000; 6.643; 20100381
2023-01-27 10:30:44.544; Monitoring; 0; 31; 5000; 6.643; 20100381
2023-01-27 13:34:45.161; ImpedanceCheck; 0; 31; 500; 6.364; 20110420
2023-01-27 13:37:26.384; ImpedanceCheck; 0; 31; 500; 6.379; 20110420
2023-01-27 13:38:26.589; Test signal; 0; 31; 500; 6.394; 20110420
2023-01-27 13:39:26.616; Saving Test signal; 0; 31; 500; 6.379; 20110420
2023-01-27 15:11:05.713; Monitoring; 0; 8; 1000; 6.394; 20110420
2023-01-27 15:12:26.908; Monitoring; 0; 8; 1000; 6.394; 20110420
2023-01-27 15:13:27.689; Monitoring; 0; 8; 1000; 6.394; 20110420
2023-01-27 15:20:33.305; Monitoring; 0; 8; 1000; 6.394; 20110420
2023-01-31 10:48:29.265; Monitoring; 0; 8; 1000; 6.467; 17060868
2023-01-31 10:49:30.039; Monitoring; 0; 8; 1000; 6.452; 17060868
2023-01-31 10:50:30.096; Monitoring; 0; 8; 1000; 6.452; 17060868
2023-01-31 11:14:53.728; Monitoring; 0; 8; 1000; 6.452; 17060868
2023-01-31 11:15:53.736; Monitoring; 0; 8; 1000; 6.452; 17060868
2023-01-31 11:16:53.771; Saving; 0; 8; 1000; 6.452; 17060868
2023-01-31 11:18:31.386; Monitoring; 0; 8; 1000; 6.437; 17060868
2023-01-31 11:19:31.893; Monitoring; 0; 8; 1000; 6.437; 17060868
2023-01-31 11:20:32.672; Saving; 0; 8; 1000; 6.437; 17060868
2023-01-31 11:21:58.260; Monitoring; 0; 31; 500; 6.452; 17060868
2023-01-31 11:22:58.264; Saving; 0; 31; 500; 6.437; 17060868
2023-01-31 11:23:58.863; Monitoring; 0; 31; 500; 6.437; 17060868
2023-02-07 11:16:13.013; Monitoring; 0; 39; 500; 6.467; 17060868
2023-02-07 11:17:13.182; Monitoring; 0; 39; 500; 6.452; 17060868
2023-02-07 11:18:13.924; Monitoring; 0; 39; 500; 6.452; 17060868
2023-02-07 11:19:14.638; Monitoring; 0; 39; 500; 6.452; 17060868
2023-02-07 11:20:14.709; Monitoring; 0; 39; 500; 6.452; 17060868
2023-02-07 11:21:15.431; Monitoring; 0; 39; 500; 6.452; 17060868
2023-02-07 11:22:15.447; Monitoring; 0; 39; 500; 6.452; 17060868
2023-02-07 11:23:15.458; Monitoring; 0; 39; 500; 6.437; 17060868
2023-02-07 11:24:15.456; Monitoring; 0; 39; 500; 6.437; 17060868
2023-02-07 11:25:15.475; Monitoring; 1; 39; 500; 6.437; 17060868
2023-02-07 11:26:16.257; Monitoring; 0; 39; 500; 6.452; 17060868
2023-02-07 11:27:16.267; Monitoring; 0; 39; 500; 6.437; 17060868
2023-02-07 11:28:17.062; Monitoring; 0; 39; 500; 6.452; 17060868
2023-02-07 11:29:17.069; Monitoring; 0; 39; 500; 6.437; 17060868
2023-02-07 11:30:17.082; Monitoring; 0; 39; 500; 6.437; 17060868
2023-02-07 11:31:17.858; Monitoring; 0; 39; 500; 6.437; 17060868
2023-02-07 11:32:17.883; Monitoring; 0; 39; 500; 6.437; 17060868
2023-02-07 11:33:17.954; Monitoring; 0; 39; 500; 6.437; 17060868
2023-02-07 11:34:18.734; Monitoring; 0; 39; 500; 6.437; 17060868
2023-02-07 11:35:19.440; Monitoring; 0; 39; 500; 6.437; 17060868
2023-02-07 11:36:19.449; Monitoring; 0; 39; 500; 6.437; 17060868
2023-02-07 11:37:19.455; Monitoring; 0; 39; 500; 6.437; 17060868
2023-02-07 11:38:19.462; Monitoring; 0; 39; 500; 6.437; 17060868
2023-02-07 11:39:26.853; Monitoring; 0; 8; 1000; 6.423; 17060868
2023-02-07 11:42:45.812; Monitoring; 0; 8; 1000; 6.437; 17060868
2023-02-07 11:43:46.634; Monitoring; 0; 8; 1000; 6.437; 17060868
2023-02-07 11:44:47.336; Monitoring; 0; 8; 1000; 6.437; 17060868
2023-02-07 11:45:47.415; Saving; 0; 8; 1000; 6.437; 17060868
2023-02-07 11:46:48.131; Saving; 0; 8; 1000; 6.437; 17060868
2023-02-07 11:47:48.880; Saving; 0; 8; 1000; 6.437; 17060868
2023-02-14 11:04:09.583; Monitoring; 0; 63; 1000; 6.481; 20100382
2023-02-14 11:05:09.595; Monitoring; 0; 63; 1000; 6.467; 20100382
2023-02-14 11:06:09.612; Saving; 0; 63; 1000; 6.481; 20100382
2023-02-14 11:07:10.214; Monitoring; 0; 63; 1000; 6.467; 20100382
2023-02-14 11:08:56.018; Monitoring; 0; 8; 500; 6.467; 20100382
2023-02-14 11:09:56.787; Saving; 0; 8; 500; 6.481; 20100382
2023-02-14 11:11:00.657; Monitoring; 0; 8; 500; 6.481; 20100382
2023-02-14 17:40:12.591; Monitoring; 0; 31; 5000; 6.599; 21010469
2023-02-14 17:41:13.305; Saving; 0; 31; 5000; 6.569; 21010469
2023-02-14 17:42:13.485; Monitoring; 0; 8; 1000; 6.599; 21010469
2023-02-14 17:43:14.268; Saving; 0; 8; 1000; 6.584; 21010469
2023-02-14 17:44:40.861; Monitoring; 0; 8; 1000; 6.584; 21010469
2023-02-14 17:45:57.540; Monitoring; 0; 8; 1000; 6.584; 21010469
2023-02-14 17:46:58.312; Saving; 0; 8; 1000; 6.599; 21010469
2023-02-14 17:48:39.652; Monitoring; 0; 8; 1000; 6.584; 21010469
2023-02-23 12:17:18.114; ImpedanceCheck; 0; 31; 5000; 6.394; 20110420
2023-02-23 12:18:19.962; ImpedanceCheck; 0; 31; 5000; 6.394; 20110420
2023-02-23 12:36:25.015; ImpedanceCheck; 0; 31; 5000; 6.394; 20110420
2023-02-23 12:37:38.798; ImpedanceCheck; 0; 31; 5000; 6.394; 20110420
2023-02-23 12:38:47.132; Test signal; 0; 31; 5000; 6.379; 20110420
2023-02-23 12:39:58.564; ImpedanceCheck; 0; 31; 5000; 6.379; 20110420
2023-02-23 12:40:59.017; Test signal; 0; 31; 5000; 6.379; 20110420
2023-02-23 12:41:59.753; Saving Test signal; 0; 31; 5000; 6.379; 20110420
2023-02-23 12:43:14.108; ImpedanceCheck; 0; 31; 5000; 6.379; 20110420
2023-02-23 12:44:14.682; Saving Test signal; 0; 31; 5000; 6.379; 20110420
2023-02-23 13:07:10.617; ImpedanceCheck; 0; 31; 5000; 6.394; 20110420
2023-02-23 13:08:12.766; ImpedanceCheck; 0; 31; 5000; 6.379; 20110420
2023-02-23 13:09:13.120; Test signal; 0; 31; 5000; 6.379; 20110420
2023-02-23 13:10:13.207; Test signal; 0; 31; 5000; 6.379; 20110420
2023-02-23 13:15:06.000; Test signal; 0; 31; 5000; 6.379; 20110420
2023-02-23 13:18:43.679; ImpedanceCheck; 0; 31; 5000; 6.394; 20110420
2023-02-23 13:25:21.180; ImpedanceCheck; 0; 31; 5000; 6.379; 20110420
2023-02-23 13:26:21.591; Saving Test signal; 0; 31; 5000; 6.379; 20110420
2023-02-28 11:23:37.035; Monitoring; 0; 31; 500; 6.525; 13090224
2023-02-28 11:24:37.173; Monitoring; 0; 31; 500; 6.511; 13090224
2023-02-28 11:25:37.199; Saving; 0; 31; 500; 6.525; 13090224
2023-02-28 11:26:37.248; Saving; 0; 31; 500; 6.511; 13090224
2023-02-28 11:27:37.972; Monitoring; 0; 8; 1000; 6.511; 13090224
2023-02-28 11:28:38.036; Saving; 0; 8; 1000; 6.496; 13090224
2023-02-28 11:29:38.765; Monitoring; 0; 8; 1000; 6.511; 13090224
2023-02-28 11:35:57.231; Monitoring; 0; 8; 1000; 6.511; 13090224
2023-02-28 11:36:57.297; Monitoring; 0; 8; 1000; 6.496; 13090224
2023-02-28 11:37:57.366; Saving; 0; 8; 1000; 6.511; 13090224
2023-02-28 11:38:57.967; Saving; 0; 8; 1000; 6.511; 13090224
2023-02-28 16:29:31.944; Monitoring; 0; 31; 1000; 6.584; 21010469
2023-02-28 16:30:32.670; Monitoring; 0; 31; 1000; 6.584; 21010469
2023-02-28 16:31:32.678; Saving; 0; 31; 1000; 6.569; 21010469
2023-02-28 16:32:33.785; Monitoring; 0; 8; 1000; 6.584; 21010469
2023-02-28 16:33:34.541; Saving; 0; 8; 1000; 6.569; 21010469
2023-02-28 16:34:35.400; Saving; 0; 8; 1000; 6.569; 21010469
2023-02-28 16:37:57.181; Monitoring; 0; 8; 1000; 6.569; 21010469
2023-02-28 16:39:02.748; Monitoring; 0; 8; 1000; 6.584; 21010469
2023-03-03 09:40:37.509; Monitoring; 0; 8; 1000; 6.394; 20110420
2023-03-03 09:41:37.545; Monitoring; 0; 8; 1000; 6.394; 20110420
2023-03-03 09:42:37.583; Monitoring; 0; 8; 1000; 6.379; 20110420
2023-03-03 09:43:38.312; Monitoring; 0; 8; 1000; 6.394; 20110420
2023-03-03 09:44:38.393; Monitoring; 0; 8; 1000; 6.379; 20110420
2023-03-03 09:45:38.400; Monitoring; 0; 8; 1000; 6.379; 20110420
2023-03-03 09:46:39.173; Monitoring; 0; 8; 1000; 6.379; 20110420
2023-03-03 09:47:39.964; Monitoring; 0; 8; 1000; 6.379; 20110420
2023-03-03 09:48:39.989; Monitoring; 0; 8; 1000; 6.379; 20110420
2023-03-03 09:49:40.777; Monitoring; 0; 8; 1000; 6.379; 20110420
2023-03-03 09:50:40.864; Monitoring; 0; 8; 1000; 6.379; 20110420
2023-03-03 09:51:41.593; Monitoring; 0; 8; 1000; 6.379; 20110420
2023-03-03 09:52:41.589; Monitoring; 0; 8; 1000; 6.379; 20110420
2023-03-03 10:29:11.397; Monitoring; 0; 8; 1000; 6.379; 20110420
2023-03-03 10:30:12.187; Monitoring; 0; 8; 1000; 6.379; 20110420
2023-03-03 10:31:12.125; Monitoring; 0; 8; 1000; 6.379; 20110420
2023-03-03 10:32:11.961; Monitoring; 0; 8; 1000; 6.379; 20110420
2023-03-03 10:33:11.800; Saving; 0; 8; 1000; 6.379; 20110420
2023-03-03 10:34:12.242; Monitoring; 0; 8; 1000; 6.379; 20110420
2023-03-03 10:36:38.817; Monitoring; 0; 1; 1000; 6.379; 20110420
2023-03-03 10:37:38.828; Saving; 0; 1; 1000; 6.379; 20110420
2023-03-03 10:39:27.411; Monitoring; 0; 1; 1000; 6.379; 20110420
2023-03-03 10:40:27.415; Monitoring; 0; 1; 1000; 6.379; 20110420
2023-03-03 10:41:27.426; Monitoring; 1; 1; 1000; 6.379; 20110420
2023-03-03 10:46:04.734; Monitoring; 0; 1; 1000; 6.379; 20110420
2023-03-03 10:47:04.743; Saving; 0; 1; 1000; 6.364; 20110420
2023-03-07 11:17:34.145; Monitoring; 0; 1; 1000; 6.394; 20110420
2023-03-07 11:18:34.867; Monitoring; 0; 1; 1000; 6.394; 20110420
2023-03-07 11:19:35.482; Monitoring; 0; 8; 500; 6.394; 20110420
2023-03-07 11:20:35.498; Monitoring; 0; 8; 500; 6.394; 20110420
2023-03-07 11:21:35.494; Monitoring; 0; 8; 500; 6.379; 20110420
2023-03-07 11:22:35.504; Monitoring; 0; 8; 500; 6.379; 20110420
2023-03-07 11:23:35.515; Monitoring; 0; 8; 500; 6.379; 20110420
2023-03-07 11:24:36.231; Monitoring; 0; 8; 500; 6.379; 20110420
2023-03-07 11:25:36.233; Monitoring; 0; 8; 500; 6.379; 20110420
2023-03-07 11:26:36.993; Monitoring; 0; 8; 500; 6.379; 20110420
2023-03-07 11:27:37.043; Monitoring; 0; 8; 500; 6.379; 20110420
2023-03-07 11:28:37.044; Monitoring; 0; 8; 500; 6.379; 20110420
2023-03-07 11:29:37.040; Monitoring; 0; 8; 500; 6.379; 20110420
2023-03-07 11:30:37.041; Monitoring; 0; 8; 500; 6.364; 20110420
2023-03-07 11:31:37.042; Monitoring; 0; 8; 500; 6.379; 20110420
2023-03-07 11:32:37.805; Monitoring; 0; 8; 500; 6.379; 20110420
2023-03-07 11:33:38.591; Monitoring; 0; 8; 500; 6.379; 20110420
2023-03-07 11:34:39.364; Saving; 0; 8; 500; 6.379; 20110420
2023-03-07 11:35:45.584; Monitoring; 0; 8; 500; 6.379; 20110420
2023-03-07 11:36:46.296; Saving; 0; 8; 500; 6.379; 20110420
2023-03-07 12:04:34.738; Test signal; 0; 31; 5000; 6.379; 20110420
2023-03-07 12:05:34.745; Saving Test signal; 0; 31; 5000; 6.379; 20110420
2023-03-07 12:06:54.653; Test signal; 0; 31; 5000; 6.379; 20110420
2023-03-07 12:33:18.405; ImpedanceCheck; 0; 31; 500; 6.379; 20110420
2023-03-07 12:34:18.474; ImpedanceCheck; 0; 3; 25000; 6.379; 20110420
2023-03-07 12:35:21.231; ImpedanceCheck; 0; 3; 25000; 6.379; 20110420
2023-03-07 12:36:24.147; ImpedanceCheck; 0; 3; 25000; 6.364; 20110420
2023-03-07 12:43:20.759; Test signal; 0; 3; 25000; 6.335; 20110420
2023-03-07 12:45:36.377; Test signal; 0; 1; 25000; 6.335; 20110420
2023-03-07 12:46:36.435; Saving Test signal; 0; 1; 25000; 6.335; 20110420
2023-03-07 12:47:36.805; ImpedanceCheck; 0; 1; 25000; 6.379; 20110420
2023-03-07 12:48:37.166; Monitoring; 0; 1; 25000; 6.335; 20110420
2023-03-07 12:56:47.458; ImpedanceCheck; 0; 1; 25000; 6.379; 20110420
2023-03-07 12:57:47.522; Saving Test signal; 0; 1; 25000; 6.335; 20110420
2023-03-10 12:49:02.994; ImpedanceCheck; 0; 63; 500; 6.320; 20110420
2023-03-10 12:50:03.543; Test signal; 0; 63; 500; 6.364; 20110420
2023-03-10 12:51:03.613; Saving Test signal; 0; 63; 500; 6.364; 20110420
2023-03-10 13:05:36.728; Monitoring; 0; 31; 5000; 6.379; 20110420
2023-03-10 13:06:36.743; Monitoring; 0; 31; 5000; 6.379; 20110420
2023-03-10 13:07:36.796; Monitoring; 0; 31; 5000; 6.379; 20110420
2023-03-10 13:08:37.506; Monitoring; 0; 31; 5000; 6.379; 20110420
2023-03-10 13:09:37.506; Monitoring; 0; 31; 5000; 6.379; 20110420
2023-03-10 13:10:37.523; Monitoring; 0; 31; 5000; 6.379; 20110420
2023-03-10 13:11:37.555; Monitoring; 0; 31; 5000; 6.379; 20110420
2023-03-10 13:12:38.411; Monitoring; 0; 31; 5000; 6.379; 20110420
2023-03-10 13:13:39.157; Monitoring; 0; 31; 5000; 6.379; 20110420
2023-03-10 13:14:39.168; Monitoring; 0; 31; 5000; 6.379; 20110420
2023-03-10 13:15:39.931; Monitoring; 0; 31; 5000; 6.379; 20110420
2023-03-10 13:16:39.949; Monitoring; 0; 31; 5000; 6.379; 20110420
2023-03-10 14:35:35.527; ImpedanceCheck; 0; 31; 500; 6.364; 20110420
2023-03-10 14:36:38.313; ImpedanceCheck; 0; 31; 500; 6.364; 20110420
2023-03-15 12:44:14.178; ImpedanceCheck; 0; 31; 500; 6.379; 20110420
2023-03-15 12:45:19.949; ImpedanceCheck; 0; 31; 500; 6.364; 20110420
2023-03-15 12:46:28.125; ImpedanceCheck; 0; 31; 500; 6.364; 20110420
2023-03-15 12:47:33.585; ImpedanceCheck; 0; 31; 500; 6.364; 20110420
2023-03-15 12:48:39.198; ImpedanceCheck; 0; 31; 500; 6.364; 20110420
2023-03-15 12:49:44.964; ImpedanceCheck; 0; 31; 500; 6.364; 20110420
2023-03-15 12:52:02.384; ImpedanceCheck; 0; 31; 500; 6.379; 20110420
2023-03-15 12:53:04.859; ImpedanceCheck; 0; 31; 500; 6.350; 20110420
2023-03-15 12:54:07.478; ImpedanceCheck; 0; 31; 500; 6.350; 20110420
2023-03-15 12:55:07.695; Test signal; 0; 31; 500; 6.364; 20110420
2023-03-15 12:57:30.893; ImpedanceCheck; 0; 31; 500; 6.350; 20110420
2023-03-15 12:58:33.368; ImpedanceCheck; 0; 31; 500; 6.335; 20110420
2023-03-15 12:59:35.836; ImpedanceCheck; 0; 31; 500; 6.350; 20110420
2023-03-15 13:00:38.441; ImpedanceCheck; 0; 31; 500; 6.350; 20110420
2023-03-15 13:01:41.045; ImpedanceCheck; 0; 31; 500; 6.335; 20110420
2023-03-15 13:02:43.648; ImpedanceCheck; 0; 31; 500; 6.335; 20110420
2023-03-15 13:03:46.240; ImpedanceCheck; 0; 31; 500; 6.350; 20110420
2023-03-15 13:04:48.990; ImpedanceCheck; 0; 31; 500; 6.335; 20110420
2023-03-15 13:10:38.564; ImpedanceCheck; 0; 31; 500; 6.350; 20110420
2023-03-15 13:11:41.316; ImpedanceCheck; 0; 31; 500; 6.350; 20110420
2023-03-15 13:12:43.772; ImpedanceCheck; 0; 31; 500; 6.350; 20110420
2023-03-15 13:13:46.677; ImpedanceCheck; 0; 31; 500; 6.335; 20110420
2023-03-15 15:47:23.793; ImpedanceCheck; 0; 31; 500; 6.364; 20110420
2023-03-15 15:48:26.407; ImpedanceCheck; 0; 31; 500; 6.350; 20110420
2023-03-15 15:49:28.864; ImpedanceCheck; 0; 31; 500; 6.350; 20110420
2023-03-17 10:16:47.341; Monitoring; 0; 8; 1000; 6.525; 13010138
2023-03-17 10:18:29.058; Monitoring; 0; 8; 1000; 6.511; 13010138
2023-03-17 10:19:29.084; Monitoring; 0; 8; 1000; 6.511; 13010138
2023-03-17 10:20:29.086; Monitoring; 0; 8; 1000; 6.511; 13010138
2023-03-17 10:21:29.201; Monitoring; 1; 8; 1000; 6.467; 13010138
2023-03-17 10:22:29.869; Monitoring; 0; 8; 1000; 6.467; 13010138
2023-03-17 10:23:29.936; Monitoring; 0; 8; 1000; 6.467; 13010138
2023-03-17 10:24:30.753; Monitoring; 1; 8; 1000; 6.467; 13010138
2023-03-17 10:25:30.797; Monitoring; 1; 8; 1000; 6.467; 13010138
2023-03-17 10:26:30.785; Monitoring; 0; 8; 1000; 6.467; 13010138
2023-03-17 10:27:31.495; Monitoring; 0; 8; 1000; 6.467; 13010138
2023-03-17 10:28:31.558; Monitoring; 0; 8; 1000; 6.467; 13010138
2023-03-17 10:29:31.571; Monitoring; 0; 8; 1000; 6.467; 13010138
2023-03-17 10:30:32.493; Monitoring; 1; 8; 1000; 6.467; 13010138
2023-03-17 10:31:32.708; Monitoring; 0; 8; 1000; 6.437; 13010138
2023-03-17 10:32:33.433; Saving; 0; 8; 1000; 6.452; 13010138
2023-03-17 10:33:34.101; Saving; 0; 8; 1000; 6.496; 13010138
2023-03-21 11:16:00.605; ImpedanceCheck; 0; 31; 2500; 6.394; 20110420
2023-03-21 11:17:01.220; Test signal; 0; 31; 2500; 6.379; 20110420
2023-03-21 11:18:14.862; Test signal; 0; 31; 2500; 6.379; 20110420
2023-03-21 11:23:26.136; Test signal; 0; 31; 2500; 6.394; 20110420
2023-03-21 11:24:26.886; Test signal; 0; 31; 2500; 6.379; 20110420
2023-03-21 12:18:43.118; Monitoring; 0; 31; 2500; 6.394; 20110420
2023-03-21 12:19:43.901; Test signal; 0; 31; 2500; 6.379; 20110420
2023-03-21 12:20:44.574; Test signal; 0; 32; 2500; 6.379; 20110420
2023-03-21 12:21:45.053; Test signal; 0; 32; 2500; 6.379; 20110420
2023-03-21 12:23:18.941; Test signal; 0; 32; 2500; 6.379; 20110420
2023-03-21 12:24:19.418; Test signal; 0; 31; 2500; 6.379; 20110420
2023-03-21 12:25:19.513; Test signal; 0; 31; 2500; 6.379; 20110420
2023-03-21 12:26:20.279; Test signal; 0; 31; 2500; 6.379; 20110420
2023-03-21 12:27:21.020; Test signal; 0; 31; 2500; 6.379; 20110420
2023-03-21 12:28:21.066; Test signal; 0; 31; 2500; 6.379; 20110420
2023-03-21 13:10:40.738; Test signal; 0; 31; 500; 6.379; 20110420
2023-03-21 13:11:40.785; Saving Test signal; 0; 31; 500; 6.364; 20110420
2023-03-24 11:25:07.587; Monitoring; 0; 135; 1000; 6.511; 16090724
2023-03-24 11:26:08.282; Monitoring; 0; 135; 1000; 6.511; 16090724
2023-03-24 11:27:16.648; Monitoring; 0; 135; 1000; 6.511; 16090724
2023-03-24 11:28:16.740; Saving; 0; 135; 1000; 6.511; 16090724
2023-03-24 11:29:16.887; Monitoring; 0; 135; 1000; 6.496; 16090724
2023-03-24 11:30:16.990; Saving; 0; 135; 1000; 6.511; 16090724
2023-03-24 11:31:17.752; Saving; 0; 135; 1000; 6.496; 16090724
2023-03-24 11:32:31.775; Monitoring; 0; 8; 1000; 6.525; 16090724
2023-03-24 11:33:31.829; Saving; 0; 8; 1000; 6.525; 16090724
2023-03-24 11:34:31.835; Saving; 0; 8; 1000; 6.525; 16090724
2023-03-24 11:35:32.386; Monitoring; 0; 8; 1000; 6.525; 16090724
2023-03-24 11:36:32.442; Saving; 0; 8; 1000; 6.525; 16090724
2023-03-24 11:38:01.091; Monitoring; 0; 8; 1000; 6.511; 16090724
2023-03-24 15:18:15.168; Monitoring; 0; 8; 500; 6.394; 20110420
2023-03-24 15:19:15.883; Monitoring; 0; 8; 500; 6.379; 20110420
2023-03-28 14:19:37.629; Monitoring; 0; 31; 5000; 6.833; 20110420
2023-03-28 14:20:37.801; Monitoring; 0; 32; 5000; 6.804; 20110420
2023-03-28 14:22:05.445; Monitoring; 0; 32; 5000; 6.789; 20110420
2023-03-28 14:23:05.831; Test signal; 0; 31; 5000; 6.789; 20110420
2023-03-28 14:24:11.357; Monitoring; 0; 31; 5000; 6.774; 20110420
2023-03-28 14:25:15.355; Test signal; 0; 31; 5000; 6.760; 20110420
2023-03-28 14:26:15.454; Test signal; 0; 31; 5000; 6.745; 20110420
2023-03-28 14:27:16.161; Saving Test signal; 0; 31; 5000; 6.730; 20110420
2023-03-28 14:28:16.466; Monitoring; 0; 31; 500; 6.716; 20110420
2023-03-28 14:29:35.089; Monitoring; 0; 31; 500; 6.701; 20110420
2023-03-28 14:30:35.141; Monitoring; 0; 31; 500; 6.687; 20110420
2023-03-28 14:31:35.130; Monitoring; 0; 31; 500; 6.672; 20110420
2023-03-28 14:32:35.269; Monitoring; 0; 31; 500; 6.672; 20110420
2023-03-28 14:33:35.262; Monitoring; 0; 31; 500; 6.657; 20110420
2023-03-30 11:14:54.673; Monitoring; 0; 8; 500; 6.657; 20110420
2023-03-30 11:15:54.678; Monitoring; 0; 8; 500; 6.643; 20110420
2023-03-30 11:16:55.393; Saving; 0; 8; 500; 6.628; 20110420
2023-04-04 10:20:52.548; Monitoring; 0; 8; 500; 6.628; 20110420
2023-04-04 10:21:52.587; Monitoring; 0; 8; 500; 6.613; 20110420
2023-04-04 10:23:06.541; Monitoring; 0; 8; 500; 6.613; 20110420
2023-04-04 10:24:06.585; Monitoring; 0; 8; 500; 6.599; 20110420
2023-04-04 10:25:07.430; Monitoring; 0; 8; 500; 6.599; 20110420
2023-04-04 10:26:08.233; Monitoring; 0; 8; 500; 6.599; 20110420
2023-04-04 10:27:08.237; Monitoring; 0; 8; 500; 6.584; 20110420
2023-04-04 10:28:08.930; Monitoring; 0; 8; 500; 6.569; 20110420
2023-04-04 10:29:09.728; Monitoring; 0; 8; 500; 6.569; 20110420
2023-04-04 10:30:09.764; Monitoring; 0; 8; 500; 6.569; 20110420
2023-04-04 10:31:10.657; Monitoring; 0; 8; 500; 6.555; 20110420
2023-04-04 10:32:11.370; Monitoring; 0; 8; 500; 6.555; 20110420
2023-04-04 10:33:11.371; Monitoring; 0; 8; 500; 6.540; 20110420
2023-04-04 10:34:12.151; Saving; 0; 8; 500; 6.540; 20110420
2023-04-04 10:35:12.163; Saving; 0; 8; 500; 6.540; 20110420
2023-04-04 16:38:44.567; ImpedanceCheck; 0; 31; 2500; 6.013; 16020566
2023-04-04 16:39:46.884; ImpedanceCheck; 0; 31; 2500; 5.998; 16020566
2023-04-04 16:40:49.182; ImpedanceCheck; 0; 31; 2500; 5.983; 16020566
2023-04-04 16:41:51.633; ImpedanceCheck; 0; 31; 2500; 5.983; 16020566
2023-04-04 16:42:53.951; ImpedanceCheck; 0; 31; 2500; 5.969; 16020566
2023-04-04 16:43:57.626; ImpedanceCheck; 0; 31; 2500; 5.983; 16020566
2023-04-04 16:44:57.977; Monitoring; 0; 31; 500; 5.983; 16020566
2023-04-04 16:45:57.990; Monitoring; 0; 31; 500; 5.969; 16020566
2023-04-04 16:47:07.775; Monitoring; 0; 8; 1000; 5.983; 16020566
2023-04-04 16:48:07.842; Monitoring; 0; 8; 1000; 5.969; 16020566
2023-04-04 16:49:08.488; Saving; 0; 8; 1000; 5.969; 16020566
2023-04-04 16:50:14.915; Monitoring; 0; 8; 1000; 5.969; 16020566
2023-04-04 16:54:08.092; Test signal; 0; 31; 2500; 5.969; 16020566
2023-04-04 16:55:19.708; ImpedanceCheck; 0; 31; 2500; 5.925; 16020566
2023-04-04 16:56:22.169; ImpedanceCheck; 0; 31; 2500; 5.925; 16020566
2023-04-04 16:57:24.644; ImpedanceCheck; 0; 31; 2500; 5.910; 16020566
2023-04-04 16:58:26.942; ImpedanceCheck; 0; 31; 2500; 5.895; 16020566
2023-04-04 16:59:29.259; ImpedanceCheck; 0; 31; 2500; 5.895; 16020566
2023-04-04 17:00:31.569; ImpedanceCheck; 0; 31; 2500; 5.881; 16020566
2023-04-04 17:01:33.878; ImpedanceCheck; 0; 31; 2500; 5.881; 16020566
2023-04-04 17:16:59.891; ImpedanceCheck; 0; 31; 2500; 5.866; 16020566
2023-04-04 17:18:02.179; ImpedanceCheck; 0; 31; 2500; 5.866; 16020566
2023-04-04 17:19:04.789; ImpedanceCheck; 0; 31; 2500; 5.852; 16020566
2023-04-04 17:20:06.945; ImpedanceCheck; 0; 31; 2500; 5.852; 16020566
2023-04-04 17:21:09.277; ImpedanceCheck; 0; 31; 2500; 5.837; 16020566
2023-04-04 17:22:11.729; ImpedanceCheck; 0; 31; 2500; 5.822; 16020566
2023-04-04 17:23:14.048; ImpedanceCheck; 0; 31; 2500; 5.808; 16020566
2023-04-04 17:24:16.358; ImpedanceCheck; 0; 31; 2500; 5.808; 16020566
2023-04-04 17:25:18.663; ImpedanceCheck; 0; 31; 2500; 5.808; 16020566
2023-04-04 17:26:21.136; ImpedanceCheck; 0; 31; 2500; 5.808; 16020566
2023-04-04 17:27:23.449; ImpedanceCheck; 0; 31; 2500; 5.793; 16020566
2023-04-04 17:28:25.929; ImpedanceCheck; 0; 31; 2500; 5.778; 16020566
2023-04-04 17:29:28.402; ImpedanceCheck; 0; 31; 2500; 5.778; 16020566
2023-04-04 17:30:30.566; ImpedanceCheck; 0; 31; 2500; 5.764; 16020566
2023-04-04 17:31:33.192; ImpedanceCheck; 0; 31; 2500; 5.764; 16020566
2023-04-04 17:32:35.367; ImpedanceCheck; 0; 31; 2500; 5.764; 16020566
2023-04-04 17:33:37.690; ImpedanceCheck; 0; 31; 2500; 5.734; 16020566
2023-04-04 17:34:40.013; ImpedanceCheck; 0; 31; 2500; 5.734; 16020566
2023-04-04 17:35:42.625; ImpedanceCheck; 0; 31; 2500; 5.720; 16020566
2023-04-04 17:36:44.804; ImpedanceCheck; 0; 31; 2500; 5.705; 16020566
2023-04-04 17:37:45.064; Test signal; 0; 31; 2500; 5.734; 16020566
2023-04-04 17:39:41.525; ImpedanceCheck; 0; 31; 2500; 5.705; 16020566
2023-04-04 17:40:42.112; Test signal; 0; 31; 2500; 5.720; 16020566
2023-04-04 17:41:42.107; Test signal; 0; 31; 2500; 5.705; 16020566
2023-04-04 17:42:42.149; Test signal; 0; 31; 2500; 5.705; 16020566
2023-04-04 17:43:42.148; Test signal; 0; 31; 2500; 5.705; 16020566
2023-04-04 17:44:42.148; Test signal; 0; 31; 2500; 5.690; 16020566
2023-04-04 17:45:42.912; Test signal; 0; 31; 2500; 5.690; 16020566
2023-04-04 17:46:43.027; Test signal; 0; 31; 2500; 5.676; 16020566
2023-04-04 17:47:43.737; Test signal; 0; 31; 2500; 5.676; 16020566
2023-04-04 17:48:43.728; Test signal; 0; 31; 2500; 5.676; 16020566
2023-04-04 17:49:43.741; Test signal; 0; 31; 2500; 5.661; 16020566
2023-04-04 17:50:43.750; Test signal; 0; 31; 2500; 5.646; 16020566
2023-04-04 17:51:55.315; Test signal; 0; 31; 2500; 5.661; 16020566
2023-04-04 17:52:56.031; Test signal; 0; 31; 2500; 5.646; 16020566
2023-04-04 17:54:12.737; ImpedanceCheck; 0; 31; 2500; 5.603; 16020566
2023-04-04 17:55:13.268; Test signal; 0; 31; 2500; 5.617; 16020566
2023-04-04 17:56:13.268; Test signal; 0; 31; 2500; 5.617; 16020566
2023-04-04 17:57:13.269; Test signal; 0; 31; 2500; 5.617; 16020566
2023-04-04 17:58:13.273; Test signal; 0; 31; 2500; 5.603; 16020566
2023-04-04 17:59:13.274; Test signal; 0; 31; 2500; 5.588; 16020566
2023-04-04 18:00:13.372; Test signal; 0; 31; 2500; 5.588; 16020566
2023-04-04 18:01:13.711; ImpedanceCheck; 0; 31; 2500; 5.544; 16020566
2023-04-04 18:02:16.015; ImpedanceCheck; 0; 31; 2500; 5.529; 16020566
2023-04-04 18:03:18.327; ImpedanceCheck; 0; 31; 2500; 5.500; 16020566
2023-04-04 18:04:20.656; ImpedanceCheck; 0; 31; 2500; 5.515; 16020566
2023-04-04 18:05:23.116; ImpedanceCheck; 0; 31; 2500; 5.500; 16020566
2023-04-11 10:56:31.268; ImpedanceCheck; 0; 31; 500; 6.511; 20110420
2023-04-11 10:57:33.859; ImpedanceCheck; 0; 31; 500; 6.511; 20110420
2023-04-11 10:58:33.902; Test signal; 0; 31; 500; 6.511; 20110420
2023-04-11 11:00:33.604; Test signal; 0; 31; 500; 6.511; 20110420
2023-04-11 11:01:33.602; Test signal; 0; 31; 500; 6.511; 20110420
2023-04-11 11:02:33.649; Test signal; 0; 31; 500; 6.511; 20110420
2023-04-11 11:03:52.840; ImpedanceCheck; 0; 31; 500; 6.481; 20110420
2023-04-11 11:05:26.261; ImpedanceCheck; 0; 31; 500; 6.481; 20110420
2023-04-11 11:06:28.871; ImpedanceCheck; 0; 31; 500; 6.481; 20110420
2023-04-11 11:07:31.637; ImpedanceCheck; 0; 31; 500; 6.467; 20110420
2023-04-11 11:08:31.924; Test signal; 0; 31; 500; 6.496; 20110420
2023-04-11 11:09:32.776; Test signal; 0; 31; 500; 6.496; 20110420
2023-04-11 11:10:33.452; Test signal; 0; 31; 500; 6.496; 20110420
2023-04-11 11:11:33.559; Saving Test signal; 1; 31; 500; 6.481; 20110420
2023-04-11 11:12:34.256; Saving Test signal; 0; 31; 500; 6.481; 20110420
2023-04-11 11:13:34.292; Saving Test signal; 0; 31; 500; 6.481; 20110420
2023-04-11 11:14:34.326; Saving Test signal; 0; 31; 500; 6.481; 20110420
2023-04-11 11:15:35.071; Saving Test signal; 0; 31; 500; 6.481; 20110420
2023-04-11 11:16:35.157; Saving Test signal; 0; 31; 500; 6.481; 20110420
2023-04-11 11:17:35.150; Saving Test signal; 0; 31; 500; 6.467; 20110420
2023-04-11 11:49:01.622; Test signal; 0; 31; 500; 6.481; 20110420
2023-04-11 11:50:21.117; ImpedanceCheck; 0; 31; 500; 6.467; 20110420
2023-04-19 10:40:30.791; ImpedanceCheck; 0; 31; 5000; 6.613; 21010463
2023-04-19 10:41:32.952; ImpedanceCheck; 0; 31; 5000; 6.599; 21010463
2023-04-19 10:42:38.213; Test signal; 0; 31; 5000; 6.613; 21010463
2023-04-19 10:43:44.028; ImpedanceCheck; 0; 31; 5000; 6.599; 21010463
2023-04-19 10:44:44.782; Test signal; 0; 31; 5000; 6.599; 21010463
2023-04-19 10:45:44.802; Saving Test signal; 0; 31; 5000; 6.584; 21010463
2023-04-19 10:46:50.307; ImpedanceCheck; 0; 31; 5000; 6.599; 21010463
2023-04-19 10:50:18.327; Test signal; 0; 31; 5000; 6.599; 21010463
2023-04-19 11:04:11.022; ImpedanceCheck; 0; 31; 5000; 6.599; 21010463
2023-04-19 11:05:11.258; Test signal; 0; 31; 5000; 6.599; 21010463
2023-04-19 11:06:11.252; Saving Test signal; 0; 31; 5000; 6.599; 21010463
2023-04-19 11:10:00.649; ImpedanceCheck; 0; 31; 5000; 6.584; 21010463
2023-04-19 11:22:40.534; Test signal; 0; 31; 5000; 6.599; 21010463
2023-04-19 11:23:54.877; ImpedanceCheck; 0; 31; 5000; 6.599; 21010463
2023-04-20 12:10:43.293; ImpedanceCheck; 0; 31; 500; 6.584; 21010463
2023-04-20 12:11:45.895; ImpedanceCheck; 0; 31; 500; 6.584; 21010463
2023-04-20 12:13:02.728; Test signal; 0; 31; 500; 6.584; 21010463
2023-04-20 12:14:02.776; Saving Test signal; 0; 31; 500; 6.599; 21010463
2023-04-20 12:15:03.523; Saving Test signal; 0; 31; 500; 6.584; 21010463
2023-04-20 15:07:39.212; ImpedanceCheck; 0; 31; 500; 6.569; 21010463
2023-04-20 15:08:39.601; Saving Test signal; 0; 31; 500; 6.599; 21010463
2023-04-20 15:10:05.569; ImpedanceCheck; 0; 31; 500; 6.584; 21010463
2023-04-20 15:11:05.896; Test signal; 0; 31; 500; 6.584; 21010463
2023-04-20 15:48:28.179; Test signal; 0; 31; 500; 6.584; 21010463
2023-04-20 15:49:28.238; Saving Test signal; 0; 31; 500; 6.584; 21010463
2023-04-20 16:00:53.603; Test signal; 0; 31; 500; 6.599; 21010463
2023-04-20 16:01:53.603; Saving Test signal; 0; 31; 500; 6.584; 21010463
2023-04-20 17:24:57.523; Monitoring; 0; 63; 50000; 6.511; 21010463
2023-04-20 17:26:23.491; Monitoring; 0; 71; 1000; 6.584; 21010463
2023-04-20 17:27:24.201; Monitoring; 0; 71; 1000; 6.584; 21010463
2023-04-20 17:28:24.203; Saving; 0; 71; 1000; 6.584; 21010463
2023-04-20 17:29:42.136; Monitoring; 0; 71; 1000; 6.584; 21010463
2023-04-20 17:32:35.950; Monitoring; 0; 71; 1000; 6.584; 21010463
2023-04-20 17:33:36.001; Monitoring; 0; 71; 1000; 6.584; 21010463
2023-04-20 17:34:36.701; Monitoring; 0; 71; 1000; 6.584; 21010463
2023-04-27 12:07:46.376; Monitoring; 0; 71; 1000; 6.569; 20010194
2023-04-27 12:08:46.365; Monitoring; 0; 71; 1000; 6.569; 20010194
2023-04-27 12:10:09.376; Monitoring; 0; 63; 1000; 6.569; 20010194
2023-04-27 12:11:09.370; Monitoring; 0; 63; 1000; 6.562; 20010194
2023-04-27 12:12:09.420; Monitoring; 1; 63; 1000; 6.569; 20010194
2023-04-27 12:13:10.165; Monitoring; 0; 63; 1000; 6.569; 20010194
2023-04-27 12:14:10.158; Monitoring; 0; 63; 1000; 6.569; 20010194
2023-04-27 12:15:10.153; Monitoring; 0; 63; 1000; 6.569; 20010194
2023-04-27 12:16:10.242; Saving; 0; 63; 1000; 6.569; 20010194
2023-04-27 12:18:21.040; Monitoring; 0; 63; 1000; 6.569; 20010194
2023-04-27 12:19:30.466; Monitoring; 0; 8; 500; 6.584; 20010194
2023-04-27 12:20:30.521; Saving; 0; 8; 500; 6.569; 20010194
2023-04-27 12:21:31.303; Saving; 0; 8; 500; 6.584; 20010194
2023-04-27 12:22:55.515; Monitoring; 0; 8; 500; 6.569; 20010194
2023-04-27 12:23:56.268; Monitoring; 0; 8; 500; 6.584; 20010194
2023-04-27 16:22:31.172; Monitoring; 0; 8; 500; 6.525; 21050600
2023-04-27 16:23:31.921; Saving; 0; 8; 500; 6.496; 21050600
2023-05-02 12:24:14.998; Monitoring; 0; 63; 1000; 6.555; 21050566
2023-05-02 12:25:15.050; Monitoring; 0; 63; 1000; 6.540; 21050566
2023-05-02 12:26:41.319; Monitoring; 0; 63; 1000; 6.555; 21050566
2023-05-02 12:27:42.026; Saving; 0; 63; 1000; 6.555; 21050566
2023-05-02 12:29:23.099; Monitoring; 0; 8; 500; 6.555; 21050566
2023-05-02 12:30:23.143; Saving; 0; 8; 500; 6.555; 21050566
2023-05-02 12:31:23.175; Saving; 0; 8; 500; 6.555; 21050566
2023-05-02 12:32:23.960; Monitoring; 0; 8; 500; 6.555; 21050566
2023-05-02 12:33:24.706; Monitoring; 0; 8; 500; 6.555; 21050566
2023-05-09 10:40:32.495; Monitoring; 0; 63; 500; 6.555; 19110146
2023-05-09 10:42:10.733; Monitoring; 0; 63; 500; 6.555; 19110146
2023-05-09 10:43:40.910; Monitoring; 0; 63; 500; 6.555; 19110146
2023-05-09 10:44:40.910; Monitoring; 0; 63; 500; 6.540; 19110146
2023-05-09 10:45:41.613; Monitoring; 0; 63; 500; 6.555; 19110146
2023-05-09 10:46:41.614; Monitoring; 0; 63; 500; 6.555; 19110146
2023-05-09 10:47:41.627; Monitoring; 0; 63; 500; 6.540; 19110146
2023-05-09 10:48:41.639; Monitoring; 0; 63; 500; 6.540; 19110146
2023-05-09 10:49:41.643; Monitoring; 0; 63; 500; 6.540; 19110146
2023-05-09 10:50:42.407; Monitoring; 0; 63; 500; 6.540; 19110146
2023-05-09 10:51:42.475; Monitoring; 0; 63; 500; 6.540; 19110146
2023-05-09 10:52:43.265; Monitoring; 0; 63; 500; 6.540; 19110146
2023-05-09 11:01:52.771; Monitoring; 0; 63; 500; 6.540; 19110146
2023-05-09 12:05:53.811; Monitoring; 0; 63; 25000; 6.496; 19110146
2023-05-09 12:06:54.197; Monitoring; 0; 63; 25000; 6.481; 19110146
2023-05-09 12:07:55.003; Saving; 0; 63; 25000; 6.467; 19110146
2023-05-09 12:08:55.443; Monitoring; 0; 63; 25000; 6.481; 19110146
2023-05-09 12:09:56.058; Saving; 0; 63; 25000; 6.481; 19110146
2023-05-09 12:32:40.708; Monitoring; 0; 63; 25000; 6.481; 19110146
2023-05-09 12:33:41.497; Saving; 0; 63; 25000; 6.467; 19110146
2023-05-09 12:34:41.540; Saving; 0; 63; 25000; 6.481; 19110146
2023-05-09 12:35:42.279; Saving; 0; 63; 25000; 6.467; 19110146
2023-05-09 12:36:42.296; Saving; 0; 63; 25000; 6.467; 19110146
2023-05-09 12:37:42.332; Saving; 0; 63; 25000; 6.467; 19110146
2023-05-09 12:38:42.362; Saving; 0; 63; 25000; 6.467; 19110146
2023-05-09 12:39:43.116; Saving; 0; 63; 25000; 6.467; 19110146
2023-05-09 12:40:43.141; Saving; 0; 63; 25000; 6.467; 19110146
2023-05-09 12:41:43.169; Saving; 0; 63; 25000; 6.467; 19110146
2023-05-09 12:42:43.898; Saving; 0; 63; 25000; 6.467; 19110146
2023-05-09 12:43:43.934; Saving; 0; 63; 25000; 6.467; 19110146
2023-05-09 12:44:43.956; Saving; 0; 63; 25000; 6.467; 19110146
2023-05-09 12:45:44.692; Saving; 0; 63; 25000; 6.467; 19110146
2023-05-09 12:46:44.723; Saving; 0; 63; 25000; 6.467; 19110146
2023-05-09 12:47:45.464; Saving; 0; 63; 25000; 6.467; 19110146
2023-05-09 12:48:45.488; Saving; 0; 63; 25000; 6.467; 19110146
2023-05-09 12:49:45.512; Saving; 0; 63; 25000; 6.467; 19110146
2023-05-09 12:50:45.548; Saving; 0; 63; 25000; 6.467; 19110146
2023-05-09 12:51:45.559; Saving; 0; 63; 25000; 6.467; 19110146
2023-05-09 12:52:46.289; Saving; 0; 63; 25000; 6.467; 19110146
2023-05-09 12:53:46.312; Saving; 0; 63; 25000; 6.467; 19110146
2023-05-09 12:54:46.334; Saving; 0; 63; 25000; 6.467; 19110146
2023-05-09 12:55:46.367; Saving; 0; 63; 25000; 6.467; 19110146
2023-05-09 12:56:47.106; Saving; 0; 63; 25000; 6.467; 19110146
2023-05-09 12:57:47.124; Saving; 0; 63; 25000; 6.467; 19110146
2023-05-09 12:58:47.145; Saving; 0; 63; 25000; 6.467; 19110146
2023-05-09 12:59:47.158; Saving; 0; 63; 25000; 6.467; 19110146
2023-05-09 13:00:47.892; Saving; 0; 63; 25000; 6.467; 19110146
2023-05-09 13:01:47.921; Saving; 0; 63; 25000; 6.467; 19110146
2023-05-09 13:02:47.960; Saving; 0; 63; 25000; 6.467; 19110146
2023-05-09 13:03:48.702; Saving; 0; 63; 25000; 6.467; 19110146
2023-05-09 13:04:26.040; Monitoring; 0; 63; 25000; 6.467; 19110146
2023-05-09 13:05:26.612; Saving; 0; 63; 25000; 6.467; 19110146
2023-05-09 13:06:26.641; Saving; 0; 63; 25000; 6.467; 19110146
2023-05-09 13:07:27.379; Saving; 0; 63; 25000; 6.467; 19110146
2023-05-09 13:08:27.415; Saving; 0; 63; 25000; 6.467; 19110146
2023-05-09 13:09:41.213; Monitoring; 0; 63; 25000; 6.467; 19110146
2023-05-09 13:10:41.302; Saving; 0; 63; 25000; 6.452; 19110146
2023-05-09 13:11:42.072; Saving; 0; 63; 25000; 6.467; 19110146
2023-05-09 13:12:42.108; Saving; 0; 63; 25000; 6.467; 19110146
2023-05-09 13:13:56.135; Monitoring; 0; 63; 25000; 6.467; 19110146
2023-05-09 13:14:56.153; Monitoring; 0; 63; 25000; 6.467; 19110146
2023-05-09 13:16:12.158; Monitoring; 0; 63; 25000; 6.467; 19110146
2023-05-09 13:17:21.934; Monitoring; 0; 63; 25000; 6.467; 19110146
2023-05-09 13:18:30.918; Monitoring; 0; 63; 25000; 6.467; 19110146
2023-05-09 13:19:02.944; Monitoring; 0; 63; 25000; 6.467; 19110146
2023-05-09 13:21:00.129; Monitoring; 0; 63; 25000; 6.467; 19110146
2023-05-09 13:22:00.705; Monitoring; 0; 63; 100; 6.540; 19110146
2023-05-09 13:23:25.424; Monitoring; 0; 63; 25000; 6.467; 19110146
2023-05-09 13:34:24.481; Monitoring; 0; 8; 2500; 6.613; 13090224
2023-05-09 13:35:25.242; Monitoring; 0; 8; 2500; 6.613; 13090224
2023-05-09 13:36:25.265; Monitoring; 0; 8; 2500; 6.599; 13090224
2023-05-09 13:37:26.042; Monitoring; 0; 8; 2500; 6.613; 13090224
2023-05-09 13:38:26.364; Monitoring; 0; 8; 2500; 6.599; 13090224
2023-05-18 10:44:23.817; Monitoring; 0; 63; 5000; 6.965; 18041012
2023-05-18 10:45:23.856; Saving; 0; 63; 5000; 6.921; 18041012
2023-05-18 10:46:51.297; Monitoring; 0; 63; 500; 6.892; 18041012
2023-05-18 10:47:52.044; Saving; 0; 63; 500; 6.862; 18041012
2023-05-18 10:49:14.219; Monitoring; 0; 8; 500; 6.862; 18041012
2023-05-18 10:50:14.967; Monitoring; 0; 8; 500; 6.848; 18041012
2023-05-18 10:51:15.728; Monitoring; 0; 8; 500; 6.818; 18041012
2023-05-18 10:52:16.521; Saving; 0; 8; 500; 6.804; 18041012
2023-05-18 10:53:16.693; Monitoring; 0; 8; 500; 6.804; 18041012
2023-05-18 10:54:16.695; Saving; 0; 8; 500; 6.789; 18041012
2023-05-18 10:54:47.612; Monitoring; 0; 8; 500; 6.774; 18041012
2023-05-18 10:55:47.598; Monitoring; 0; 8; 500; 6.760; 18041012
2023-05-18 10:56:48.356; Monitoring; 0; 8; 500; 6.745; 18041012
2023-05-26 09:38:09.494; ImpedanceCheck; 0; 31; 2500; 6.745; 17010768
2023-05-26 09:41:25.754; Monitoring; 0; 31; 2500; 6.730; 17010768
2023-05-26 09:42:27.156; Monitoring; 0; 63; 5000; 6.701; 17010768
2023-05-26 09:43:27.153; Saving; 0; 63; 5000; 6.687; 17010768
2023-05-26 09:44:33.215; Monitoring; 0; 63; 500; 6.687; 17010768
2023-05-26 09:45:34.106; Saving; 0; 63; 500; 6.672; 17010768
2023-05-26 09:46:40.289; Monitoring; 0; 8; 500; 6.687; 17010768
2023-05-26 09:47:41.014; Monitoring; 0; 8; 500; 6.657; 17010768
2023-05-26 09:48:41.007; Saving; 0; 8; 500; 6.672; 17010768
2023-05-26 09:50:24.621; Monitoring; 0; 8; 500; 6.657; 17010768
2023-05-26 10:00:09.563; Monitoring; 0; 31; 2500; 6.657; 17010768
2023-05-26 10:01:09.553; Monitoring; 0; 31; 2500; 6.643; 17010768
2023-05-26 10:02:23.513; ImpedanceCheck; 0; 31; 2500; 6.643; 17010768
2023-05-26 10:03:27.316; ImpedanceCheck; 0; 31; 2500; 6.628; 17010768
2023-05-26 10:47:14.472; ImpedanceCheck; 0; 31; 2500; 6.555; 18041012
2023-05-26 10:48:16.455; ImpedanceCheck; 0; 31; 2500; 6.467; 18041012
2023-05-26 10:56:12.936; ImpedanceCheck; 0; 31; 5000; 6.701; 21010477
2023-05-26 10:57:13.579; Test signal; 0; 31; 5000; 6.701; 21010477
2023-05-26 10:58:14.322; Test signal; 0; 31; 5000; 6.701; 21010477
2023-05-26 10:59:32.607; Test signal; 0; 31; 5000; 6.687; 21010477
2023-05-26 11:00:32.654; Saving Test signal; 0; 31; 5000; 6.687; 21010477
2023-05-26 11:02:11.719; Test signal; 0; 31; 5000; 6.672; 21010477
2023-05-26 11:03:12.517; Saving Test signal; 0; 31; 5000; 6.672; 21010477
2023-05-26 11:16:47.386; Monitoring; 0; 63; 5000; 6.379; 18041012
2023-05-26 11:17:47.386; Monitoring; 0; 63; 5000; 6.291; 18041012
2023-05-26 11:18:47.426; Monitoring; 0; 63; 5000; 6.218; 18041012
2023-05-26 11:19:47.423; Monitoring; 0; 63; 5000; 6.203; 18041012
2023-05-26 11:20:48.217; Monitoring; 0; 63; 5000; 6.174; 18041012
2023-05-26 11:21:48.252; Monitoring; 0; 63; 5000; 6.174; 18041012
2023-05-26 11:22:49.007; Monitoring; 0; 63; 5000; 6.203; 18041012
2023-05-26 11:23:49.036; Monitoring; 0; 63; 5000; 6.218; 18041012
2023-05-26 11:24:49.053; Monitoring; 0; 63; 5000; 6.218; 18041012
2023-05-26 11:25:49.800; Monitoring; 0; 63; 5000; 6.232; 18041012
2023-05-26 11:26:49.850; Saving; 0; 63; 5000; 6.247; 18041012
2023-05-26 11:27:50.395; Saving; 0; 63; 5000; 6.247; 18041012
2023-05-26 11:28:50.387; Saving; 0; 63; 5000; 6.247; 18041012
2023-05-26 11:29:50.422; Monitoring; 0; 63; 5000; 6.247; 18041012
2023-05-26 11:30:50.435; Monitoring; 0; 63; 5000; 6.247; 18041012
2023-05-26 11:31:51.203; Monitoring; 0; 63; 5000; 6.247; 18041012
2023-05-26 11:32:51.253; Monitoring; 0; 63; 5000; 6.262; 18041012
2023-05-26 11:33:58.910; Monitoring; 0; 63; 5000; 6.262; 18041012
2023-05-26 11:34:58.894; Monitoring; 0; 63; 5000; 6.262; 18041012
2023-05-26 13:12:09.179; Monitoring; 0; 31; 500; 6.716; 22030790
2023-05-26 13:13:09.386; Saving; 0; 31; 1000; 6.716; 22030790
2023-05-26 13:14:37.724; Monitoring; 0; 8; 1000; 6.716; 22030790
2023-05-26 13:15:37.737; Saving; 0; 8; 1000; 6.716; 22030790
2023-05-26 13:16:38.530; Monitoring; 0; 8; 1000; 6.701; 22030790
2023-06-13 11:37:36.165; Monitoring; 0; 8; 2500; 6.848; 18041012
2023-06-13 11:38:36.866; Saving; 0; 8; 2500; 6.818; 18041012
2023-06-15 11:21:43.881; Monitoring; 0; 31; 500; 6.906; 15110519
2023-06-15 11:22:44.675; Saving; 0; 31; 500; 6.877; 15110519
2023-06-15 11:24:16.886; Monitoring; 0; 8; 1000; 6.877; 15110519
2023-06-15 11:25:16.880; Saving; 0; 8; 1000; 6.848; 15110519
2023-06-15 11:26:26.712; Monitoring; 0; 8; 1000; 6.862; 15110519
2023-06-15 11:27:26.759; Monitoring; 0; 8; 1000; 6.848; 15110519
2023-06-15 11:31:01.193; ImpedanceCheck; 0; 31; 2500; 6.818; 15110519
2023-06-15 11:32:03.647; ImpedanceCheck; 0; 31; 2500; 6.789; 15110519
2023-06-15 11:33:05.942; ImpedanceCheck; 0; 31; 2500; 6.774; 15110519
2023-06-15 11:34:08.238; ImpedanceCheck; 0; 31; 2500; 6.774; 15110519
2023-06-15 11:35:10.520; ImpedanceCheck; 0; 31; 2500; 6.760; 15110519
2023-06-15 11:36:12.800; ImpedanceCheck; 0; 31; 2500; 6.745; 15110519
2023-06-15 11:37:15.239; ImpedanceCheck; 0; 31; 2500; 6.730; 15110519
2023-06-15 11:38:17.679; ImpedanceCheck; 0; 31; 2500; 6.716; 15110519
2023-06-15 11:39:17.829; Test signal; 0; 31; 2500; 6.730; 15110519
2023-06-15 11:40:17.821; Test signal; 0; 31; 2500; 6.730; 15110519
2023-06-15 11:45:14.208; ImpedanceCheck; 0; 31; 2500; 6.701; 15110519
2023-06-15 11:46:14.365; Saving Test signal; 0; 31; 2500; 6.716; 15110519
2023-06-15 11:51:42.204; Monitoring; 0; 8; 1000; 6.730; 15110519
2023-06-15 11:52:42.244; Monitoring; 0; 8; 1000; 6.716; 15110519
2023-06-15 11:53:42.283; Monitoring; 0; 8; 1000; 6.716; 15110519
2023-06-15 11:54:43.021; Monitoring; 0; 8; 1000; 6.701; 15110519
2023-06-15 11:55:43.094; Monitoring; 0; 8; 1000; 6.687; 15110519
2023-06-15 11:56:43.848; Saving; 0; 8; 1000; 6.701; 15110519
2023-06-15 12:02:27.800; Monitoring; 0; 8; 1000; 6.701; 15110519
2023-06-15 12:03:28.547; Monitoring; 0; 8; 1000; 6.687; 15110519
2023-06-15 12:04:28.684; Saving; 1; 8; 1000; 6.687; 15110519
