2022-10-28 11:55:23.193; Monitoring; 1; 32; 5000; 6.500; BA DC
2022-10-28 11:56:23.693; Monitoring; 1; 32; 5000; 6.500; BA DC
2022-10-28 11:57:23.855; Monitoring; 1; 32; 5000; 5.541; BA DC
2022-10-28 11:58:24.593; Monitoring; 0; 32; 5000; 5.541; BA DC
2022-10-28 11:59:24.683; Monitoring; 1; 32; 5000; 5.540; BA DC
2022-10-28 12:00:55.898; Monitoring; 1; 32; 5000; 5.540; BA DC
2022-10-28 12:01:56.126; Monitoring; 0; 32; 5000; 5.540; BA DC
2022-10-28 12:04:39.987; Monitoring; 0; 32; 5000; 5.541; BA DC
2022-10-28 12:05:40.837; Monitoring; 1; 32; 5000; 5.541; BA DC
2022-10-28 12:06:41.507; Monitoring; 0; 32; 5000; 5.541; BA DC
2022-10-28 12:07:47.418; Monitoring; 1; 32; 5000; 6.500; BA DC
2022-11-14 10:47:56.648; Monitoring; 0; 32; 5000; 6.500; BA DC
2022-11-14 10:48:57.011; Monitoring; 1; 32; 5000; 6.500; BA DC
2022-11-14 10:49:57.828; Monitoring; 1; 32; 5000; 6.500; BA DC
2022-11-14 10:50:58.356; Monitoring; 1; 32; 5000; 6.500; BA DC
2022-11-16 12:52:33.964; Monitoring; 1; 32; 5000; 5.539; BA DC
2022-11-28 13:55:07.068; Monitoring; 1; 1; 1000; 6.500; ExG16
2022-11-28 13:56:07.708; Monitoring; 0; 16; 1000; 6.500; ExG16
2022-11-28 13:57:08.352; Monitoring; 0; 16; 1000; 5.526; ExG16
2022-11-28 13:58:09.033; Monitoring; 0; 16; 1000; 5.526; ExG16
2022-11-28 13:59:09.058; Monitoring; 0; 16; 1000; 5.526; ExG16
2022-11-28 14:00:09.171; Monitoring; 1; 16; 1000; 5.526; ExG16
2022-11-28 14:01:09.541; Monitoring; 0; 16; 1000; 5.526; ExG16
2022-11-28 14:23:50.300; Monitoring; 1; 16; 1000; 5.526; ExG16
2022-11-28 14:31:59.374; Monitoring; 0; 16; 1000; 5.526; ExG16
2022-11-28 14:34:38.314; Monitoring; 0; 16; 1000; 5.526; ExG16
2022-11-28 14:35:38.861; Monitoring; 0; 16; 1000; 5.527; ExG16
2022-11-28 14:36:38.870; Monitoring; 0; 16; 1000; 5.527; ExG16
2022-11-28 14:37:49.819; Monitoring; 0; 16; 1000; 5.527; ExG16
2022-11-28 14:38:50.651; Monitoring; 1; 16; 1000; 5.527; ExG16
2022-11-30 11:17:00.896; ImpedanceCheck; 0; 32; 1000; 5.538; BA DC
2022-11-30 11:18:01.039; Monitoring; 1; 32; 1000; 5.538; BA DC
2022-11-30 11:19:01.792; Monitoring; 1; 32; 1000; 5.538; BA DC
2022-11-30 11:20:01.873; Monitoring; 1; 32; 1000; 5.538; BA DC
2022-11-30 11:21:10.708; Monitoring; 1; 32; 1000; 5.538; BA DC
2022-11-30 11:22:10.700; Monitoring; 0; 32; 1000; 5.538; BA DC
2022-11-30 11:24:20.893; Monitoring; 0; 32; 1000; 5.538; BA DC
2022-11-30 11:25:20.887; Monitoring; 1; 32; 1000; 5.538; BA DC
2022-11-30 11:26:20.917; Monitoring; 0; 32; 1000; 5.538; BA DC
2022-11-30 11:27:51.884; Monitoring; 1; 32; 500; 5.538; BA DC
2022-11-30 11:28:52.469; Monitoring; 1; 32; 500; 5.538; BA DC
2022-11-30 11:29:52.875; Monitoring; 1; 32; 500; 5.533; BA DC
2022-11-30 11:30:53.669; Monitoring; 1; 32; 500; 5.533; BA DC
2022-11-30 11:31:53.696; Monitoring; 0; 32; 500; 5.533; BA DC
2022-11-30 11:32:54.455; Monitoring; 0; 32; 500; 5.533; BA DC
2022-11-30 11:35:10.638; Monitoring; 1; 32; 500; 5.533; BA DC
2022-11-30 11:36:10.707; Monitoring; 1; 32; 500; 5.533; BA DC
2022-11-30 11:52:33.568; Monitoring; 1; 32; 500; 6.500; BA DC
2022-11-30 11:53:34.083; Monitoring; 1; 32; 500; 5.537; BA DC
2022-12-12 11:26:15.088; Test signal; 1; 32; 5000; 6.500; BA DC
2022-12-12 11:27:15.151; Test signal; 1; 32; 5000; 5.531; BA DC
2022-12-12 11:28:15.950; Saving Test signal; 0; 32; 5000; 5.531; BA DC
2022-12-12 11:29:16.509; Saving Test signal; 1; 32; 5000; 5.531; BA DC
2022-12-12 11:30:17.306; Test signal; 1; 32; 5000; 5.531; BA DC
2022-12-12 13:20:03.239; ImpedanceCheck; 0; 32; 5000; 5.544; BA DC
2022-12-12 13:21:03.987; Test signal; 0; 32; 1000; 5.544; BA DC
2022-12-12 13:22:04.631; Test signal; 1; 32; 1000; 5.540; BA DC
2022-12-12 13:23:20.040; ImpedanceCheck; 0; 32; 1000; 5.542; BA DC
2022-12-12 13:33:00.524; ImpedanceCheck; 0; 32; 1000; 5.540; BA DC
2022-12-12 13:34:01.341; Saving Test signal; 1; 32; 1000; 5.540; BA DC
2022-12-12 13:35:50.208; ImpedanceCheck; 0; 32; 1000; 5.541; BA DC
2022-12-12 13:36:50.914; Saving Test signal; 1; 32; 1000; 5.541; BA DC
2022-12-12 13:38:41.104; ImpedanceCheck; 0; 32; 1000; 5.542; BA DC
2022-12-12 13:39:41.396; Test signal; 0; 32; 1000; 5.540; BA DC
2022-12-12 13:41:40.285; ImpedanceCheck; 0; 32; 1000; 5.540; BA DC
2022-12-12 13:42:40.953; Saving Test signal; 0; 32; 1000; 5.540; BA DC
2022-12-12 13:44:30.372; ImpedanceCheck; 0; 32; 1000; 5.541; BA DC
2022-12-12 13:45:30.639; Saving Test signal; 1; 32; 1000; 5.540; BA DC
2022-12-12 13:47:22.711; ImpedanceCheck; 0; 32; 1000; 5.542; BA DC
2022-12-14 10:43:56.731; ImpedanceCheck; 0; 32; 5000; 5.545; BA DC
2022-12-14 10:45:00.120; ImpedanceCheck; 0; 32; 5000; 5.549; BA DC
2022-12-14 10:46:02.595; ImpedanceCheck; 0; 32; 5000; 5.549; BA DC
2022-12-14 10:47:02.903; Test signal; 1; 32; 5000; 5.549; BA DC
2022-12-14 10:48:35.835; Test signal; 0; 32; 5000; 5.545; BA DC
2022-12-14 10:49:39.993; ImpedanceCheck; 0; 32; 5000; 5.543; BA DC
2022-12-14 10:50:42.913; ImpedanceCheck; 0; 32; 5000; 5.542; BA DC
2022-12-14 10:51:45.392; ImpedanceCheck; 0; 32; 5000; 5.542; BA DC
2022-12-14 10:52:45.761; Test signal; 1; 32; 5000; 5.542; BA DC
2022-12-14 10:53:52.886; ImpedanceCheck; 0; 32; 5000; 5.543; BA DC
2022-12-14 10:54:53.211; Test signal; 0; 32; 5000; 5.543; BA DC
2022-12-14 10:55:53.292; Saving Test signal; 1; 32; 5000; 5.543; BA DC
2023-01-12 11:48:13.957; Monitoring; 1; 32; 1000; 5.528; BA DC
2023-01-12 11:49:14.084; Monitoring; 0; 32; 1000; 5.523; BA DC
2023-01-12 11:50:14.904; Monitoring; 1; 32; 1000; 5.520; BA DC
2023-01-12 11:51:15.663; Monitoring; 1; 32; 1000; 5.517; BA DC
2023-01-12 11:52:15.703; Monitoring; 1; 32; 1000; 5.516; BA DC
2023-01-12 11:53:23.052; Monitoring; 1; 32; 1000; 5.513; BA DC
2023-01-12 11:54:59.327; Monitoring; 1; 32; 1000; 5.523; BA DC
2023-01-12 11:55:59.640; Monitoring; 0; 32; 1000; 5.523; BA DC
2023-01-12 11:56:59.718; Monitoring; 1; 32; 1000; 5.522; BA DC
2023-01-12 11:57:59.725; Monitoring; 1; 32; 1000; 5.521; BA DC
2023-01-12 11:59:00.463; Monitoring; 0; 32; 1000; 5.516; BA DC
2023-01-12 12:00:04.608; Monitoring; 1; 32; 1000; 5.515; BA DC
2023-01-12 12:01:05.359; Monitoring; 1; 32; 1000; 5.521; BA DC
2023-01-12 12:02:06.107; Monitoring; 0; 32; 1000; 5.519; BA DC
2023-01-12 12:03:06.135; Monitoring; 0; 32; 1000; 5.518; BA DC
2023-01-12 12:04:06.186; Monitoring; 1; 32; 1000; 5.514; BA DC
2023-01-12 12:05:06.269; Monitoring; 1; 32; 1000; 5.522; BA DC
2023-01-12 12:06:06.321; Monitoring; 1; 32; 1000; 5.519; BA DC
2023-01-12 12:07:06.716; Monitoring; 0; 32; 1000; 5.523; BA DC
2023-01-12 12:08:06.814; Monitoring; 1; 32; 1000; 5.519; BA DC
2023-01-12 12:09:06.840; Monitoring; 1; 32; 1000; 5.519; BA DC
2023-01-18 12:46:03.966; ImpedanceCheck; 0; 32; 1000; 5.519; BA DC
2023-01-18 12:47:04.431; Test signal; 0; 32; 1000; 5.517; BA DC
2023-01-18 12:48:05.159; Test signal; 1; 32; 1000; 5.517; BA DC
2023-01-18 12:49:05.946; Saving Test signal; 1; 32; 1000; 5.516; BA DC
2023-01-18 12:50:05.936; Saving Test signal; 1; 32; 1000; 5.516; BA DC
2023-01-18 12:51:06.009; Test signal; 0; 32; 1000; 5.516; BA DC
2023-01-18 12:52:06.711; Test signal; 1; 32; 1000; 5.516; BA DC
2023-01-18 12:53:07.526; Test signal; 0; 32; 1000; 5.515; BA DC
2023-01-18 12:54:07.601; Test signal; 1; 32; 1000; 5.516; BA DC
2023-01-18 12:55:38.274; ImpedanceCheck; 0; 32; 1000; 5.516; BA DC
2023-01-18 12:56:38.439; Test signal; 1; 32; 1000; 5.516; BA DC
2023-01-18 12:57:38.452; Test signal; 0; 32; 1000; 5.516; BA DC
2023-01-18 12:58:39.172; Test signal; 1; 32; 1000; 5.515; BA DC
2023-01-18 12:59:48.643; ImpedanceCheck; 0; 32; 1000; 5.515; BA DC
2023-01-18 13:00:49.122; Test signal; 1; 32; 1000; 5.514; BA DC
2023-01-18 13:01:49.301; Test signal; 0; 32; 1000; 5.514; BA DC
2023-01-18 13:02:57.054; ImpedanceCheck; 0; 32; 1000; 5.516; BA DC
2023-01-18 13:03:57.172; Test signal; 1; 32; 1000; 5.515; BA DC
2023-01-18 13:05:07.107; ImpedanceCheck; 0; 32; 1000; 5.515; BA DC
2023-01-18 13:06:09.725; ImpedanceCheck; 0; 32; 1000; 5.515; BA DC
2023-01-18 13:07:12.042; ImpedanceCheck; 0; 32; 1000; 5.515; BA DC
2023-01-18 13:08:16.620; ImpedanceCheck; 0; 32; 1000; 5.513; BA DC
2023-01-18 13:09:17.239; Test signal; 1; 32; 1000; 5.516; BA DC
2023-01-18 13:10:18.029; Test signal; 0; 32; 1000; 5.515; BA DC
2023-01-18 13:11:33.932; ImpedanceCheck; 0; 32; 1000; 5.516; BA DC
2023-01-18 13:12:37.151; ImpedanceCheck; 0; 32; 1000; 5.515; BA DC
2023-01-18 13:13:44.702; ImpedanceCheck; 0; 32; 1000; 5.515; BA DC
2023-01-18 13:14:45.238; Test signal; 1; 32; 1000; 5.514; BA DC
2023-01-18 13:15:45.345; Test signal; 0; 32; 1000; 5.514; BA DC
2023-01-18 13:16:53.473; ImpedanceCheck; 0; 32; 1000; 5.515; BA DC
2023-01-18 13:17:57.614; ImpedanceCheck; 0; 32; 1000; 5.511; BA DC
2023-01-18 13:18:58.139; Test signal; 0; 32; 1000; 5.511; BA DC
2023-01-18 13:19:58.322; Monitoring; 1; 32; 1000; 5.514; BA DC
2023-01-18 13:21:33.166; Test signal; 1; 32; 1000; 5.514; BA DC
2023-01-18 13:22:33.302; Saving Test signal; 1; 32; 1000; 5.514; BA DC
2023-01-20 12:05:25.660; Monitoring; 0; 32; 5000; 6.500; BA DC
2023-01-20 12:06:25.661; Monitoring; 0; 32; 5000; 5.546; BA DC
2023-02-23 11:16:46.000; ImpedanceCheck; 0; 32; 1000; 5.528; BA DC
2023-02-23 11:17:48.600; ImpedanceCheck; 0; 32; 1000; 5.528; BA DC
2023-02-23 11:18:49.196; Saving Test signal; 0; 32; 1000; 5.528; BA DC
2023-02-23 11:20:33.090; Test signal; 0; 32; 1000; 5.531; BA DC
2023-02-23 11:33:11.630; ImpedanceCheck; 0; 32; 1000; 5.529; BA DC
2023-02-23 11:34:16.344; ImpedanceCheck; 0; 32; 1000; 5.549; BA DC
2023-02-23 11:35:18.637; ImpedanceCheck; 0; 32; 1000; 5.549; BA DC
2023-02-23 11:36:21.982; ImpedanceCheck; 0; 32; 1000; 5.528; BA DC
2023-02-23 11:37:21.972; Test signal; 1; 32; 1000; 5.528; BA DC
2023-02-23 11:38:22.738; Test signal; 0; 32; 1000; 5.528; BA DC
2023-02-23 11:39:22.762; Test signal; 1; 32; 1000; 5.528; BA DC
2023-02-23 11:40:23.467; Test signal; 1; 32; 1000; 5.528; BA DC
2023-02-23 11:41:23.481; Test signal; 0; 32; 1000; 5.528; BA DC
2023-02-23 11:42:23.491; Test signal; 1; 32; 1000; 5.528; BA DC
2023-02-23 11:43:23.599; Saving Test signal; 1; 32; 1000; 5.528; BA DC
2023-02-23 11:53:50.912; ImpedanceCheck; 0; 32; 1000; 5.528; BA DC
2023-02-23 11:54:53.995; ImpedanceCheck; 0; 32; 1000; 5.528; BA DC
2023-02-23 11:55:54.240; Test signal; 0; 32; 1000; 5.529; BA DC
2023-02-23 11:57:22.423; ImpedanceCheck; 0; 32; 1000; 5.527; BA DC
2023-02-23 11:58:24.875; ImpedanceCheck; 0; 32; 1000; 5.522; BA DC
2023-02-23 11:59:27.638; ImpedanceCheck; 0; 32; 1000; 5.519; BA DC
2023-02-23 12:00:31.305; ImpedanceCheck; 0; 32; 1000; 5.518; BA DC
2023-02-23 12:01:38.236; ImpedanceCheck; 0; 32; 250; 5.527; BA DC
2023-02-23 12:03:10.208; ImpedanceCheck; 0; 32; 1000; 5.529; BA DC
2023-02-23 12:04:12.534; ImpedanceCheck; 0; 32; 1000; 5.527; BA DC
2023-02-23 12:05:16.366; ImpedanceCheck; 0; 32; 1000; 5.522; BA DC
2023-02-23 12:20:03.949; ImpedanceCheck; 0; 32; 250; 5.529; BA DC
2023-02-23 12:21:14.003; ImpedanceCheck; 0; 32; 1000; 5.530; BA DC
2023-02-23 12:22:17.905; ImpedanceCheck; 0; 32; 1000; 5.527; BA DC
2023-02-23 12:23:20.651; ImpedanceCheck; 0; 32; 1000; 5.527; BA DC
2023-02-23 12:24:23.084; ImpedanceCheck; 0; 32; 1000; 5.529; BA DC
2023-02-23 12:25:23.744; Monitoring; 1; 32; 1000; 5.528; BA DC
2023-02-23 12:26:23.752; Monitoring; 1; 32; 1000; 5.528; BA DC
2023-02-23 12:27:24.469; Test signal; 1; 32; 1000; 5.528; BA DC
2023-02-23 12:28:32.912; ImpedanceCheck; 0; 32; 1000; 5.529; BA DC
2023-02-23 12:29:35.364; ImpedanceCheck; 0; 32; 1000; 5.529; BA DC
2023-02-23 12:30:37.668; ImpedanceCheck; 0; 32; 1000; 5.529; BA DC
2023-02-23 12:31:40.254; ImpedanceCheck; 0; 32; 1000; 5.529; BA DC
2023-02-23 12:32:44.174; ImpedanceCheck; 0; 32; 1000; 5.534; BA DC
2023-02-23 12:33:47.368; ImpedanceCheck; 0; 32; 1000; 5.532; BA DC
2023-03-15 13:48:41.656; ImpedanceCheck; 0; 1; 1000; 5.523; ExG16
2023-03-15 13:49:45.570; ImpedanceCheck; 0; 1; 1000; 5.522; ExG16
2023-03-21 11:26:39.480; ImpedanceCheck; 0; 32; 1000; 5.527; BA DC
2023-03-21 11:27:42.351; ImpedanceCheck; 0; 32; 1000; 5.532; BA DC
2023-03-21 11:28:42.397; Test signal; 1; 32; 1000; 5.531; BA DC
2023-03-21 11:29:42.452; Test signal; 0; 32; 1000; 5.528; BA DC
2023-03-21 11:30:42.428; Test signal; 1; 32; 1000; 5.528; BA DC
2023-03-21 11:31:42.554; Test signal; 1; 32; 1000; 5.528; BA DC
2023-03-21 11:32:43.223; Test signal; 1; 32; 1000; 5.528; BA DC
2023-03-21 11:33:43.565; ImpedanceCheck; 0; 32; 1000; 5.528; BA DC
2023-03-21 11:34:46.034; ImpedanceCheck; 0; 32; 1000; 5.529; BA DC
2023-03-21 11:35:48.519; ImpedanceCheck; 0; 32; 1000; 5.529; BA DC
2023-03-21 11:36:50.849; ImpedanceCheck; 0; 32; 1000; 5.528; BA DC
2023-03-21 11:37:53.301; ImpedanceCheck; 0; 32; 1000; 5.528; BA DC
2023-03-21 11:38:55.613; ImpedanceCheck; 0; 32; 1000; 5.529; BA DC
2023-03-21 11:39:58.091; ImpedanceCheck; 0; 32; 1000; 5.528; BA DC
2023-03-21 11:41:00.421; ImpedanceCheck; 0; 32; 1000; 5.528; BA DC
2023-03-21 11:42:06.730; ImpedanceCheck; 0; 32; 1000; 5.534; BA DC
2023-03-21 11:43:09.511; ImpedanceCheck; 0; 32; 1000; 5.527; BA DC
2023-03-21 11:44:11.847; ImpedanceCheck; 0; 32; 1000; 5.527; BA DC
2023-03-21 11:45:15.035; ImpedanceCheck; 0; 32; 1000; 5.527; BA DC
2023-03-21 11:46:15.017; Test signal; 0; 32; 1000; 5.528; BA DC
2023-03-21 11:47:19.891; ImpedanceCheck; 0; 32; 1000; 5.529; BA DC
2023-03-21 11:48:20.824; ImpedanceCheck; 0; 32; 1000; 5.528; BA DC
2023-03-21 11:49:23.144; ImpedanceCheck; 0; 32; 1000; 5.528; BA DC
2023-03-21 11:50:23.552; Monitoring; 1; 32; 1000; 5.529; BA DC
2023-03-21 11:51:24.315; Monitoring; 0; 32; 1000; 5.529; BA DC
2023-03-21 11:52:31.373; ImpedanceCheck; 0; 32; 1000; 5.529; BA DC
2023-03-21 11:53:36.102; ImpedanceCheck; 0; 32; 1000; 5.524; BA DC
2023-03-21 11:54:36.732; Monitoring; 0; 32; 1000; 5.524; BA DC
2023-03-21 11:55:36.767; Monitoring; 0; 32; 1000; 5.529; BA DC
2023-03-21 11:56:36.772; Monitoring; 1; 32; 1000; 5.529; BA DC
2023-03-21 11:57:36.768; Monitoring; 0; 32; 1000; 5.529; BA DC
2023-03-21 11:58:36.775; Monitoring; 1; 32; 1000; 5.529; BA DC
2023-03-21 11:59:36.785; Monitoring; 1; 32; 1000; 5.528; BA DC
2023-03-21 12:00:37.207; Monitoring; 1; 32; 1000; 5.528; BA DC
2023-03-21 12:01:37.224; Monitoring; 0; 32; 1000; 5.528; BA DC
2023-03-21 12:02:45.353; ImpedanceCheck; 0; 32; 1000; 5.528; BA DC
2023-03-21 12:03:45.353; Monitoring; 0; 32; 1000; 5.528; BA DC
2023-03-21 12:04:45.774; Test signal; 0; 32; 1000; 5.528; BA DC
2023-03-21 12:05:46.301; Test signal; 1; 32; 1000; 5.528; BA DC
2023-03-21 12:06:47.698; Test signal; 1; 32; 1000; 5.528; BA DC
2023-03-21 12:07:48.074; Test signal; 0; 32; 1000; 5.528; BA DC
2023-03-21 12:08:48.753; Test signal; 0; 32; 1000; 5.528; BA DC
2023-03-21 12:09:48.766; Monitoring; 1; 32; 1000; 5.528; BA DC
2023-03-21 12:10:48.870; Monitoring; 0; 32; 1000; 5.528; BA DC
2023-03-21 12:12:13.343; ImpedanceCheck; 0; 32; 1000; 5.534; BA DC
2023-03-21 12:13:18.160; ImpedanceCheck; 0; 32; 1000; 5.528; BA DC
2023-03-21 12:14:18.206; Saving; 1; 32; 1000; 5.529; BA DC
2023-03-21 12:16:31.897; ImpedanceCheck; 0; 32; 1000; 5.528; BA DC
2023-03-21 12:17:32.399; Monitoring; 0; 32; 1000; 5.528; BA DC
2023-03-28 14:41:15.465; Monitoring; 0; 16; 1000; 6.500; ExG16
2023-03-28 14:42:16.125; Monitoring; 0; 16; 1000; 6.500; ExG16
2023-03-28 14:43:16.888; Monitoring; 1; 16; 1000; 6.500; ExG16
2023-03-28 14:45:18.295; Monitoring; 1; 32; 5000; 6.500; BA DC
2023-03-28 14:46:18.270; Monitoring; 1; 32; 5000; 6.500; BA DC
2023-03-28 14:47:18.679; Monitoring; 0; 32; 5000; 6.500; BA DC
2023-03-28 14:48:19.122; Monitoring; 1; 32; 5000; 5.282; BA DC
2023-03-28 14:49:19.118; Saving; 1; 32; 5000; 5.171; BA DC
2023-03-28 14:50:21.224; Monitoring; 1; 32; 5000; 5.167; BA DC
2023-03-28 14:51:53.227; Monitoring; 1; 32; 5000; 5.529; BA DC
2023-03-28 14:52:53.231; Monitoring; 1; 32; 5000; 5.529; BA DC
2023-03-28 14:53:53.848; Saving; 1; 32; 5000; 5.529; BA DC
2023-04-04 12:09:56.906; Monitoring; 1; 16; 1000; 6.500; ExG16
2023-04-04 12:10:57.755; Monitoring; 1; 16; 1000; 6.500; ExG16
2023-04-04 12:11:58.518; Monitoring; 0; 16; 1000; 6.500; ExG16
2023-04-04 12:12:59.342; Monitoring; 0; 16; 1000; 6.500; ExG16
2023-04-04 12:14:00.059; Monitoring; 0; 16; 1000; 6.500; ExG16
2023-04-04 12:15:00.120; Monitoring; 0; 16; 1000; 6.500; ExG16
2023-04-04 12:16:00.898; Monitoring; 1; 16; 1000; 6.500; ExG16
2023-04-04 12:17:01.004; Monitoring; 1; 16; 1000; 6.500; ExG16
2023-04-04 12:18:01.700; Monitoring; 1; 16; 1000; 6.500; ExG16
2023-04-04 12:19:02.534; Monitoring; 1; 16; 1000; 6.500; ExG16
2023-04-04 12:20:03.416; Monitoring; 1; 16; 1000; 6.500; ExG16
2023-04-04 12:21:04.095; Monitoring; 0; 16; 1000; 5.526; ExG16
2023-04-04 12:22:04.213; Monitoring; 0; 16; 1000; 5.526; ExG16
2023-04-04 12:23:04.856; Monitoring; 1; 16; 1000; 5.526; ExG16
2023-04-04 12:24:04.937; Monitoring; 0; 16; 1000; 5.526; ExG16
2023-04-04 12:25:05.734; Monitoring; 0; 16; 1000; 5.526; ExG16
2023-04-04 12:26:05.755; Monitoring; 0; 16; 1000; 5.526; ExG16
2023-04-04 12:27:05.801; Monitoring; 1; 16; 1000; 5.526; ExG16
2023-04-04 12:28:06.525; Monitoring; 1; 16; 1000; 5.526; ExG16
2023-04-04 12:29:06.557; Monitoring; 0; 16; 1000; 5.526; ExG16
2023-04-04 12:30:07.428; Monitoring; 0; 16; 1000; 5.526; ExG16
2023-04-04 12:31:08.152; Monitoring; 0; 16; 1000; 5.526; ExG16
2023-04-04 12:34:54.723; Monitoring; 0; 16; 1000; 5.526; ExG16
2023-04-04 12:36:01.317; Monitoring; 1; 16; 1000; 5.526; ExG16
2023-04-04 12:37:02.054; Monitoring; 1; 16; 1000; 5.526; ExG16
2023-04-04 12:38:02.064; Monitoring; 0; 16; 1000; 5.526; ExG16
2023-04-04 12:39:02.141; Monitoring; 1; 16; 1000; 5.526; ExG16
2023-04-04 12:40:02.879; Monitoring; 0; 16; 1000; 5.526; ExG16
2023-04-04 12:41:03.573; Monitoring; 0; 16; 1000; 5.526; ExG16
2023-04-04 12:42:03.638; Monitoring; 0; 16; 1000; 5.526; ExG16
2023-04-04 12:51:04.283; Monitoring; 0; 16; 1000; 5.526; ExG16
2023-04-04 12:52:11.531; Monitoring; 0; 16; 1000; 5.526; ExG16
2023-04-04 12:55:12.492; Monitoring; 0; 16; 1000; 5.526; ExG16
2023-04-04 12:56:12.769; Monitoring; 0; 16; 1000; 5.526; ExG16
2023-04-04 12:57:14.706; Monitoring; 0; 16; 1000; 5.526; ExG16
2023-04-04 13:12:45.885; Monitoring; 0; 16; 1000; 5.526; ExG16
2023-04-04 13:13:46.458; Monitoring; 1; 16; 1000; 5.526; ExG16
2023-04-04 13:14:54.873; Monitoring; 0; 16; 1000; 5.526; ExG16
2023-04-04 13:15:55.287; Monitoring; 1; 16; 1000; 5.526; ExG16
2023-04-04 13:17:19.596; Monitoring; 0; 16; 1000; 5.526; ExG16
2023-04-04 13:18:20.150; Monitoring; 1; 16; 1000; 5.526; ExG16
2023-04-04 13:19:35.020; Monitoring; 0; 16; 1000; 5.526; ExG16
2023-04-04 13:20:45.567; Monitoring; 0; 16; 1000; 5.526; ExG16
2023-04-04 13:22:00.668; Monitoring; 0; 16; 1000; 5.526; ExG16
2023-04-04 13:23:00.858; Monitoring; 0; 16; 1000; 5.526; ExG16
2023-04-04 13:24:52.292; Monitoring; 0; 16; 1000; 5.526; ExG16
2023-04-04 13:26:39.463; Monitoring; 1; 16; 1000; 5.526; ExG16
2023-04-04 13:45:52.705; Monitoring; 1; 16; 1000; 5.526; ExG16
2023-04-04 13:46:56.612; Monitoring; 0; 16; 1000; 5.526; ExG16
2023-04-04 14:11:05.293; Monitoring; 1; 16; 1000; 5.526; ExG16
2023-04-04 14:12:05.413; Monitoring; 0; 16; 1000; 5.526; ExG16
2023-04-04 14:13:06.056; Monitoring; 0; 16; 1000; 5.526; ExG16
2023-04-04 14:14:06.175; Monitoring; 1; 16; 1000; 5.526; ExG16
2023-04-04 14:15:06.885; Monitoring; 0; 16; 1000; 5.526; ExG16
2023-04-04 14:26:44.750; Monitoring; 1; 16; 1000; 5.526; ExG16
2023-04-04 14:27:44.751; Monitoring; 1; 16; 1000; 5.526; ExG16
2023-04-13 12:19:26.102; Monitoring; 0; 16; 1000; 6.500; ExG16
2023-04-13 12:20:52.243; Monitoring; 1; 16; 1000; 6.500; ExG16
2023-04-13 12:28:08.556; Monitoring; 1; 16; 1000; 6.500; ExG16
2023-04-13 12:35:07.541; Monitoring; 0; 16; 1000; 6.500; ExG16
2023-04-13 12:36:42.598; Monitoring; 1; 16; 1000; 6.500; ExG16
2023-04-13 12:37:42.665; Monitoring; 1; 16; 1000; 6.500; ExG16
2023-04-13 12:38:43.387; Monitoring; 0; 16; 1000; 6.500; ExG16
2023-04-13 12:40:01.267; Monitoring; 1; 16; 1000; 6.500; ExG16
2023-05-04 12:59:58.797; Test signal; 0; 16; 1000; 5.528; ExG16
2023-05-04 13:00:58.927; Test signal; 1; 16; 1000; 5.528; ExG16
2023-05-04 13:01:59.860; Test signal; 0; 16; 1000; 5.528; ExG16
2023-05-04 13:03:00.511; Test signal; 0; 16; 1000; 5.528; ExG16
2023-05-04 13:04:01.341; Saving Test signal; 1; 16; 1000; 5.528; ExG16
2023-05-04 13:10:10.212; Monitoring; 0; 16; 1000; 5.528; ExG16
2023-05-04 13:11:10.889; Saving; 1; 16; 1000; 5.528; ExG16
2023-05-04 13:12:10.872; Saving; 0; 16; 1000; 5.528; ExG16
2023-05-04 13:13:10.922; Saving; 0; 16; 1000; 5.528; ExG16
2023-05-04 13:14:11.570; Monitoring; 1; 16; 1000; 5.528; ExG16
2023-05-04 13:15:11.574; Saving; 0; 16; 1000; 5.528; ExG16
2023-05-04 13:16:11.569; Saving; 1; 16; 1000; 5.528; ExG16
2023-05-04 13:22:33.016; ImpedanceCheck; 0; 32; 250; 5.529; BA DC
2023-05-04 13:23:33.676; Saving Test signal; 1; 32; 250; 5.528; BA DC
2023-05-04 13:28:53.603; Test signal; 1; 32; 250; 5.526; BA DC
2023-05-04 13:29:54.365; Saving Test signal; 1; 32; 250; 5.526; BA DC
2023-05-04 13:33:36.887; Test signal; 1; 32; 250; 5.526; BA DC
2023-05-04 13:34:36.984; Saving Test signal; 0; 32; 250; 5.526; BA DC
2023-05-04 15:00:49.203; Monitoring; 1; 32; 5000; 5.541; BA DC
2023-05-04 15:01:58.154; Monitoring; 1; 32; 5000; 5.540; BA DC
2023-05-04 15:07:44.610; ImpedanceCheck; 0; 32; 5000; 5.540; BA DC
2023-05-04 15:08:47.498; ImpedanceCheck; 0; 32; 5000; 5.539; BA DC
2023-05-04 15:09:49.947; ImpedanceCheck; 0; 32; 5000; 5.539; BA DC
2023-05-04 15:10:52.383; ImpedanceCheck; 0; 32; 5000; 5.539; BA DC
2023-05-12 14:34:00.970; Monitoring; 0; 16; 1000; 5.525; ExG16
2023-05-12 14:35:01.041; Monitoring; 0; 16; 1000; 5.525; ExG16
2023-05-12 14:36:01.065; Monitoring; 0; 16; 1000; 5.525; ExG16
2023-05-12 14:37:01.844; Saving; 0; 16; 1000; 5.525; ExG16
2023-05-12 14:53:56.551; Monitoring; 1; 16; 1000; 6.500; ExG16
2023-05-12 14:54:57.384; Monitoring; 0; 16; 1000; 6.500; ExG16
2023-05-12 14:56:53.254; Monitoring; 0; 16; 1000; 5.524; ExG16
2023-05-12 14:57:53.986; Saving; 0; 16; 1000; 5.524; ExG16
2023-06-08 12:16:36.594; ImpedanceCheck; 0; 32; 1000; 5.525; BA DC
2023-06-08 12:17:36.719; Test signal; 1; 32; 1000; 5.525; BA DC
2023-06-08 12:18:37.502; Test signal; 1; 32; 1000; 5.525; BA DC
2023-06-08 12:19:37.602; Test signal; 1; 32; 1000; 5.525; BA DC
2023-06-08 12:20:50.356; Test signal; 1; 32; 1000; 5.525; BA DC
2023-06-08 12:21:50.396; Saving Test signal; 1; 32; 1000; 5.525; BA DC
2023-06-15 09:45:06.783; Monitoring; 0; 32; 5000; 6.500; BA DC
2023-06-15 09:46:06.761; Monitoring; 1; 32; 5000; 6.500; BA DC
2023-06-15 09:47:06.892; Monitoring; 0; 32; 5000; 6.500; BA DC
2023-06-15 09:48:07.647; Monitoring; 0; 32; 5000; 6.500; BA DC
2023-06-15 09:49:08.406; Monitoring; 0; 32; 5000; 6.500; BA DC
2023-06-15 09:50:09.138; Monitoring; 1; 32; 5000; 6.500; BA DC
2023-06-15 09:51:09.264; Monitoring; 0; 32; 5000; 6.500; BA DC
2023-06-15 09:52:09.886; Monitoring; 0; 32; 5000; 6.500; BA DC
2023-06-15 09:53:09.877; Monitoring; 0; 32; 5000; 6.500; BA DC
2023-06-15 09:54:09.855; Monitoring; 0; 32; 5000; 6.500; BA DC
2023-06-15 09:55:09.894; Monitoring; 1; 32; 5000; 6.500; BA DC
2023-06-15 09:56:09.880; Monitoring; 1; 32; 5000; 6.500; BA DC
2023-06-15 09:57:09.913; Monitoring; 1; 32; 5000; 6.500; BA DC
2023-06-15 09:58:09.952; Monitoring; 0; 32; 5000; 6.500; BA DC
2023-06-15 09:59:09.965; Monitoring; 1; 32; 5000; 6.500; BA DC
2023-06-15 10:00:10.616; Monitoring; 0; 32; 5000; 6.500; BA DC
2023-06-15 10:01:10.651; Monitoring; 1; 32; 5000; 6.500; BA DC
2023-06-15 10:02:10.743; Monitoring; 0; 32; 5000; 6.500; BA DC
2023-06-15 10:03:11.435; Monitoring; 0; 32; 5000; 6.500; BA DC
2023-06-15 10:04:11.416; Monitoring; 1; 32; 5000; 6.500; BA DC
2023-06-15 10:05:11.458; Monitoring; 0; 32; 5000; 6.500; BA DC
2023-06-15 10:06:11.501; Monitoring; 1; 32; 5000; 6.500; BA DC
2023-06-15 10:07:12.249; Monitoring; 1; 32; 5000; 6.500; BA DC
2023-06-15 10:08:13.126; Monitoring; 0; 32; 5000; 6.500; BA DC
2023-06-15 10:09:13.121; Monitoring; 1; 32; 5000; 6.500; BA DC
2023-06-15 10:10:13.804; Monitoring; 0; 32; 5000; 6.500; BA DC
2023-06-15 10:11:13.859; Saving; 1; 32; 5000; 6.500; BA DC
2023-06-15 10:15:58.457; Monitoring; 0; 32; 5000; 6.500; BA DC
2023-06-15 10:16:58.463; Monitoring; 0; 32; 5000; 6.500; BA DC
2023-06-15 10:17:58.485; Saving; 1; 32; 5000; 6.500; BA DC
2023-06-15 12:55:59.115; ImpedanceCheck; 0; 32; 5000; 5.527; BA DC
2023-06-15 12:57:03.733; ImpedanceCheck; 0; 32; 5000; 5.524; BA DC
2023-06-15 12:58:03.894; Test signal; 1; 32; 5000; 5.524; BA DC
2023-06-20 08:16:13.758; Monitoring; 0; 16; 1000; 6.500; ExG16
