2021-08-31 11:40:55.952; Monitoring; 0; 19; 250; 4.438; 
2021-08-31 11:43:13.017; Monitoring; 0; 43; 500; 4.427; 
2021-08-31 11:44:13.142; Monitoring; 0; 43; 500; 4.377; 
2021-08-31 11:45:13.199; Monitoring; 0; 43; 500; 4.370; 
2021-08-31 11:46:13.952; Monitoring; 0; 43; 500; 4.393; 
2021-08-31 11:47:14.014; Saving; 0; 43; 500; 4.380; 
2021-08-31 11:48:14.786; Saving; 0; 43; 500; 4.381; 
2021-08-31 11:49:15.537; Saving; 0; 43; 500; 4.386; 
2021-08-31 11:50:15.590; Saving; 0; 43; 500; 4.400; 
2021-08-31 11:51:16.361; Saving; 0; 43; 500; 4.400; 
2021-08-31 11:52:16.380; Saving; 0; 43; 500; 4.400; 
2021-08-31 12:30:33.712; Monitoring; 0; 19; 250; 3.838; 
2021-08-31 12:33:37.822; Monitoring; 0; 19; 250; 3.828; 
2021-08-31 12:34:37.837; Monitoring; 3; 19; 250; 3.823; 
2021-09-01 14:40:05.849; Monitoring; 0; 35; 500; 4.200; 
2021-09-01 14:41:06.612; Monitoring; 0; 35; 500; 3.714; 
2021-09-01 14:42:06.607; Monitoring; 0; 35; 500; 3.711; 
2021-09-01 14:43:07.392; Monitoring; 0; 35; 500; 3.709; 
2021-09-01 14:44:07.455; Monitoring; 0; 35; 500; 3.707; 
2021-09-01 14:45:08.212; Monitoring; 0; 35; 500; 3.706; 
2021-09-01 14:46:08.274; Monitoring; 0; 35; 500; 3.703; 
2021-09-01 14:47:09.036; Monitoring; 0; 35; 500; 3.697; 
2021-09-01 14:48:09.807; Monitoring; 0; 35; 500; 3.697; 
2021-09-01 14:49:09.871; Monitoring; 0; 35; 500; 3.706; 
2021-09-01 14:50:10.646; Monitoring; 0; 35; 500; 3.706; 
2021-09-01 14:51:10.705; Monitoring; 0; 35; 500; 3.687; 
2021-09-01 14:52:10.731; ImpedanceCheck; 0; 35; 500; 3.674; 
2021-09-01 14:53:10.738; ImpedanceCheck; 0; 35; 500; 3.670; 
2021-09-01 14:54:10.903; Monitoring; 0; 35; 500; 3.690; 
2021-09-01 14:55:11.643; Monitoring; 0; 35; 500; 3.687; 
2021-09-01 15:34:22.146; Monitoring; 0; 35; 500; 3.706; 
2021-09-01 15:35:22.184; Monitoring; 0; 35; 500; 3.687; 
2021-09-01 15:36:22.556; Monitoring; 0; 35; 500; 3.681; 
2021-09-01 15:37:22.590; Monitoring; 0; 35; 500; 3.684; 
2021-09-01 15:38:22.598; Monitoring; 0; 35; 500; 3.680; 
2021-09-01 15:39:22.647; Monitoring; 0; 35; 500; 3.676; 
2021-09-01 15:40:41.973; Monitoring; 0; 35; 500; 3.677; 
2021-09-01 15:41:42.130; Monitoring; 0; 35; 500; 3.674; 
2021-09-01 15:42:42.123; Monitoring; 0; 35; 500; 4.432; 
2021-09-01 15:43:42.884; Monitoring; 0; 35; 500; 4.440; 
2021-09-01 15:44:42.947; Monitoring; 0; 35; 500; 4.420; 
2021-09-01 15:45:43.713; Monitoring; 0; 35; 500; 4.438; 
2021-09-01 15:46:43.771; Monitoring; 0; 35; 500; 4.434; 
2021-09-01 15:47:44.539; Monitoring; 0; 35; 500; 4.438; 
2021-09-01 15:48:44.600; Monitoring; 0; 35; 500; 4.421; 
2021-09-01 15:49:45.312; Monitoring; 0; 35; 500; 4.421; 
2021-09-01 15:50:45.360; Monitoring; 0; 35; 500; 4.427; 
2021-09-01 15:51:46.131; Monitoring; 0; 35; 500; 4.427; 
2021-09-01 15:52:46.180; Monitoring; 0; 35; 500; 4.427; 
2021-09-01 15:53:46.950; Saving; 0; 35; 500; 4.421; 
2021-09-01 15:54:47.001; Saving; 0; 35; 500; 4.426; 
2021-09-01 15:55:51.203; Monitoring; 0; 35; 500; 4.447; 
2021-09-01 15:56:51.975; Saving; 0; 35; 500; 4.427; 
2021-09-01 15:57:52.034; Monitoring; 0; 35; 500; 4.421; 
2021-09-01 15:58:52.807; Monitoring; 0; 35; 500; 4.429; 
2021-09-01 15:59:53.575; Monitoring; 0; 35; 500; 4.431; 
2021-09-01 16:00:53.627; Monitoring; 0; 35; 500; 4.421; 
2021-09-01 16:01:54.385; Monitoring; 0; 35; 500; 4.421; 
2021-09-01 16:02:54.500; Saving; 0; 35; 500; 4.418; 
2021-09-01 16:03:54.535; Saving; 0; 35; 500; 4.418; 
2021-09-01 16:04:55.273; Monitoring; 0; 35; 500; 4.426; 
2021-09-01 16:05:56.043; Monitoring; 0; 35; 500; 4.422; 
2021-09-01 16:06:56.080; Monitoring; 0; 35; 500; 4.432; 
2021-09-01 16:07:56.067; Monitoring; 0; 35; 500; 4.426; 
2021-09-01 16:08:56.795; Monitoring; 0; 35; 500; 4.425; 
2021-09-01 16:09:56.817; Monitoring; 0; 35; 500; 4.427; 
2021-09-01 16:10:56.828; Monitoring; 0; 35; 500; 4.425; 
2021-09-01 16:11:56.813; Monitoring; 0; 35; 500; 4.416; 
2021-09-01 16:12:57.577; Monitoring; 0; 35; 500; 4.431; 
2021-09-02 11:11:26.844; Monitoring; 0; 35; 500; 3.798; 
2021-09-02 11:12:29.352; Monitoring; 0; 35; 500; 3.789; 
2021-09-02 11:13:29.466; Monitoring; 0; 35; 500; 3.773; 
2021-09-02 11:14:29.622; Monitoring; 0; 35; 500; 3.775; 
2021-09-02 11:15:30.185; Monitoring; 0; 35; 500; 3.767; 
2021-09-09 10:10:51.985; ImpedanceCheck; 0; 32; 1000; 3.801; 
2021-09-09 10:11:51.975; ImpedanceCheck; 0; 32; 1000; 3.739; 
2021-09-09 10:12:52.282; Monitoring; 0; 32; 1000; 3.750; 
2021-09-09 10:13:52.861; Monitoring; 0; 32; 1000; 3.746; 
2021-09-09 10:14:53.654; Saving; 0; 32; 1000; 3.746; 
2021-09-09 10:16:24.476; Monitoring; 0; 32; 1000; 4.200; 
2021-09-09 10:17:24.479; Saving; 0; 32; 1000; 3.743; 
2021-09-09 10:18:25.226; Saving; 0; 32; 1000; 3.734; 
2021-09-27 11:09:16.162; Test signal; 0; 35; 500; 3.753; 
2021-09-27 11:10:16.222; Test signal; 0; 35; 500; 3.756; 
2021-09-27 11:11:16.530; Monitoring; 0; 35; 500; 3.750; 
2021-09-27 11:12:17.268; Monitoring; 0; 35; 500; 3.746; 
2021-09-27 11:13:17.310; Monitoring; 0; 35; 500; 3.747; 
2021-09-27 11:14:18.054; Monitoring; 0; 35; 500; 3.746; 
2021-09-27 11:15:18.109; Monitoring; 0; 35; 500; 3.744; 
2021-09-27 11:16:18.413; Monitoring; 0; 35; 500; 3.744; 
2021-09-27 11:17:18.452; Saving; 0; 35; 500; 3.742; 
2021-10-01 16:51:51.047; Monitoring; 0; 35; 500; 3.717; 
2021-10-01 16:52:51.046; Monitoring; 0; 35; 500; 3.696; 
2021-10-01 16:53:51.125; Monitoring; 0; 35; 500; 3.697; 
2021-10-01 16:54:51.190; Monitoring; 0; 35; 500; 3.697; 
2021-10-01 16:55:51.929; Monitoring; 0; 35; 500; 3.697; 
2021-10-01 16:56:52.704; Monitoring; 0; 35; 500; 3.697; 
2021-10-06 15:48:57.345; ImpedanceCheck; 0; 11; 500; 3.701; 
2021-10-06 15:49:57.363; ImpedanceCheck; 0; 11; 500; 3.671; 
2021-10-06 15:51:35.000; ImpedanceCheck; 0; 11; 500; 3.701; 
2021-10-06 15:52:35.021; ImpedanceCheck; 0; 11; 500; 3.671; 
2021-10-06 15:53:35.048; ImpedanceCheck; 0; 11; 500; 3.677; 
2021-10-06 15:54:35.688; Monitoring; 0; 11; 500; 3.684; 
2021-10-06 15:55:35.693; Monitoring; 0; 11; 500; 3.684; 
2021-10-06 15:56:36.448; Monitoring; 0; 11; 500; 3.684; 
2021-10-06 15:57:36.494; Monitoring; 0; 11; 500; 3.680; 
2021-10-06 15:58:37.261; Monitoring; 0; 11; 500; 3.680; 
2021-10-07 16:45:28.534; Test signal; 0; 35; 500; 3.701; 
2021-10-07 16:46:28.836; Monitoring; 0; 35; 500; 3.657; 
2021-10-13 13:55:59.070; Monitoring; 0; 35; 500; 3.663; 
2021-10-13 13:56:59.069; Monitoring; 0; 35; 500; 3.660; 
2021-10-13 13:57:59.130; Monitoring; 0; 35; 500; 3.661; 
2021-10-13 13:58:59.905; Monitoring; 0; 35; 500; 3.657; 
2021-10-13 14:00:00.666; Monitoring; 0; 35; 500; 3.657; 
2021-10-13 14:01:00.721; Monitoring; 0; 35; 500; 3.651; 
2021-10-13 14:02:01.493; Saving; 0; 35; 500; 3.654; 
2021-10-28 16:10:15.893; Monitoring; 0; 35; 500; 3.849; 
2021-10-28 16:11:15.901; Monitoring; 0; 35; 500; 3.845; 
2021-10-28 16:16:32.879; Monitoring; 0; 19; 500; 3.855; 
2021-10-28 16:17:44.634; Monitoring; 0; 19; 500; 3.846; 
2021-10-28 16:20:36.990; Monitoring; 0; 19; 500; 3.848; 
2021-10-28 16:21:37.054; Monitoring; 0; 19; 500; 3.825; 
2021-10-28 16:22:37.834; Saving; 0; 19; 500; 3.829; 
2021-10-28 16:25:48.542; ImpedanceCheck; 0; 19; 500; 3.849; 
2021-10-28 16:26:48.533; ImpedanceCheck; 0; 19; 500; 3.839; 
2021-10-28 16:27:48.539; ImpedanceCheck; 0; 19; 500; 3.838; 
2021-10-28 16:28:48.561; ImpedanceCheck; 0; 19; 500; 3.835; 
2021-10-28 16:48:42.391; ImpedanceCheck; 0; 19; 500; 3.845; 
2021-10-28 16:49:42.388; ImpedanceCheck; 0; 19; 500; 3.806; 
2021-10-28 16:50:42.375; ImpedanceCheck; 0; 19; 500; 3.799; 
2021-10-28 16:51:42.388; ImpedanceCheck; 0; 19; 500; 3.792; 
2021-10-28 17:19:54.436; ImpedanceCheck; 0; 19; 500; 3.809; 
2021-11-02 17:06:05.448; ImpedanceCheck; 0; 19; 500; 3.803; 
2021-11-02 17:08:06.767; ImpedanceCheck; 0; 19; 500; 3.801; 
2021-11-02 17:09:06.774; ImpedanceCheck; 0; 19; 500; 3.756; 
2021-11-02 17:10:06.792; ImpedanceCheck; 0; 19; 500; 3.753; 
2021-11-02 17:11:07.151; Monitoring; 0; 19; 500; 3.765; 
2021-11-02 17:12:07.923; Saving; 0; 19; 500; 3.766; 
2021-11-02 17:13:08.702; Saving; 0; 19; 500; 3.765; 
2021-11-16 11:19:55.883; Monitoring; 0; 35; 500; 3.732; 
2021-11-16 11:20:56.619; Monitoring; 0; 35; 500; 3.717; 
2021-11-16 11:22:53.921; Monitoring; 0; 35; 500; 3.746; 
2021-11-16 11:23:53.991; Saving; 0; 35; 500; 3.717; 
2021-11-16 11:24:54.761; Saving; 0; 35; 500; 3.720; 
2021-11-16 11:25:54.831; Monitoring; 0; 35; 500; 3.720; 
2021-11-16 11:26:54.840; Monitoring; 0; 35; 500; 3.713; 
2021-11-16 11:27:55.623; Monitoring; 0; 35; 500; 3.711; 
2021-11-16 11:28:56.379; Monitoring; 0; 35; 500; 3.717; 
2021-11-16 11:30:06.695; Test signal; 0; 35; 500; 3.733; 
2021-11-16 15:44:56.639; Monitoring; 0; 35; 500; 3.700; 
2021-11-16 15:45:56.737; Saving; 0; 35; 500; 3.691; 
2021-11-16 15:46:56.785; Saving; 0; 35; 500; 3.690; 
2021-11-16 15:47:57.520; Saving; 0; 35; 500; 3.687; 
2021-11-16 15:48:57.550; Saving; 0; 35; 500; 3.687; 
2021-11-16 15:49:57.555; Saving; 0; 35; 500; 3.684; 
2021-11-18 15:35:06.986; Monitoring; 0; 35; 500; 3.668; 
2021-11-18 15:36:07.018; Monitoring; 0; 35; 500; 3.657; 
2021-11-18 15:37:07.029; Monitoring; 0; 35; 500; 3.654; 
2021-11-18 15:38:07.791; Saving; 0; 35; 500; 3.654; 
2021-11-18 15:39:07.866; Monitoring; 0; 35; 500; 3.654; 
2021-11-18 15:40:08.626; Monitoring; 0; 35; 500; 3.651; 
2021-11-18 15:41:09.021; Monitoring; 0; 35; 500; 3.644; 
2021-11-29 14:26:33.513; Monitoring; 0; 35; 500; 3.690; 
2021-11-29 14:27:33.528; Monitoring; 0; 35; 500; 3.678; 
2021-11-29 14:28:34.278; Saving; 0; 35; 500; 3.677; 
2021-12-07 15:31:12.312; ImpedanceCheck; 0; 35; 500; 3.691; 
2021-12-07 15:32:12.332; ImpedanceCheck; 0; 35; 500; 3.625; 
2021-12-07 15:33:12.330; ImpedanceCheck; 0; 35; 500; 3.631; 
2021-12-08 15:09:24.915; ImpedanceCheck; 0; 19; 500; 3.684; 
2021-12-08 15:10:24.937; ImpedanceCheck; 0; 19; 500; 3.637; 
2021-12-08 15:11:24.947; ImpedanceCheck; 0; 19; 500; 3.632; 
2021-12-08 15:12:24.963; ImpedanceCheck; 0; 19; 500; 3.632; 
2021-12-08 15:13:25.743; Monitoring; 0; 19; 500; 3.654; 
2021-12-08 15:14:26.520; Saving; 0; 19; 500; 3.660; 
2022-01-24 10:07:48.654; Test signal; 0; 35; 500; 3.789; 
2022-01-24 10:13:41.499; Monitoring; 0; 35; 500; 3.770; 
2022-01-24 10:14:41.500; Monitoring; 0; 35; 500; 3.757; 
2022-01-24 10:24:05.276; Monitoring; 0; 35; 500; 3.759; 
2022-01-24 10:25:06.025; Monitoring; 0; 35; 500; 3.740; 
2022-01-24 10:26:06.116; Monitoring; 0; 35; 500; 3.736; 
2022-01-24 10:27:06.879; Saving; 0; 35; 500; 3.732; 
2022-01-24 10:28:06.935; Monitoring; 0; 35; 500; 3.733; 
2022-01-24 15:39:47.912; ImpedanceCheck; 0; 67; 500; 3.706; 
2022-01-24 15:40:47.935; ImpedanceCheck; 0; 67; 500; 3.588; 
2022-01-24 15:41:47.955; ImpedanceCheck; 0; 67; 500; 3.588; 
2022-01-24 15:42:48.075; Monitoring; 0; 67; 500; 3.661; 
2022-01-24 15:43:48.844; Monitoring; 0; 67; 500; 3.668; 
2022-01-24 15:44:48.891; Saving; 0; 67; 500; 3.664; 
2022-01-24 15:45:49.688; Monitoring; 0; 67; 500; 3.661; 
2022-01-24 15:46:49.696; Monitoring; 0; 67; 500; 3.667; 
2022-01-24 15:47:50.465; Saving; 0; 67; 500; 3.665; 
2022-01-24 16:13:40.224; Test signal; 0; 67; 500; 3.676; 
2022-01-24 16:14:40.289; Test signal; 0; 67; 500; 3.655; 
2022-03-01 10:23:22.562; Monitoring; 0; 34; 250; 3.767; 
2022-03-03 13:21:36.295; ImpedanceCheck; 0; 35; 500; 3.776; 
2022-03-03 13:22:36.316; ImpedanceCheck; 0; 35; 500; 3.684; 
2022-03-03 13:23:36.363; ImpedanceCheck; 0; 35; 500; 3.648; 
2022-03-03 13:27:29.390; ImpedanceCheck; 0; 35; 500; 3.752; 
2022-03-03 13:28:29.405; ImpedanceCheck; 0; 35; 500; 3.648; 
2022-03-03 13:29:29.432; ImpedanceCheck; 0; 35; 500; 3.634; 
2022-03-03 13:30:29.453; ImpedanceCheck; 0; 35; 500; 3.627; 
2022-03-03 13:31:29.465; ImpedanceCheck; 0; 35; 500; 3.621; 
2022-03-03 13:32:29.475; ImpedanceCheck; 0; 35; 500; 3.621; 
2022-03-03 13:33:29.940; Monitoring; 0; 35; 500; 3.700; 
2022-03-03 13:34:29.982; Monitoring; 0; 35; 500; 3.698; 
2022-03-03 13:42:12.946; ImpedanceCheck; 0; 35; 500; 3.703; 
2022-03-03 13:43:13.266; Monitoring; 0; 35; 500; 3.690; 
2022-03-03 13:44:13.971; Monitoring; 0; 35; 500; 3.687; 
2022-03-03 13:45:14.741; Monitoring; 0; 35; 500; 3.686; 
2022-03-03 14:22:57.055; Monitoring; 0; 35; 500; 3.782; 
2022-03-03 14:23:57.802; Saving; 0; 35; 500; 3.778; 
2022-03-16 13:09:02.707; Monitoring; 0; 35; 500; 3.732; 
2022-03-16 13:10:02.747; Monitoring; 0; 35; 500; 3.710; 
2022-03-17 16:12:14.230; ImpedanceCheck; 0; 35; 500; 3.687; 
2022-03-17 16:13:14.250; ImpedanceCheck; 0; 35; 500; 3.650; 
2022-03-17 16:14:14.604; Monitoring; 0; 35; 500; 3.665; 
2022-03-17 16:15:14.652; Monitoring; 0; 35; 500; 3.663; 
2022-03-17 16:16:15.411; Monitoring; 0; 35; 500; 3.667; 
2022-03-17 16:17:15.451; Monitoring; 0; 35; 500; 3.667; 
2022-03-30 16:41:03.121; ImpedanceCheck; 0; 11; 500; 3.707; 
2022-03-30 16:42:03.192; ImpedanceCheck; 0; 11; 500; 3.703; 
2022-03-30 16:43:03.198; ImpedanceCheck; 0; 11; 500; 3.680; 
2022-03-30 16:44:03.220; ImpedanceCheck; 0; 11; 500; 3.680; 
2022-03-30 16:45:03.239; ImpedanceCheck; 0; 11; 500; 3.680; 
2022-03-30 16:46:03.285; ImpedanceCheck; 0; 11; 500; 3.680; 
2022-03-30 16:47:06.826; ImpedanceCheck; 0; 11; 500; 3.657; 
2022-03-31 10:15:29.823; Monitoring; 0; 11; 500; 3.684; 
2022-03-31 10:36:06.000; ImpedanceCheck; 0; 11; 500; 4.200; 
2022-03-31 10:37:06.016; ImpedanceCheck; 0; 11; 500; 3.700; 
2022-03-31 10:38:06.023; ImpedanceCheck; 0; 11; 500; 3.670; 
2022-03-31 10:40:21.692; ImpedanceCheck; 0; 11; 500; 3.720; 
2022-03-31 10:41:21.706; ImpedanceCheck; 0; 11; 500; 3.694; 
2022-03-31 10:42:21.713; ImpedanceCheck; 0; 11; 500; 3.693; 
2022-03-31 10:43:21.735; ImpedanceCheck; 0; 11; 500; 3.691; 
2022-03-31 10:44:21.753; ImpedanceCheck; 0; 11; 500; 3.687; 
2022-03-31 10:45:21.903; Monitoring; 0; 11; 500; 3.697; 
2022-03-31 10:46:21.981; Monitoring; 0; 11; 500; 3.697; 
2022-03-31 10:47:21.997; Saving; 0; 11; 500; 3.696; 
2022-03-31 10:48:22.019; ImpedanceCheck; 0; 11; 500; 3.687; 
2022-03-31 10:49:22.697; Monitoring; 0; 11; 500; 3.687; 
2022-03-31 10:50:22.776; Monitoring; 0; 11; 500; 3.691; 
2022-03-31 10:51:23.547; Monitoring; 0; 11; 500; 3.693; 
2022-03-31 10:52:53.934; ImpedanceCheck; 0; 11; 500; 3.707; 
2022-03-31 10:53:54.647; Monitoring; 0; 11; 500; 3.693; 
2022-03-31 10:54:55.415; Saving; 0; 11; 500; 3.691; 
2022-03-31 10:56:55.036; ImpedanceCheck; 0; 11; 500; 3.706; 
2022-03-31 10:57:55.055; ImpedanceCheck; 0; 11; 500; 3.676; 
2022-03-31 11:00:15.226; ImpedanceCheck; 0; 11; 500; 3.704; 
2022-03-31 11:01:15.252; ImpedanceCheck; 0; 11; 500; 3.680; 
2022-03-31 11:10:51.509; ImpedanceCheck; 0; 11; 500; 3.698; 
2022-03-31 12:02:20.019; ImpedanceCheck; 0; 11; 500; 3.691; 
2022-03-31 12:03:20.034; ImpedanceCheck; 0; 11; 500; 3.664; 
2022-03-31 12:04:20.058; ImpedanceCheck; 0; 11; 500; 3.657; 
2022-03-31 12:05:20.075; ImpedanceCheck; 0; 11; 500; 3.655; 
2022-03-31 12:06:20.100; ImpedanceCheck; 0; 11; 500; 3.654; 
2022-03-31 12:07:20.128; ImpedanceCheck; 0; 11; 500; 3.654; 
2022-03-31 12:08:20.130; ImpedanceCheck; 0; 11; 500; 3.645; 
2022-03-31 12:09:20.125; ImpedanceCheck; 0; 11; 500; 3.651; 
2022-03-31 12:10:20.128; ImpedanceCheck; 0; 11; 500; 3.650; 
2022-03-31 12:11:20.160; ImpedanceCheck; 0; 11; 500; 3.650; 
2022-03-31 12:12:20.177; ImpedanceCheck; 0; 11; 500; 3.648; 
2022-03-31 12:13:20.222; ImpedanceCheck; 0; 11; 500; 3.645; 
2022-03-31 12:14:20.268; ImpedanceCheck; 0; 11; 500; 3.644; 
2022-03-31 12:15:20.316; ImpedanceCheck; 0; 11; 500; 3.644; 
2022-03-31 12:16:20.316; ImpedanceCheck; 0; 11; 500; 3.642; 
2022-03-31 12:17:20.316; ImpedanceCheck; 0; 11; 500; 3.640; 
2022-03-31 12:18:20.359; ImpedanceCheck; 0; 11; 500; 3.638; 
2022-03-31 12:19:20.363; ImpedanceCheck; 0; 11; 500; 3.635; 
2022-03-31 12:20:20.412; ImpedanceCheck; 0; 11; 500; 3.634; 
2022-03-31 12:21:20.453; ImpedanceCheck; 0; 11; 500; 3.631; 
2022-03-31 14:58:44.776; ImpedanceCheck; 0; 11; 500; 3.674; 
2022-03-31 14:59:44.802; ImpedanceCheck; 0; 11; 500; 3.637; 
2022-03-31 15:00:44.829; ImpedanceCheck; 0; 11; 500; 3.625; 
2022-04-26 12:32:47.563; ImpedanceCheck; 0; 35; 500; 3.667; 
2022-04-26 12:33:47.567; ImpedanceCheck; 0; 35; 500; 3.471; 
2022-04-29 12:40:56.615; Monitoring; 0; 16; 100; 4.099; 
2022-04-29 12:41:56.626; Monitoring; 0; 16; 100; 4.099; 
2022-04-29 12:48:53.338; Monitoring; 0; 16; 100; 4.099; 
2022-04-29 12:54:48.824; Monitoring; 0; 16; 100; 4.099; 
2022-04-29 12:57:43.703; Monitoring; 0; 16; 100; 4.099; 
2022-04-29 12:58:43.721; Monitoring; 0; 16; 100; 4.099; 
2022-04-29 12:59:44.105; Monitoring; 0; 16; 100; 4.099; 
2022-04-29 13:00:44.129; Monitoring; 0; 16; 100; 4.099; 
2022-04-29 13:01:44.129; Monitoring; 0; 16; 100; 4.099; 
2022-04-29 13:02:44.508; Monitoring; 0; 16; 100; 4.099; 
2022-04-29 13:03:44.891; Monitoring; 0; 16; 100; 4.099; 
2022-04-29 13:04:45.276; Monitoring; 0; 16; 100; 4.099; 
2022-04-29 13:05:45.304; Monitoring; 0; 16; 100; 4.099; 
2022-04-29 13:06:45.687; Monitoring; 0; 16; 100; 4.099; 
2022-04-29 13:07:46.077; Monitoring; 0; 16; 100; 4.099; 
2022-04-29 13:08:46.113; Monitoring; 0; 16; 100; 4.099; 
2022-04-29 13:09:46.500; Monitoring; 0; 16; 100; 4.099; 
2022-04-29 13:10:46.922; Monitoring; 0; 16; 100; 4.099; 
2022-04-29 13:11:46.958; Monitoring; 0; 16; 100; 4.099; 
2022-04-29 13:12:47.347; Monitoring; 0; 16; 100; 4.099; 
2022-04-29 13:13:47.738; Monitoring; 0; 16; 100; 4.099; 
2022-04-29 13:14:48.131; Monitoring; 0; 16; 100; 4.099; 
2022-04-29 13:16:27.941; Monitoring; 0; 16; 100; 4.099; 
2022-04-29 13:17:27.971; Monitoring; 0; 16; 100; 4.099; 
2022-04-29 13:21:33.523; Monitoring; 0; 16; 100; 4.099; 
2022-04-29 13:22:33.603; Monitoring; 0; 16; 100; 4.099; 
2022-04-29 13:23:33.629; Monitoring; 0; 16; 100; 4.099; 
2022-04-29 13:24:33.754; Monitoring; 0; 16; 100; 4.099; 
2022-04-29 13:25:33.782; Monitoring; 0; 16; 100; 4.099; 
2022-04-29 13:26:33.795; Monitoring; 0; 16; 100; 4.099; 
2022-04-29 13:27:34.193; Monitoring; 0; 16; 100; 4.099; 
2022-04-29 13:28:34.582; Monitoring; 0; 16; 100; 4.099; 
2022-04-29 13:29:34.964; Monitoring; 0; 16; 100; 4.099; 
2022-04-29 13:30:34.994; Monitoring; 0; 16; 100; 4.099; 
2022-04-29 13:31:35.382; Monitoring; 0; 16; 100; 4.099; 
2022-04-29 13:32:35.673; Monitoring; 0; 16; 100; 4.099; 
2022-04-29 13:33:35.702; Monitoring; 0; 16; 100; 4.099; 
2022-04-29 13:34:35.731; Monitoring; 0; 16; 100; 4.099; 
2022-04-29 13:35:35.765; Monitoring; 0; 16; 100; 4.099; 
2022-04-29 13:36:35.789; Monitoring; 0; 16; 100; 4.099; 
2022-04-29 13:37:36.170; Monitoring; 0; 16; 100; 4.099; 
2022-04-29 13:38:36.553; Monitoring; 0; 16; 100; 4.099; 
2022-04-29 13:39:36.575; Monitoring; 0; 16; 100; 4.099; 
2022-04-29 13:40:36.963; Monitoring; 0; 16; 100; 4.099; 
2022-04-29 13:41:36.994; Monitoring; 0; 16; 100; 4.099; 
2022-04-29 13:42:37.383; Monitoring; 0; 16; 100; 4.099; 
2022-04-29 13:43:37.691; Monitoring; 0; 16; 100; 4.099; 
2022-04-29 13:44:38.071; Monitoring; 0; 16; 100; 4.099; 
2022-04-29 13:45:38.101; Monitoring; 0; 16; 100; 4.099; 
2022-04-29 13:46:38.488; Monitoring; 0; 16; 100; 4.099; 
2022-04-29 13:47:38.877; Monitoring; 0; 16; 100; 4.099; 
2022-04-29 13:48:38.904; Monitoring; 0; 16; 100; 4.099; 
2022-04-29 13:49:39.244; Monitoring; 0; 16; 100; 4.099; 
2022-04-29 13:50:39.567; Monitoring; 0; 16; 100; 4.099; 
2022-04-29 13:51:39.697; Monitoring; 0; 16; 100; 4.099; 
2022-04-29 13:52:39.999; Monitoring; 0; 16; 100; 4.099; 
2022-04-29 13:53:40.019; Monitoring; 0; 16; 100; 4.099; 
2022-04-29 13:54:40.044; Monitoring; 0; 16; 100; 4.099; 
2022-04-29 13:55:40.068; Monitoring; 0; 16; 100; 4.099; 
2022-04-29 13:56:40.097; Monitoring; 0; 16; 100; 4.099; 
2022-04-29 13:57:40.471; Monitoring; 0; 16; 100; 4.099; 
2022-04-29 13:58:40.502; Monitoring; 0; 16; 100; 4.099; 
2022-04-29 13:59:40.886; Monitoring; 0; 16; 100; 4.099; 
2022-04-29 14:00:41.275; Monitoring; 0; 16; 100; 4.099; 
2022-04-29 14:01:41.666; Monitoring; 0; 16; 100; 4.099; 
2022-04-29 14:02:42.062; Monitoring; 0; 16; 100; 4.099; 
2022-04-29 14:03:42.090; Monitoring; 0; 16; 100; 4.099; 
2022-04-29 14:04:42.473; Monitoring; 0; 16; 100; 4.099; 
2022-04-29 14:05:42.859; Monitoring; 0; 16; 100; 4.099; 
2022-04-29 14:06:42.885; Monitoring; 0; 16; 100; 4.099; 
2022-04-29 14:07:43.266; Monitoring; 0; 16; 100; 4.099; 
2022-04-29 14:08:43.652; Monitoring; 0; 16; 100; 4.099; 
2022-04-29 14:09:43.682; Monitoring; 0; 16; 100; 4.099; 
2022-04-29 14:10:44.063; Monitoring; 0; 16; 100; 4.099; 
2022-04-29 14:11:44.093; Monitoring; 0; 16; 100; 4.099; 
2022-04-29 14:12:44.480; Monitoring; 0; 16; 100; 4.099; 
2022-04-29 14:51:26.679; Monitoring; 0; 16; 100; 4.099; 
2022-04-29 14:52:26.715; Monitoring; 0; 16; 100; 4.099; 
2022-04-29 14:53:26.750; Monitoring; 0; 16; 100; 4.099; 
2022-04-29 14:54:26.783; Monitoring; 0; 16; 100; 4.099; 
2022-04-29 14:55:27.174; Monitoring; 0; 16; 100; 4.099; 
2022-04-29 14:56:27.566; Monitoring; 0; 16; 100; 4.099; 
2022-04-29 14:57:27.599; Monitoring; 0; 16; 100; 4.099; 
2022-04-29 14:58:27.773; Monitoring; 0; 16; 100; 4.099; 
2022-04-29 14:59:27.804; Monitoring; 0; 16; 100; 4.099; 
2022-04-29 15:00:27.841; Monitoring; 0; 16; 100; 4.099; 
2022-04-29 15:01:27.880; Monitoring; 0; 16; 100; 4.099; 
2022-04-29 15:02:28.272; Monitoring; 0; 16; 100; 4.099; 
2022-04-29 15:03:28.304; Monitoring; 0; 16; 100; 4.099; 
2022-04-29 15:04:28.544; Monitoring; 0; 16; 100; 4.099; 
2022-04-29 15:05:28.586; Monitoring; 0; 16; 100; 4.099; 
2022-04-29 15:06:28.622; Monitoring; 0; 16; 100; 4.099; 
2022-04-29 15:07:28.658; Monitoring; 0; 16; 100; 4.099; 
2022-04-29 15:08:28.695; Monitoring; 0; 16; 100; 4.099; 
2022-04-29 15:09:29.081; Monitoring; 0; 16; 100; 4.099; 
2022-04-29 15:10:29.465; Monitoring; 0; 16; 100; 4.099; 
2022-04-29 15:11:29.855; Monitoring; 0; 16; 100; 4.099; 
2022-04-29 15:12:29.892; Monitoring; 0; 16; 100; 4.099; 
2022-04-29 15:13:30.280; Monitoring; 0; 16; 100; 4.099; 
2022-04-29 15:14:54.700; ImpedanceCheck; 0; 16; 100; 4.099; 
2022-04-29 15:38:50.570; Monitoring; 0; 16; 100; 4.099; 
2022-04-29 15:42:53.983; Monitoring; 0; 16; 100; 4.099; 
2022-04-29 15:53:26.240; Monitoring; 0; 16; 100; 4.099; 
2022-04-29 15:56:21.135; Monitoring; 0; 16; 100; 4.099; 
2022-04-29 16:13:13.140; Monitoring; 0; 16; 100; 4.099; 
2022-04-29 16:14:19.081; Monitoring; 0; 16; 100; 4.099; 
2022-04-29 16:15:19.149; Monitoring; 0; 16; 100; 4.099; 
2022-04-29 16:33:10.156; Monitoring; 0; 16; 100; 4.099; 
2022-04-29 16:34:30.177; Monitoring; 0; 16; 100; 4.099; 
2022-04-29 16:36:25.132; Monitoring; 0; 16; 100; 4.099; 
2022-04-29 16:46:22.217; Monitoring; 0; 16; 100; 4.099; 
2022-04-29 16:48:41.546; Monitoring; 0; 16; 100; 4.099; 
2022-04-29 16:50:04.462; Monitoring; 0; 16; 100; 4.099; 
2022-05-04 15:53:07.101; Monitoring; 0; 35; 500; 3.888; 
2022-05-04 15:54:07.134; Monitoring; 0; 35; 500; 3.861; 
2022-05-04 15:55:07.904; Monitoring; 0; 35; 500; 3.859; 
2022-05-04 15:56:07.907; Monitoring; 0; 35; 500; 3.855; 
2022-05-13 12:09:11.719; Monitoring; 0; 35; 500; 3.829; 
2022-05-13 12:10:39.230; Monitoring; 0; 32; 1000; 3.806; 
2022-05-13 12:11:39.969; Monitoring; 0; 32; 1000; 3.799; 
2022-05-13 12:12:39.971; Monitoring; 0; 32; 1000; 3.799; 
2022-05-13 12:13:40.746; Saving; 0; 32; 1000; 3.793; 
2022-05-13 12:14:40.765; Saving; 0; 32; 1000; 3.792; 
2022-05-13 12:17:10.098; Monitoring; 0; 32; 1000; 3.803; 
2022-05-13 12:18:10.090; Saving; 2; 32; 1000; 3.786; 
2022-05-13 12:19:10.897; Saving; 2; 32; 1000; 3.780; 
2022-05-13 12:23:28.078; Monitoring; 0; 32; 1000; 3.775; 
2022-05-13 12:25:18.252; Monitoring; 0; 32; 1000; 3.782; 
2022-05-13 12:26:19.029; Saving; 2; 32; 1000; 3.772; 
2022-05-13 12:27:19.079; Saving; 2; 32; 1000; 3.769; 
2022-05-16 10:48:51.707; Monitoring; 0; 19; 250; 3.770; 
2022-05-16 11:15:06.822; Monitoring; 0; 19; 250; 3.753; 
2022-05-16 11:16:06.823; Monitoring; 0; 35; 250; 3.740; 
2022-05-16 14:27:23.967; ImpedanceCheck; 0; 35; 250; 3.746; 
2022-05-16 14:28:23.989; ImpedanceCheck; 0; 35; 250; 3.739; 
2022-05-16 14:29:24.015; ImpedanceCheck; 0; 35; 250; 3.739; 
2022-05-16 14:30:24.028; ImpedanceCheck; 0; 35; 250; 3.737; 
2022-05-16 14:31:24.043; ImpedanceCheck; 0; 35; 250; 3.736; 
2022-05-16 14:32:24.067; ImpedanceCheck; 0; 35; 250; 3.737; 
2022-05-16 14:33:24.090; ImpedanceCheck; 0; 35; 250; 3.736; 
2022-05-16 14:43:20.934; ImpedanceCheck; 0; 35; 250; 3.734; 
2022-05-16 14:44:21.619; Monitoring; 0; 35; 250; 3.717; 
2022-05-16 14:45:21.644; Monitoring; 0; 35; 250; 3.713; 
2022-05-16 14:46:21.672; Saving; 0; 35; 250; 3.711; 
2022-05-18 16:12:12.307; Monitoring; 0; 11; 500; 3.808; 
2022-05-18 16:13:12.330; Monitoring; 0; 11; 500; 3.793; 
2022-05-18 16:14:13.069; Saving; 0; 11; 500; 3.792; 
2022-05-18 16:15:13.115; Saving; 0; 11; 500; 3.789; 
2022-05-18 16:20:02.607; ImpedanceCheck; 0; 11; 500; 3.815; 
2022-05-18 16:21:02.624; ImpedanceCheck; 0; 11; 500; 3.786; 
2022-05-18 16:22:02.645; ImpedanceCheck; 0; 11; 500; 3.765; 
2022-05-18 16:23:02.640; ImpedanceCheck; 0; 11; 500; 3.762; 
2022-05-18 16:24:02.664; ImpedanceCheck; 0; 11; 500; 3.759; 
2022-05-18 16:25:02.671; ImpedanceCheck; 0; 11; 500; 3.759; 
2022-05-18 16:26:02.695; ImpedanceCheck; 0; 11; 500; 3.757; 
2022-05-18 16:27:02.718; ImpedanceCheck; 0; 11; 500; 3.753; 
2022-05-18 16:28:02.740; ImpedanceCheck; 0; 11; 500; 3.753; 
2022-05-18 16:29:02.760; ImpedanceCheck; 0; 11; 500; 3.746; 
2022-05-18 16:30:02.794; ImpedanceCheck; 0; 11; 500; 3.742; 
2022-05-18 16:31:02.811; ImpedanceCheck; 0; 11; 500; 3.742; 
2022-05-18 16:32:02.816; ImpedanceCheck; 0; 11; 500; 3.740; 
2022-05-18 16:33:02.837; ImpedanceCheck; 0; 11; 500; 3.737; 
2022-05-18 16:34:02.859; ImpedanceCheck; 0; 11; 500; 3.740; 
2022-05-18 16:35:02.881; ImpedanceCheck; 0; 11; 500; 3.730; 
2022-05-18 16:36:02.921; ImpedanceCheck; 0; 11; 500; 3.727; 
2022-05-18 16:37:02.918; ImpedanceCheck; 0; 11; 500; 3.720; 
2022-05-18 16:38:02.944; ImpedanceCheck; 0; 11; 500; 3.726; 
2022-05-18 16:39:02.971; ImpedanceCheck; 0; 11; 500; 3.721; 
2022-05-18 16:40:02.989; ImpedanceCheck; 0; 11; 500; 3.717; 
2022-05-18 16:41:03.012; ImpedanceCheck; 0; 11; 500; 3.721; 
2022-05-18 16:42:03.036; ImpedanceCheck; 0; 11; 500; 3.717; 
2022-05-18 16:43:03.063; ImpedanceCheck; 0; 11; 500; 3.717; 
2022-05-18 16:44:03.087; ImpedanceCheck; 0; 11; 500; 3.733; 
2022-05-18 16:45:03.116; ImpedanceCheck; 0; 11; 500; 3.737; 
2022-05-18 16:46:03.140; ImpedanceCheck; 0; 11; 500; 3.711; 
2022-05-18 16:47:03.164; ImpedanceCheck; 0; 11; 500; 3.709; 
2022-05-18 16:48:03.191; ImpedanceCheck; 0; 11; 500; 3.706; 
2022-05-18 16:49:03.218; ImpedanceCheck; 0; 11; 500; 3.703; 
2022-05-18 16:50:03.249; ImpedanceCheck; 0; 11; 500; 3.690; 
2022-05-18 16:51:03.271; ImpedanceCheck; 0; 11; 500; 3.680; 
2022-05-18 16:52:03.291; ImpedanceCheck; 0; 11; 500; 3.681; 
2022-05-23 10:29:19.552; Monitoring; 0; 43; 500; 4.481; 
2022-05-23 10:36:25.710; Monitoring; 0; 43; 500; 4.546; 
2022-05-23 10:37:25.744; Monitoring; 0; 43; 500; 4.427; 
2022-05-23 10:38:26.321; Saving; 0; 43; 500; 4.427; 
2022-05-23 10:40:33.654; Monitoring; 0; 43; 500; 4.525; 
2022-05-23 10:41:34.278; Monitoring; 0; 43; 500; 4.467; 
2022-05-23 10:42:41.707; Monitoring; 0; 43; 500; 4.482; 
2022-05-23 10:43:47.320; Monitoring; 0; 43; 500; 4.545; 
2022-05-23 10:44:47.960; Monitoring; 0; 43; 500; 4.481; 
2022-05-23 10:45:48.705; Monitoring; 0; 43; 500; 4.447; 
2022-05-23 10:46:49.452; Monitoring; 0; 43; 500; 4.460; 
2022-05-23 10:48:06.933; Monitoring; 0; 43; 500; 4.546; 
2022-06-02 09:33:19.146; Monitoring; 0; 32; 1000; 3.770; 
2022-06-02 09:34:19.156; Monitoring; 0; 32; 1000; 3.763; 
2022-06-02 10:54:21.782; Monitoring; 0; 32; 1000; 3.746; 
2022-06-02 10:55:22.265; Monitoring; 0; 35; 500; 3.737; 
2022-06-02 10:56:22.337; Saving; 0; 35; 500; 3.732; 
2022-06-02 10:57:22.947; Monitoring; 0; 35; 500; 3.727; 
2022-06-02 10:58:23.724; Saving; 0; 35; 500; 3.723; 
2022-06-02 11:44:46.776; Monitoring; 0; 35; 500; 3.875; 
2022-06-02 11:45:46.846; Saving; 0; 35; 500; 3.845; 
2022-06-02 11:51:30.316; Monitoring; 0; 35; 500; 3.842; 
2022-06-06 12:23:44.809; ImpedanceCheck; 0; 11; 500; 3.687; 
2022-06-06 12:24:44.794; ImpedanceCheck; 0; 11; 500; 3.648; 
2022-06-06 12:25:44.779; ImpedanceCheck; 0; 11; 500; 3.640; 
2022-06-06 12:26:56.642; ImpedanceCheck; 0; 11; 500; 3.680; 
2022-06-06 12:27:56.637; ImpedanceCheck; 0; 11; 500; 3.651; 
2022-06-06 12:28:56.619; ImpedanceCheck; 0; 11; 500; 3.650; 
2022-06-06 12:29:56.646; ImpedanceCheck; 0; 11; 500; 3.644; 
2022-06-06 12:30:56.645; ImpedanceCheck; 0; 11; 500; 3.648; 
2022-06-06 12:31:56.638; Monitoring; 0; 11; 500; 3.655; 
2022-06-06 12:32:56.655; Monitoring; 0; 11; 500; 3.660; 
2022-06-06 12:33:56.689; Saving; 0; 11; 500; 3.661; 
2022-06-06 12:35:21.702; ImpedanceCheck; 0; 11; 500; 3.697; 
2022-06-06 12:36:22.156; Monitoring; 0; 11; 500; 3.684; 
2022-06-06 12:37:22.193; Saving; 0; 11; 500; 3.681; 
2022-06-06 12:38:28.118; ImpedanceCheck; 0; 11; 500; 3.696; 
2022-06-06 12:39:28.449; Monitoring; 0; 11; 500; 3.680; 
2022-06-06 12:40:29.194; Saving; 0; 11; 500; 3.677; 
2022-06-06 12:41:29.232; Saving; 0; 11; 500; 3.678; 
2022-06-06 12:42:29.268; Saving; 0; 11; 500; 3.678; 
2022-06-06 12:43:29.264; ImpedanceCheck; 0; 11; 500; 3.664; 
2022-06-06 12:44:29.287; ImpedanceCheck; 0; 11; 500; 3.663; 
2022-06-06 12:45:29.292; ImpedanceCheck; 0; 11; 500; 3.657; 
2022-06-06 12:46:29.937; Monitoring; 0; 11; 500; 3.674; 
2022-06-06 12:47:30.732; Monitoring; 0; 11; 500; 3.676; 
2022-06-06 12:48:30.767; Monitoring; 0; 11; 500; 3.676; 
2022-06-06 12:49:30.812; Monitoring; 0; 11; 500; 3.648; 
2022-06-06 12:50:31.551; Monitoring; 0; 11; 500; 3.645; 
2022-06-06 12:51:31.572; ImpedanceCheck; 0; 11; 500; 3.641; 
2022-06-06 12:52:31.593; ImpedanceCheck; 0; 11; 500; 3.661; 
2022-06-06 12:53:32.182; Monitoring; 0; 11; 500; 3.674; 
2022-06-06 12:54:32.174; Monitoring; 0; 11; 500; 3.648; 
2022-06-06 12:55:32.173; ImpedanceCheck; 0; 11; 500; 3.638; 
2022-06-06 12:56:42.170; Monitoring; 0; 11; 500; 3.657; 
2022-06-06 12:57:42.210; Monitoring; 0; 11; 500; 3.654; 
2022-06-06 12:58:49.812; Monitoring; 0; 11; 500; 3.818; 
2022-06-06 12:59:49.900; Monitoring; 0; 11; 500; 3.795; 
2022-06-06 13:00:49.892; ImpedanceCheck; 0; 11; 500; 3.788; 
2022-06-06 13:01:49.911; ImpedanceCheck; 0; 11; 500; 3.782; 
2022-06-06 13:02:49.926; ImpedanceCheck; 0; 11; 500; 3.780; 
2022-06-06 13:03:49.949; ImpedanceCheck; 0; 11; 500; 3.780; 
2022-06-06 13:04:49.973; ImpedanceCheck; 0; 11; 500; 3.778; 
2022-06-06 13:05:49.998; ImpedanceCheck; 0; 11; 500; 3.778; 
2022-06-06 13:06:50.022; ImpedanceCheck; 0; 11; 500; 3.776; 
2022-06-06 13:07:50.044; ImpedanceCheck; 0; 11; 500; 3.775; 
2022-06-06 13:08:50.065; ImpedanceCheck; 0; 11; 500; 3.775; 
2022-07-07 14:46:16.917; ImpedanceCheck; 0; 35; 500; 3.835; 
2022-07-07 14:47:16.934; ImpedanceCheck; 0; 35; 500; 3.819; 
2022-07-07 14:48:16.943; ImpedanceCheck; 0; 35; 500; 3.819; 
2022-07-07 14:49:16.955; ImpedanceCheck; 0; 35; 500; 3.813; 
2022-07-07 14:50:16.974; ImpedanceCheck; 0; 35; 500; 3.815; 
2022-07-07 14:51:17.011; ImpedanceCheck; 0; 35; 500; 3.813; 
2022-07-07 14:52:17.026; ImpedanceCheck; 0; 35; 500; 3.811; 
2022-07-07 14:53:17.057; ImpedanceCheck; 0; 35; 500; 3.812; 
2022-07-07 14:54:17.076; ImpedanceCheck; 0; 35; 500; 3.812; 
2022-07-07 14:55:17.102; ImpedanceCheck; 0; 35; 500; 3.811; 
2022-07-07 14:56:17.124; ImpedanceCheck; 0; 35; 500; 3.808; 
2022-07-07 14:57:17.148; ImpedanceCheck; 0; 35; 500; 3.778; 
2022-07-07 14:58:43.422; ImpedanceCheck; 0; 35; 500; 3.832; 
2022-07-07 14:59:43.439; ImpedanceCheck; 0; 19; 500; 3.801; 
2022-07-07 15:00:43.463; ImpedanceCheck; 0; 19; 500; 3.798; 
2022-07-07 15:01:43.486; ImpedanceCheck; 0; 19; 500; 3.770; 
2022-07-07 15:02:43.527; ImpedanceCheck; 0; 19; 500; 3.769; 
2022-07-07 15:03:43.550; ImpedanceCheck; 0; 19; 500; 3.765; 
2022-07-07 15:04:43.575; ImpedanceCheck; 0; 19; 500; 3.762; 
2022-07-07 15:05:43.600; ImpedanceCheck; 0; 19; 500; 3.763; 
2022-07-07 15:06:43.624; ImpedanceCheck; 0; 19; 500; 3.778; 
2022-07-07 15:21:50.088; ImpedanceCheck; 0; 19; 500; 3.795; 
2022-07-07 15:22:50.100; ImpedanceCheck; 0; 19; 500; 3.756; 
2022-07-07 15:23:50.125; ImpedanceCheck; 0; 19; 500; 3.756; 
2022-07-11 10:15:18.280; ImpedanceCheck; 0; 11; 500; 3.621; 
2022-07-11 10:30:39.483; ImpedanceCheck; 0; 11; 500; 4.537; 
2022-07-11 10:31:40.014; Monitoring; 0; 11; 500; 4.513; 
2022-07-11 10:32:40.811; Monitoring; 0; 11; 500; 4.512; 
2022-07-11 10:34:09.131; ImpedanceCheck; 0; 11; 500; 4.539; 
2022-07-11 10:35:09.490; Saving; 0; 11; 500; 4.520; 
2022-07-11 10:36:26.972; ImpedanceCheck; 0; 11; 500; 4.522; 
2022-07-11 10:37:27.736; Saving; 0; 11; 500; 4.502; 
2022-07-11 10:39:03.448; ImpedanceCheck; 0; 11; 500; 4.530; 
2022-07-11 10:40:04.045; Monitoring; 0; 11; 500; 4.511; 
2022-07-11 10:47:23.594; ImpedanceCheck; 0; 11; 500; 4.518; 
2022-07-11 10:48:24.011; Saving; 0; 11; 500; 4.486; 
2022-07-21 13:42:05.592; ImpedanceCheck; 0; 35; 500; 3.782; 
2022-07-21 13:43:05.623; ImpedanceCheck; 0; 35; 500; 3.773; 
2022-07-21 13:44:06.174; Monitoring; 0; 35; 500; 3.750; 
2022-07-21 13:45:06.193; Monitoring; 0; 35; 500; 3.752; 
2022-08-04 11:37:10.103; Monitoring; 0; 35; 500; 3.723; 
2022-08-04 11:38:10.872; Monitoring; 0; 35; 500; 3.698; 
2022-08-04 11:39:10.931; Monitoring; 0; 35; 500; 3.698; 
2022-08-04 11:40:11.695; Monitoring; 0; 35; 500; 3.697; 
2022-08-04 11:41:12.443; Monitoring; 0; 35; 500; 3.701; 
2022-08-04 11:42:12.512; Monitoring; 0; 35; 500; 3.697; 
2022-08-04 11:43:13.274; Monitoring; 0; 35; 500; 3.697; 
2022-08-04 11:44:13.343; Monitoring; 0; 35; 500; 3.694; 
2022-08-04 11:45:14.097; Monitoring; 0; 35; 500; 3.697; 
2022-08-04 11:46:17.063; Monitoring; 0; 35; 500; 3.703; 
2022-08-04 11:47:17.837; Saving; 0; 35; 500; 3.697; 
2022-08-04 11:48:17.896; Saving; 0; 35; 500; 3.694; 
2022-08-04 11:54:00.083; Monitoring; 0; 35; 500; 3.714; 
2022-08-04 11:55:00.086; ImpedanceCheck; 0; 35; 500; 3.710; 
2022-08-04 11:56:00.827; ImpedanceCheck; 0; 35; 500; 3.697; 
2022-08-04 11:57:01.314; Monitoring; 0; 35; 500; 3.690; 
2022-08-04 11:58:01.380; Monitoring; 0; 35; 500; 3.691; 
2022-08-04 11:59:02.147; Monitoring; 0; 35; 500; 3.694; 
2022-08-04 12:02:04.788; ImpedanceCheck; 0; 35; 500; 3.706; 
2022-08-04 13:39:29.003; Monitoring; 0; 35; 500; 3.703; 
2022-08-04 13:40:29.761; Monitoring; 0; 35; 500; 3.687; 
2022-08-04 13:41:29.827; Monitoring; 0; 35; 500; 3.684; 
2022-08-04 13:42:30.590; Monitoring; 0; 35; 500; 3.678; 
2022-08-04 13:43:30.664; Monitoring; 0; 35; 500; 3.674; 
2022-08-04 13:44:30.665; Monitoring; 0; 35; 500; 3.673; 
2022-08-04 13:45:30.728; Monitoring; 0; 35; 500; 3.674; 
2022-08-04 13:46:31.503; Monitoring; 0; 35; 500; 3.674; 
2022-08-04 13:47:32.274; Monitoring; 0; 35; 500; 3.674; 
2022-08-04 13:48:32.272; Monitoring; 0; 35; 500; 3.677; 
2022-08-04 15:25:42.765; Monitoring; 0; 35; 500; 3.739; 
2022-08-04 15:27:28.628; Monitoring; 0; 8; 500; 4.561; 
2022-08-04 15:28:29.388; Monitoring; 0; 8; 500; 3.720; 
2022-08-04 15:29:30.171; Saving; 0; 8; 500; 3.720; 
2022-08-04 15:30:30.742; Monitoring; 0; 8; 500; 3.717; 
2022-08-04 15:31:31.530; Saving; 0; 8; 500; 3.703; 
2022-08-11 14:17:44.412; Test signal; 0; 35; 500; 3.674; 
2022-08-11 14:18:44.730; Monitoring; 0; 35; 500; 3.638; 
2022-08-11 14:19:44.734; Monitoring; 0; 35; 500; 3.634; 
2022-08-11 14:20:45.493; Monitoring; 0; 35; 500; 3.635; 
2022-08-11 14:21:45.553; Monitoring; 0; 35; 500; 3.632; 
2022-08-11 14:23:04.491; Monitoring; 0; 35; 500; 3.654; 
2022-08-18 12:53:55.944; Monitoring; 0; 31; 1000; 3.648; 
2022-08-18 12:54:56.659; Monitoring; 0; 35; 500; 3.644; 
2022-08-18 12:55:56.723; Monitoring; 0; 35; 500; 3.644; 
2022-08-18 13:02:32.479; Monitoring; 0; 35; 500; 3.782; 
2022-08-18 13:03:33.242; Saving; 0; 35; 500; 3.775; 
2022-08-18 13:11:50.792; Monitoring; 0; 35; 500; 3.665; 
2022-08-18 13:12:50.857; Saving; 0; 35; 500; 3.638; 
2022-08-18 13:20:03.026; Monitoring; 0; 35; 500; 3.668; 
2022-08-18 13:21:03.089; Monitoring; 0; 35; 500; 3.645; 
2022-08-18 13:22:03.859; Saving; 0; 35; 500; 3.645; 
2022-08-18 13:23:04.623; Saving; 0; 35; 500; 3.644; 
2022-08-18 13:24:44.874; Monitoring; 0; 35; 500; 3.642; 
2022-08-18 13:28:15.083; ImpedanceCheck; 0; 35; 500; 3.631; 
2022-08-18 13:29:15.101; ImpedanceCheck; 0; 35; 500; 3.599; 
2022-08-18 13:30:15.105; ImpedanceCheck; 0; 35; 500; 3.588; 
2022-08-18 13:31:17.830; ImpedanceCheck; 0; 11; 500; 3.625; 
2022-08-18 13:32:18.575; Monitoring; 0; 11; 500; 3.607; 
2022-08-18 13:33:19.356; Saving; 0; 11; 500; 3.605; 
2022-08-18 13:34:44.100; ImpedanceCheck; 0; 11; 500; 3.645; 
2022-08-18 13:35:44.428; Saving; 0; 11; 500; 3.628; 
2022-08-18 13:39:07.210; Monitoring; 0; 35; 500; 3.644; 
2022-08-18 13:40:07.712; Saving; 0; 35; 500; 3.621; 
2022-08-23 15:42:05.006; ImpedanceCheck; 0; 35; 500; 3.641; 
2022-08-23 15:43:05.031; ImpedanceCheck; 0; 35; 500; 3.630; 
2022-08-23 15:44:05.052; ImpedanceCheck; 0; 35; 500; 3.621; 
2022-08-23 15:45:05.069; ImpedanceCheck; 0; 35; 500; 3.618; 
2022-08-23 15:46:23.689; ImpedanceCheck; 0; 35; 500; 3.614; 
2022-08-23 15:47:31.091; ImpedanceCheck; 0; 35; 500; 3.609; 
2022-08-23 15:48:31.648; Saving; 0; 35; 500; 3.585; 
2022-08-23 16:03:36.773; ImpedanceCheck; 0; 35; 500; 3.674; 
2022-08-23 16:04:36.768; ImpedanceCheck; 0; 35; 500; 3.663; 
2022-08-30 11:24:24.658; ImpedanceCheck; 0; 11; 500; 3.903; 
2022-08-30 11:25:24.685; ImpedanceCheck; 0; 11; 500; 3.861; 
2022-08-30 11:26:24.706; ImpedanceCheck; 0; 19; 500; 3.851; 
2022-08-30 11:34:39.487; ImpedanceCheck; 0; 19; 500; 3.842; 
2022-08-30 11:47:10.341; ImpedanceCheck; 0; 19; 500; 3.849; 
2022-08-30 11:48:10.342; ImpedanceCheck; 0; 19; 500; 3.812; 
2022-08-30 11:49:10.487; Monitoring; 0; 19; 500; 3.825; 
2022-08-30 11:50:11.213; Monitoring; 0; 19; 500; 3.825; 
2022-08-30 11:51:11.215; Saving; 0; 19; 500; 3.822; 
2022-08-30 11:52:11.990; Saving; 0; 19; 500; 3.822; 
2022-08-30 11:53:12.047; Saving; 0; 19; 500; 3.819; 
2022-08-30 12:01:12.521; ImpedanceCheck; 0; 19; 500; 3.828; 
2022-08-30 12:02:12.527; Monitoring; 0; 19; 500; 3.808; 
2022-08-30 12:03:12.599; Saving; 0; 19; 500; 3.805; 
2022-08-31 11:07:11.425; ImpedanceCheck; 0; 35; 500; 3.911; 
2022-08-31 11:08:11.460; ImpedanceCheck; 0; 35; 500; 3.868; 
2022-08-31 12:03:02.820; Monitoring; 0; 35; 500; 3.908; 
2022-08-31 12:04:03.580; Saving; 0; 35; 500; 3.884; 
2022-08-31 12:05:03.664; Monitoring; 0; 35; 500; 3.882; 
2022-08-31 13:01:25.659; Monitoring; 0; 35; 500; 3.661; 
2022-08-31 13:02:25.744; Saving; 0; 35; 500; 3.634; 
2022-09-07 15:00:57.965; Monitoring; 0; 8; 500; 4.560; 
2022-09-07 15:01:58.008; Monitoring; 0; 8; 500; 4.487; 
2022-09-07 15:02:58.772; Monitoring; 0; 8; 500; 4.492; 
2022-09-07 15:03:58.836; Monitoring; 0; 8; 500; 4.475; 
2022-09-07 15:04:59.595; Monitoring; 0; 8; 500; 4.485; 
2022-09-07 15:12:33.740; Monitoring; 0; 8; 500; 4.474; 
2022-09-07 15:13:33.797; Monitoring; 0; 8; 500; 4.472; 
2022-09-07 15:14:34.575; Saving; 0; 8; 500; 4.465; 
2022-09-07 15:15:45.578; Monitoring; 0; 8; 500; 4.485; 
2022-09-07 15:16:46.376; Saving; 0; 8; 500; 4.480; 
2022-09-08 11:58:29.592; ImpedanceCheck; 0; 35; 500; 3.795; 
2022-09-20 15:46:20.826; ImpedanceCheck; 0; 35; 500; 3.767; 
2022-09-20 15:47:20.829; ImpedanceCheck; 0; 35; 500; 3.757; 
2022-09-20 15:48:20.824; ImpedanceCheck; 0; 35; 500; 3.756; 
2022-09-20 15:49:21.007; Test signal; 0; 35; 500; 3.742; 
2022-09-20 15:50:21.769; Test signal; 0; 35; 500; 3.740; 
2022-10-28 12:23:21.808; ImpedanceCheck; 0; 35; 500; 3.793; 
2022-10-28 12:24:21.828; ImpedanceCheck; 0; 35; 500; 3.783; 
2022-10-31 10:58:48.727; Monitoring; 0; 35; 500; 3.792; 
2022-10-31 10:59:48.734; Monitoring; 0; 35; 500; 3.780; 
2022-10-31 11:00:49.492; Monitoring; 0; 35; 500; 3.776; 
2022-10-31 11:01:49.499; Monitoring; 0; 35; 500; 3.776; 
2022-10-31 11:02:50.254; Monitoring; 0; 35; 500; 3.770; 
2022-10-31 11:03:50.315; Monitoring; 0; 35; 500; 3.769; 
2022-10-31 11:04:51.091; Monitoring; 0; 35; 500; 3.759; 
2022-10-31 11:05:51.125; Saving; 0; 35; 500; 3.759; 
2022-10-31 11:06:51.889; Saving; 0; 35; 500; 3.757; 
2022-10-31 11:07:52.656; Saving; 0; 35; 500; 3.750; 
2022-11-07 15:35:19.441; Monitoring; 6; 67; 500; 4.200; 
2022-11-07 15:36:17.687; Monitoring; 0; 67; 500; 4.200; 
2022-11-07 15:37:18.345; Monitoring; 0; 67; 500; 3.663; 
2022-11-07 15:38:19.255; Monitoring; 3; 67; 500; 3.663; 
2022-11-07 15:39:19.712; Monitoring; 0; 67; 500; 3.663; 
2022-11-07 15:40:19.731; Monitoring; 3; 67; 500; 3.663; 
2022-11-07 15:41:20.482; Monitoring; 0; 67; 500; 3.650; 
2022-11-07 15:42:38.010; Monitoring; 0; 67; 500; 3.660; 
2022-11-07 15:43:38.035; Saving; 0; 67; 500; 3.641; 
2022-11-07 15:45:02.951; Monitoring; 0; 67; 500; 3.650; 
2022-11-07 15:46:03.531; Saving; 0; 67; 500; 3.650; 
2022-11-21 11:32:50.461; Monitoring; 0; 35; 500; 3.898; 
2022-11-21 11:33:50.468; ImpedanceCheck; 0; 35; 500; 3.888; 
2022-11-21 11:34:50.459; ImpedanceCheck; 0; 35; 500; 3.884; 
2022-11-21 11:35:50.495; ImpedanceCheck; 0; 35; 500; 3.882; 
2022-11-21 11:36:50.687; Monitoring; 0; 35; 500; 3.861; 
2022-11-21 11:37:50.747; Monitoring; 0; 35; 500; 3.861; 
2022-11-21 12:03:15.013; ImpedanceCheck; 0; 35; 500; 3.851; 
2022-11-21 12:04:15.031; ImpedanceCheck; 0; 35; 500; 3.842; 
2022-11-21 12:06:37.750; ImpedanceCheck; 0; 35; 500; 3.842; 
2022-11-21 12:07:38.230; Monitoring; 0; 35; 500; 3.823; 
2022-11-21 12:09:20.134; ImpedanceCheck; 0; 35; 500; 3.838; 
2022-11-21 12:10:20.230; Monitoring; 0; 35; 500; 3.818; 
2022-11-28 15:02:49.756; Monitoring; 0; 35; 250; 3.812; 
2022-11-30 10:02:27.967; Monitoring; 0; 35; 500; 3.796; 
2022-11-30 10:40:09.056; Monitoring; 0; 35; 500; 3.763; 
2022-11-30 10:41:09.809; Monitoring; 0; 35; 500; 3.753; 
2022-11-30 10:42:10.569; Monitoring; 0; 35; 500; 3.752; 
2022-11-30 10:43:47.791; Monitoring; 0; 35; 500; 3.765; 
2022-12-19 11:27:40.888; Test signal; 0; 67; 500; 3.618; 
2022-12-19 11:28:41.647; Test signal; 0; 67; 500; 3.601; 
2022-12-19 11:29:41.658; Test signal; 0; 67; 500; 3.601; 
2022-12-19 11:30:55.688; Monitoring; 0; 67; 500; 3.605; 
2022-12-19 11:31:55.752; Monitoring; 0; 67; 500; 3.595; 
2022-12-19 11:32:56.520; Monitoring; 0; 67; 500; 3.592; 
2022-12-19 11:33:57.272; Monitoring; 0; 67; 500; 3.588; 
2022-12-19 11:34:57.335; Saving; 0; 67; 500; 3.588; 
2022-12-19 11:35:57.489; Saving Test signal; 0; 67; 500; 3.700; 
2022-12-19 11:45:56.494; Test signal; 0; 67; 500; 3.614; 
2022-12-19 11:46:56.565; Saving Test signal; 0; 67; 500; 3.596; 
2022-12-19 11:55:59.443; Monitoring; 0; 43; 500; 4.482; 
2022-12-19 11:57:00.193; Monitoring; 0; 43; 500; 4.425; 
2022-12-19 11:58:00.594; Monitoring; 0; 43; 500; 3.663; 
2022-12-19 11:59:01.116; Test signal; 0; 43; 500; 4.421; 
2022-12-19 12:00:01.880; Test signal; 0; 43; 500; 4.416; 
2022-12-19 12:01:02.660; Test signal; 0; 43; 500; 4.412; 
2022-12-19 12:02:02.711; Test signal; 0; 43; 500; 4.415; 
2022-12-19 12:03:03.475; Test signal; 0; 43; 500; 4.414; 
2022-12-19 12:04:04.244; Test signal; 0; 43; 500; 4.447; 
2022-12-19 12:05:04.295; Test signal; 0; 43; 500; 3.668; 
2022-12-19 12:06:05.049; Test signal; 0; 43; 500; 3.657; 
2022-12-19 12:07:17.196; Test signal; 0; 43; 500; 4.447; 
2022-12-19 12:08:17.295; Test signal; 0; 43; 500; 4.421; 
2022-12-19 12:15:40.054; Test signal; 0; 43; 500; 4.497; 
2022-12-19 12:16:40.506; Monitoring; 0; 43; 500; 4.407; 
2022-12-19 12:17:40.818; Test signal; 0; 43; 500; 4.414; 
2022-12-19 12:18:40.855; Test signal; 0; 43; 500; 4.415; 
2022-12-19 12:19:41.603; Test signal; 0; 43; 500; 4.407; 
2022-12-19 12:20:42.367; Test signal; 0; 43; 500; 4.421; 
2022-12-19 12:21:42.413; Test signal; 0; 43; 500; 4.407; 
2022-12-19 12:22:42.461; Test signal; 0; 43; 500; 4.401; 
2022-12-19 12:37:28.162; Test signal; 0; 43; 500; 4.494; 
2022-12-19 12:39:54.017; Test signal; 0; 43; 500; 4.489; 
2022-12-19 12:43:55.311; Test signal; 0; 43; 500; 4.475; 
2022-12-19 12:44:55.810; Monitoring; 0; 43; 500; 4.401; 
2022-12-19 12:45:55.807; Monitoring; 5; 43; 500; 4.433; 
2022-12-19 12:47:03.152; Monitoring; 0; 43; 500; 4.486; 
2022-12-19 12:48:03.921; Monitoring; 2; 43; 500; 4.436; 
2022-12-19 12:59:32.390; Monitoring; 0; 35; 500; 3.677; 
2022-12-19 13:00:32.771; Monitoring; 0; 35; 500; 3.661; 
2022-12-19 13:02:18.393; Monitoring; 0; 35; 500; 3.664; 
2022-12-19 13:03:18.393; Monitoring; 0; 35; 500; 3.650; 
2022-12-19 13:04:19.142; Monitoring; 0; 35; 500; 3.651; 
2022-12-19 13:12:11.092; Monitoring; 0; 43; 500; 4.489; 
2022-12-19 13:13:11.130; Monitoring; 0; 43; 500; 4.429; 
2022-12-19 13:14:11.891; Monitoring; 0; 43; 500; 4.434; 
2022-12-19 13:15:11.948; Monitoring; 0; 43; 500; 4.429; 
2022-12-19 13:16:12.698; Monitoring; 0; 43; 500; 4.416; 
2022-12-19 13:17:12.758; Monitoring; 0; 43; 500; 4.427; 
2022-12-19 13:18:13.569; Monitoring; 0; 43; 500; 4.415; 
2022-12-19 13:19:14.278; Monitoring; 0; 43; 500; 4.395; 
2022-12-19 13:20:14.317; Monitoring; 0; 43; 500; 4.415; 
2022-12-19 13:21:14.359; Monitoring; 0; 43; 500; 4.420; 
2022-12-19 13:22:15.114; Monitoring; 0; 43; 500; 4.422; 
2022-12-19 13:23:15.167; Monitoring; 0; 43; 500; 4.406; 
2022-12-19 13:24:15.885; Monitoring; 0; 43; 500; 4.414; 
2022-12-19 13:25:15.945; Monitoring; 1; 43; 500; 4.421; 
2022-12-19 13:42:53.435; Monitoring; 0; 43; 500; 4.471; 
2022-12-19 13:48:21.230; Monitoring; 0; 43; 500; 4.402; 
2022-12-19 13:49:21.286; Monitoring; 3; 43; 500; 4.422; 
2022-12-19 13:50:22.050; Monitoring; 3; 43; 500; 4.410; 
2022-12-19 13:51:22.817; Monitoring; 3; 43; 500; 4.392; 
2022-12-19 13:52:22.880; Monitoring; 3; 43; 500; 4.407; 
2022-12-19 13:53:23.645; Monitoring; 3; 43; 500; 4.416; 
2022-12-19 13:54:23.705; Monitoring; 3; 43; 500; 4.407; 
2022-12-19 13:55:24.475; Monitoring; 3; 43; 500; 4.412; 
2022-12-19 13:56:25.226; Monitoring; 3; 43; 500; 4.410; 
2022-12-19 13:57:25.283; Monitoring; 3; 43; 500; 4.409; 
2022-12-19 14:12:16.664; Test signal; 0; 43; 500; 4.407; 
2022-12-19 14:13:16.768; Saving Test signal; 0; 43; 500; 4.401; 
2022-12-19 14:15:01.339; Monitoring; 0; 35; 500; 3.680; 
2022-12-19 16:01:29.144; Monitoring; 0; 43; 500; 4.510; 
2022-12-19 16:02:29.901; Saving; 0; 43; 500; 4.395; 
2022-12-19 16:16:29.052; ImpedanceCheck; 0; 67; 500; 3.668; 
2022-12-19 16:17:29.076; ImpedanceCheck; 0; 67; 500; 3.434; 
2022-12-19 16:18:29.077; Saving; 0; 67; 500; 3.625; 
2022-12-19 16:19:29.822; Saving; 0; 67; 500; 3.625; 
2022-12-19 16:20:29.877; Saving; 0; 67; 500; 3.621; 
2022-12-19 16:21:29.882; ImpedanceCheck; 0; 67; 500; 3.433; 
2022-12-19 16:22:29.901; ImpedanceCheck; 0; 67; 500; 3.467; 
2022-12-19 16:26:54.618; ImpedanceCheck; 0; 35; 500; 3.663; 
2022-12-19 16:27:54.647; ImpedanceCheck; 0; 35; 500; 3.608; 
2022-12-19 16:28:54.676; ImpedanceCheck; 0; 35; 500; 3.601; 
2022-12-19 16:29:54.687; ImpedanceCheck; 0; 35; 500; 3.601; 
2023-01-04 13:58:24.254; ImpedanceCheck; 0; 35; 500; 3.890; 
2023-01-04 13:59:24.298; ImpedanceCheck; 0; 35; 500; 3.842; 
2023-01-04 14:00:24.303; ImpedanceCheck; 0; 35; 500; 3.835; 
2023-01-04 14:01:24.347; Monitoring; 0; 35; 500; 3.854; 
2023-01-04 14:02:24.351; Monitoring; 0; 35; 500; 3.845; 
2023-01-04 14:38:00.007; ImpedanceCheck; 0; 35; 500; 3.805; 
2023-01-04 14:39:00.417; Monitoring; 0; 35; 500; 3.786; 
2023-01-04 14:49:48.744; ImpedanceCheck; 0; 35; 500; 3.782; 
2023-01-04 14:50:48.774; ImpedanceCheck; 0; 35; 500; 3.733; 
2023-01-04 14:51:48.787; ImpedanceCheck; 0; 35; 500; 3.740; 
2023-01-04 15:35:19.105; ImpedanceCheck; 0; 35; 500; 3.726; 
2023-01-04 15:36:19.134; ImpedanceCheck; 0; 35; 500; 3.680; 
2023-01-04 15:37:19.301; Monitoring; 0; 35; 500; 3.697; 
2023-01-04 15:38:19.327; Saving; 0; 35; 500; 3.693; 
2023-01-04 15:51:57.778; ImpedanceCheck; 0; 35; 500; 3.711; 
2023-01-04 15:52:57.803; ImpedanceCheck; 0; 35; 500; 3.667; 
2023-01-04 15:53:57.802; ImpedanceCheck; 0; 35; 500; 3.664; 
2023-01-04 15:54:58.093; Monitoring; 0; 35; 500; 3.686; 
2023-01-04 15:55:58.860; Saving; 0; 35; 500; 3.678; 
2023-01-04 15:57:06.728; ImpedanceCheck; 0; 35; 500; 3.704; 
2023-01-04 15:58:07.400; Monitoring; 0; 35; 500; 3.680; 
2023-01-13 12:30:03.057; ImpedanceCheck; 0; 35; 500; 3.631; 
2023-01-13 12:31:03.060; ImpedanceCheck; 0; 35; 500; 4.393; 
2023-01-13 12:32:03.548; Monitoring; 0; 35; 500; 4.451; 
2023-01-13 12:33:04.296; Monitoring; 0; 35; 500; 4.447; 
2023-01-13 12:34:04.351; Saving; 0; 35; 500; 4.449; 
2023-01-27 14:26:13.569; Monitoring; 0; 35; 500; 3.668; 
2023-01-27 14:27:13.638; Monitoring; 0; 35; 500; 3.663; 
2023-01-27 14:28:13.638; Monitoring; 0; 35; 500; 3.655; 
2023-02-09 11:10:34.884; Test signal; 0; 35; 500; 3.861; 
2023-02-09 11:15:04.231; Test signal; 0; 35; 500; 3.838; 
2023-02-09 11:16:04.302; Test signal; 0; 35; 500; 3.832; 
2023-02-09 11:18:20.025; Test signal; 0; 35; 500; 3.842; 
2023-02-09 11:19:20.061; Test signal; 0; 35; 500; 3.823; 
2023-02-09 11:20:20.806; Test signal; 0; 35; 500; 3.819; 
2023-02-09 11:21:20.850; Test signal; 0; 35; 500; 3.816; 
2023-02-09 11:22:20.886; Test signal; 0; 35; 500; 3.812; 
2023-02-09 11:23:21.633; Test signal; 0; 35; 500; 3.811; 
2023-02-09 11:24:21.674; Test signal; 0; 35; 500; 3.811; 
2023-02-09 11:25:22.422; Test signal; 0; 35; 500; 3.808; 
2023-02-09 11:26:22.469; Test signal; 0; 35; 500; 3.803; 
2023-02-09 11:27:23.217; Test signal; 0; 35; 500; 3.803; 
2023-02-09 11:28:23.256; Test signal; 0; 35; 500; 3.802; 
2023-02-09 11:29:24.019; Test signal; 0; 35; 500; 3.799; 
2023-02-09 11:30:24.063; Test signal; 0; 35; 500; 3.798; 
2023-02-09 11:31:24.813; Test signal; 0; 35; 500; 3.796; 
2023-02-09 11:32:24.853; Test signal; 0; 35; 500; 3.789; 
2023-02-09 11:33:25.599; Test signal; 0; 35; 500; 3.792; 
2023-02-09 11:34:25.644; Test signal; 0; 35; 500; 3.789; 
2023-02-09 11:35:26.386; Test signal; 0; 35; 500; 3.792; 
2023-02-09 11:36:26.423; Test signal; 0; 35; 500; 3.789; 
2023-02-09 11:37:26.451; Test signal; 0; 35; 500; 3.783; 
2023-02-09 11:38:27.200; Test signal; 0; 35; 500; 3.786; 
2023-02-09 11:39:27.254; Test signal; 0; 35; 500; 3.782; 
2023-02-09 11:40:28.002; Test signal; 0; 35; 500; 3.782; 
2023-02-09 11:41:28.766; Test signal; 0; 35; 500; 3.779; 
2023-03-10 13:19:26.326; Monitoring; 0; 35; 500; 3.865; 
2023-03-10 13:20:26.369; Monitoring; 0; 35; 500; 3.845; 
2023-03-10 13:21:26.418; Monitoring; 0; 35; 500; 3.842; 
2023-04-04 11:15:12.161; ImpedanceCheck; 0; 35; 500; 3.780; 
2023-04-04 11:16:12.566; Monitoring; 0; 35; 500; 3.756; 
2023-04-04 11:17:13.309; Monitoring; 0; 35; 500; 3.746; 
2023-04-04 11:18:46.756; ImpedanceCheck; 0; 35; 500; 3.772; 
2023-04-04 11:19:47.161; Monitoring; 0; 35; 500; 3.750; 
2023-04-04 11:21:03.251; ImpedanceCheck; 0; 35; 500; 3.769; 
2023-04-04 11:22:03.686; Monitoring; 0; 35; 500; 3.743; 
2023-04-04 11:25:54.389; ImpedanceCheck; 0; 35; 500; 3.765; 
2023-04-27 15:07:38.796; ImpedanceCheck; 0; 19; 500; 3.703; 
2023-04-27 15:08:39.422; Monitoring; 0; 19; 500; 3.687; 
2023-04-27 15:09:39.465; Saving; 0; 19; 500; 3.684; 
2023-04-27 15:11:43.020; ImpedanceCheck; 0; 19; 500; 3.703; 
2023-04-27 15:12:43.060; ImpedanceCheck; 0; 19; 500; 3.690; 
2023-04-27 15:13:43.078; ImpedanceCheck; 0; 19; 500; 3.697; 
2023-04-27 15:14:43.360; Saving; 0; 19; 500; 3.684; 
2023-05-12 09:04:44.620; Monitoring; 0; 35; 250; 3.776; 
2023-05-12 09:05:44.640; Monitoring; 0; 35; 250; 3.756; 
2023-05-12 09:06:44.665; Monitoring; 0; 35; 250; 3.753; 
2023-05-12 09:07:44.685; Saving; 0; 35; 250; 3.756; 
2023-05-12 09:08:45.358; Monitoring; 0; 35; 250; 3.753; 
2023-05-12 09:13:38.625; ImpedanceCheck; 0; 35; 500; 3.762; 
2023-05-12 09:14:38.654; ImpedanceCheck; 0; 35; 500; 3.703; 
2023-05-12 09:16:26.465; ImpedanceCheck; 0; 35; 500; 3.753; 
2023-05-12 09:17:26.902; Monitoring; 0; 35; 500; 3.721; 
2023-05-12 09:18:26.908; Saving; 0; 35; 500; 3.717; 
2023-05-12 09:25:42.174; Monitoring; 0; 43; 500; 4.502; 
2023-05-12 09:26:42.917; Monitoring; 0; 43; 500; 4.415; 
2023-05-12 09:27:42.960; Saving; 0; 43; 500; 4.392; 
2023-05-12 09:28:43.699; Saving; 0; 43; 500; 4.418; 
2023-05-12 09:31:07.676; Monitoring; 0; 43; 500; 4.493; 
2023-05-12 09:32:08.444; Monitoring; 0; 43; 500; 4.407; 
2023-05-12 09:39:58.966; Monitoring; 0; 43; 500; 4.506; 
2023-05-12 09:40:59.691; Monitoring; 0; 43; 500; 4.407; 
2023-05-12 12:24:05.504; ImpedanceCheck; 0; 35; 500; 3.648; 
2023-05-12 12:25:06.121; Monitoring; 0; 35; 500; 3.615; 
2023-05-12 12:26:24.006; ImpedanceCheck; 0; 35; 500; 3.638; 
2023-05-12 12:27:24.402; Monitoring; 0; 35; 500; 3.609; 
2023-05-12 12:28:25.134; Saving; 0; 35; 500; 3.607; 
2023-05-12 13:42:45.446; ImpedanceCheck; 0; 35; 500; 3.665; 
2023-05-12 13:43:45.987; Monitoring; 0; 35; 500; 3.621; 
2023-05-12 13:44:46.014; Saving; 0; 35; 500; 3.621; 
2023-05-16 15:04:13.910; ImpedanceCheck; 0; 35; 500; 3.648; 
2023-05-16 15:05:13.922; ImpedanceCheck; 0; 35; 500; 3.644; 
2023-05-16 15:06:13.928; ImpedanceCheck; 0; 35; 500; 3.640; 
2023-05-16 15:07:13.942; ImpedanceCheck; 0; 35; 500; 3.638; 
2023-05-16 15:08:13.947; ImpedanceCheck; 0; 35; 500; 3.632; 
2023-05-16 15:09:13.953; ImpedanceCheck; 0; 35; 500; 3.631; 
2023-05-16 15:10:13.954; ImpedanceCheck; 0; 35; 500; 3.627; 
2023-05-16 15:11:13.962; ImpedanceCheck; 0; 35; 500; 3.625; 
2023-05-16 15:12:14.545; Monitoring; 0; 35; 500; 3.607; 
2023-05-16 15:14:51.515; ImpedanceCheck; 0; 35; 500; 3.619; 
2023-05-16 15:15:51.523; ImpedanceCheck; 0; 35; 500; 3.608; 
2023-05-16 15:19:38.704; ImpedanceCheck; 0; 35; 500; 3.601; 
2023-05-16 15:21:24.990; ImpedanceCheck; 0; 35; 500; 3.592; 
2023-06-06 15:04:37.586; Monitoring; 0; 35; 500; 3.835; 
2023-06-06 15:05:37.677; Monitoring; 0; 35; 500; 3.812; 
2023-06-06 15:06:37.712; Saving; 0; 35; 500; 3.811; 
2023-06-06 15:07:37.787; Monitoring; 0; 35; 500; 3.803; 
2023-06-06 15:08:37.821; Monitoring; 0; 35; 500; 3.802; 
2023-06-13 09:27:43.361; Test signal; 0; 35; 500; 4.478; 
2023-06-13 09:28:43.434; Test signal; 0; 35; 500; 4.467; 
2023-06-13 09:29:43.532; Monitoring; 0; 35; 500; 4.465; 
2023-06-13 09:30:43.607; Saving; 0; 35; 500; 4.469; 
2023-06-13 09:31:43.838; Monitoring; 0; 35; 500; 3.645; 
2023-06-13 09:32:43.867; Saving; 0; 35; 500; 3.638; 
2023-06-13 09:34:36.672; Monitoring; 0; 35; 500; 3.651; 
2023-06-13 09:39:08.493; Monitoring; 0; 35; 500; 3.638; 
2023-06-13 10:16:07.794; ImpedanceCheck; 0; 35; 500; 3.602; 
2023-06-13 10:17:07.800; ImpedanceCheck; 0; 35; 500; 4.500; 
2023-06-13 10:18:08.086; Monitoring; 0; 33; 500; 4.472; 
2023-06-13 10:19:08.119; Monitoring; 0; 33; 500; 4.471; 
2023-06-13 10:22:18.376; ImpedanceCheck; 0; 33; 500; 4.498; 
2023-06-13 10:23:18.630; Monitoring; 0; 33; 500; 4.485; 
2023-06-13 10:24:18.675; Monitoring; 0; 33; 500; 4.485; 
2023-06-13 10:25:18.702; Saving; 0; 33; 500; 4.491; 
2023-06-20 08:05:44.752; Monitoring; 0; 16; 500; 4.099; 
